{"/var/www/sites/all/modules/custom/odp_react_forms/spa/app/index.js": {"path":"/var/www/sites/all/modules/custom/odp_react_forms/spa/app/index.js","statementMap":{"0":{"start":{"line":3,"column":0},"end":{"line":null,"column":-1}},"1":{"start":{"line":4,"column":0},"end":{"line":null,"column":-1}},"2":{"start":{"line":5,"column":0},"end":{"line":null,"column":-1}},"3":{"start":{"line":7,"column":0},"end":{"line":null,"column":-1}},"4":{"start":{"line":8,"column":4},"end":{"line":null,"column":-1}}},"fnMap":{"0":{"name":"(anonymous_1)","decl":{"start":{"line":7,"column":23},"end":{"line":7,"column":34}},"loc":{"start":{"line":7,"column":35},"end":{"line":7,"column":0}}}},"branchMap":{},"s":{"0":0,"1":0,"2":0,"3":0,"4":0},"f":{"0":0},"b":{}}
,"/var/www/sites/all/modules/custom/odp_react_forms/spa/app/actions/AppActions.js": {"path":"/var/www/sites/all/modules/custom/odp_react_forms/spa/app/actions/AppActions.js","statementMap":{"0":{"start":{"line":1,"column":0},"end":{"line":null,"column":-1}},"1":{"start":{"line":2,"column":0},"end":{"line":null,"column":-1}},"2":{"start":{"line":3,"column":0},"end":{"line":null,"column":-1}},"3":{"start":{"line":4,"column":0},"end":{"line":null,"column":-1}},"4":{"start":{"line":5,"column":0},"end":{"line":null,"column":-1}},"5":{"start":{"line":6,"column":0},"end":{"line":null,"column":-1}},"6":{"start":{"line":12,"column":2},"end":{"line":null,"column":-1}},"7":{"start":{"line":13,"column":4},"end":{"line":null,"column":-1}},"8":{"start":{"line":14,"column":18},"end":{"line":14,"column":4}},"9":{"start":{"line":15,"column":20},"end":{"line":15,"column":4}},"10":{"start":{"line":16,"column":4},"end":{"line":null,"column":-1}},"11":{"start":{"line":18,"column":4},"end":{"line":null,"column":-1}},"12":{"start":{"line":22,"column":12},"end":{"line":null,"column":-1}},"13":{"start":{"line":24,"column":8},"end":{"line":null,"column":-1}},"14":{"start":{"line":26,"column":8},"end":{"line":null,"column":-1}},"15":{"start":{"line":27,"column":8},"end":{"line":null,"column":-1}},"16":{"start":{"line":30,"column":8},"end":{"line":43,"column":9}},"17":{"start":{"line":30,"column":46},"end":{"line":null,"column":-1}},"18":{"start":{"line":31,"column":22},"end":{"line":31,"column":10}},"19":{"start":{"line":33,"column":10},"end":{"line":42,"column":11}},"20":{"start":{"line":34,"column":12},"end":{"line":41,"column":13}},"21":{"start":{"line":35,"column":14},"end":{"line":40,"column":15}},"22":{"start":{"line":36,"column":16},"end":{"line":39,"column":17}},"23":{"start":{"line":36,"column":46},"end":{"line":null,"column":-1}},"24":{"start":{"line":37,"column":18},"end":{"line":null,"column":-1}},"25":{"start":{"line":38,"column":18},"end":{"line":null,"column":-1}},"26":{"start":{"line":45,"column":8},"end":{"line":null,"column":-1}},"27":{"start":{"line":46,"column":8},"end":{"line":null,"column":-1}},"28":{"start":{"line":49,"column":8},"end":{"line":null,"column":-1}},"29":{"start":{"line":50,"column":8},"end":{"line":null,"column":-1}},"30":{"start":{"line":51,"column":8},"end":{"line":null,"column":-1}},"31":{"start":{"line":52,"column":8},"end":{"line":null,"column":-1}},"32":{"start":{"line":59,"column":2},"end":{"line":null,"column":-1}},"33":{"start":{"line":60,"column":16},"end":{"line":60,"column":4}},"34":{"start":{"line":61,"column":4},"end":{"line":66,"column":5}},"35":{"start":{"line":62,"column":6},"end":{"line":null,"column":-1}},"36":{"start":{"line":65,"column":6},"end":{"line":null,"column":-1}},"37":{"start":{"line":72,"column":2},"end":{"line":null,"column":-1}},"38":{"start":{"line":73,"column":4},"end":{"line":null,"column":-1}},"39":{"start":{"line":74,"column":4},"end":{"line":null,"column":-1}},"40":{"start":{"line":75,"column":20},"end":{"line":75,"column":4}},"41":{"start":{"line":76,"column":4},"end":{"line":null,"column":-1}},"42":{"start":{"line":78,"column":4},"end":{"line":null,"column":-1}},"43":{"start":{"line":82,"column":12},"end":{"line":null,"column":-1}},"44":{"start":{"line":84,"column":8},"end":{"line":null,"column":-1}},"45":{"start":{"line":85,"column":8},"end":{"line":null,"column":-1}},"46":{"start":{"line":86,"column":8},"end":{"line":null,"column":-1}},"47":{"start":{"line":87,"column":8},"end":{"line":null,"column":-1}},"48":{"start":{"line":88,"column":8},"end":{"line":null,"column":-1}},"49":{"start":{"line":89,"column":8},"end":{"line":null,"column":-1}},"50":{"start":{"line":92,"column":8},"end":{"line":null,"column":-1}},"51":{"start":{"line":93,"column":8},"end":{"line":null,"column":-1}},"52":{"start":{"line":94,"column":8},"end":{"line":null,"column":-1}},"53":{"start":{"line":95,"column":8},"end":{"line":null,"column":-1}},"54":{"start":{"line":101,"column":2},"end":{"line":null,"column":-1}},"55":{"start":{"line":108,"column":2},"end":{"line":null,"column":-1}},"56":{"start":{"line":116,"column":2},"end":{"line":null,"column":-1}},"57":{"start":{"line":124,"column":2},"end":{"line":null,"column":-1}},"58":{"start":{"line":125,"column":18},"end":{"line":125,"column":4}},"59":{"start":{"line":127,"column":4},"end":{"line":null,"column":-1}},"60":{"start":{"line":129,"column":4},"end":{"line":132,"column":5}},"61":{"start":{"line":130,"column":6},"end":{"line":null,"column":-1}},"62":{"start":{"line":131,"column":6},"end":{"line":null,"column":-1}},"63":{"start":{"line":135,"column":4},"end":{"line":145,"column":5}},"64":{"start":{"line":136,"column":27},"end":{"line":136,"column":6}},"65":{"start":{"line":137,"column":6},"end":{"line":null,"column":-1}},"66":{"start":{"line":138,"column":6},"end":{"line":null,"column":-1}},"67":{"start":{"line":139,"column":21},"end":{"line":139,"column":6}},"68":{"start":{"line":140,"column":6},"end":{"line":null,"column":-1}},"69":{"start":{"line":142,"column":12},"end":{"line":142,"column":6}},"70":{"start":{"line":143,"column":6},"end":{"line":null,"column":-1}},"71":{"start":{"line":144,"column":6},"end":{"line":null,"column":-1}},"72":{"start":{"line":147,"column":4},"end":{"line":null,"column":-1}},"73":{"start":{"line":149,"column":4},"end":{"line":null,"column":-1}},"74":{"start":{"line":150,"column":4},"end":{"line":null,"column":-1}},"75":{"start":{"line":156,"column":2},"end":{"line":null,"column":-1}},"76":{"start":{"line":164,"column":2},"end":{"line":null,"column":-1}},"77":{"start":{"line":175,"column":2},"end":{"line":null,"column":-1}},"78":{"start":{"line":176,"column":4},"end":{"line":null,"column":-1}},"79":{"start":{"line":178,"column":25},"end":{"line":178,"column":4}},"80":{"start":{"line":179,"column":4},"end":{"line":null,"column":-1}},"81":{"start":{"line":180,"column":4},"end":{"line":null,"column":-1}},"82":{"start":{"line":181,"column":4},"end":{"line":null,"column":-1}},"83":{"start":{"line":182,"column":4},"end":{"line":null,"column":-1}},"84":{"start":{"line":187,"column":2},"end":{"line":null,"column":-1}},"85":{"start":{"line":195,"column":2},"end":{"line":null,"column":-1}},"86":{"start":{"line":196,"column":4},"end":{"line":null,"column":-1}},"87":{"start":{"line":197,"column":4},"end":{"line":null,"column":-1}},"88":{"start":{"line":199,"column":4},"end":{"line":null,"column":-1}},"89":{"start":{"line":201,"column":25},"end":{"line":201,"column":4}},"90":{"start":{"line":202,"column":4},"end":{"line":null,"column":-1}},"91":{"start":{"line":203,"column":4},"end":{"line":null,"column":-1}},"92":{"start":{"line":204,"column":4},"end":{"line":null,"column":-1}},"93":{"start":{"line":205,"column":4},"end":{"line":null,"column":-1}},"94":{"start":{"line":210,"column":2},"end":{"line":null,"column":-1}},"95":{"start":{"line":218,"column":2},"end":{"line":null,"column":-1}},"96":{"start":{"line":225,"column":2},"end":{"line":null,"column":-1}},"97":{"start":{"line":234,"column":2},"end":{"line":null,"column":-1}},"98":{"start":{"line":235,"column":4},"end":{"line":null,"column":-1}},"99":{"start":{"line":236,"column":18},"end":{"line":236,"column":4}},"100":{"start":{"line":238,"column":27},"end":{"line":238,"column":4}},"101":{"start":{"line":239,"column":19},"end":{"line":239,"column":4}},"102":{"start":{"line":240,"column":27},"end":{"line":240,"column":4}},"103":{"start":{"line":241,"column":20},"end":{"line":241,"column":4}},"104":{"start":{"line":243,"column":4},"end":{"line":289,"column":5}},"105":{"start":{"line":244,"column":6},"end":{"line":null,"column":-1}},"106":{"start":{"line":247,"column":6},"end":{"line":256,"column":7}},"107":{"start":{"line":249,"column":8},"end":{"line":255,"column":9}},"108":{"start":{"line":250,"column":27},"end":{"line":250,"column":10}},"109":{"start":{"line":250,"column":57},"end":{"line":null,"column":-1}},"110":{"start":{"line":251,"column":10},"end":{"line":null,"column":-1}},"111":{"start":{"line":253,"column":33},"end":{"line":253,"column":10}},"112":{"start":{"line":254,"column":10},"end":{"line":null,"column":-1}},"113":{"start":{"line":259,"column":6},"end":{"line":262,"column":7}},"114":{"start":{"line":260,"column":26},"end":{"line":260,"column":8}},"115":{"start":{"line":260,"column":40},"end":{"line":null,"column":-1}},"116":{"start":{"line":261,"column":8},"end":{"line":null,"column":-1}},"117":{"start":{"line":265,"column":6},"end":{"line":272,"column":7}},"118":{"start":{"line":266,"column":23},"end":{"line":266,"column":8}},"119":{"start":{"line":266,"column":37},"end":{"line":null,"column":-1}},"120":{"start":{"line":268,"column":28},"end":{"line":268,"column":8}},"121":{"start":{"line":268,"column":54},"end":{"line":null,"column":-1}},"122":{"start":{"line":269,"column":8},"end":{"line":null,"column":-1}},"123":{"start":{"line":271,"column":8},"end":{"line":null,"column":-1}},"124":{"start":{"line":275,"column":6},"end":{"line":288,"column":7}},"125":{"start":{"line":277,"column":8},"end":{"line":280,"column":9}},"126":{"start":{"line":278,"column":27},"end":{"line":278,"column":10}},"127":{"start":{"line":278,"column":41},"end":{"line":null,"column":-1}},"128":{"start":{"line":279,"column":10},"end":{"line":null,"column":-1}},"129":{"start":{"line":283,"column":8},"end":{"line":287,"column":9}},"130":{"start":{"line":284,"column":26},"end":{"line":284,"column":10}},"131":{"start":{"line":284,"column":40},"end":{"line":null,"column":-1}},"132":{"start":{"line":285,"column":31},"end":{"line":285,"column":10}},"133":{"start":{"line":285,"column":58},"end":{"line":null,"column":-1}},"134":{"start":{"line":286,"column":10},"end":{"line":null,"column":-1}},"135":{"start":{"line":291,"column":4},"end":{"line":293,"column":5}},"136":{"start":{"line":292,"column":6},"end":{"line":null,"column":-1}},"137":{"start":{"line":296,"column":4},"end":{"line":298,"column":5}},"138":{"start":{"line":297,"column":6},"end":{"line":null,"column":-1}},"139":{"start":{"line":300,"column":4},"end":{"line":null,"column":-1}},"140":{"start":{"line":305,"column":2},"end":{"line":null,"column":-1}},"141":{"start":{"line":306,"column":4},"end":{"line":null,"column":-1}},"142":{"start":{"line":307,"column":18},"end":{"line":307,"column":4}},"143":{"start":{"line":309,"column":20},"end":{"line":309,"column":4}},"144":{"start":{"line":310,"column":4},"end":{"line":null,"column":-1}},"145":{"start":{"line":313,"column":4},"end":{"line":null,"column":-1}},"146":{"start":{"line":317,"column":12},"end":{"line":null,"column":-1}},"147":{"start":{"line":319,"column":23},"end":{"line":319,"column":8}},"148":{"start":{"line":322,"column":8},"end":{"line":null,"column":-1}},"149":{"start":{"line":326,"column":29},"end":{"line":326,"column":8}},"150":{"start":{"line":327,"column":8},"end":{"line":null,"column":-1}},"151":{"start":{"line":328,"column":8},"end":{"line":null,"column":-1}},"152":{"start":{"line":330,"column":23},"end":{"line":330,"column":8}},"153":{"start":{"line":331,"column":8},"end":{"line":null,"column":-1}},"154":{"start":{"line":332,"column":8},"end":{"line":null,"column":-1}},"155":{"start":{"line":334,"column":14},"end":{"line":334,"column":8}},"156":{"start":{"line":335,"column":8},"end":{"line":null,"column":-1}},"157":{"start":{"line":338,"column":21},"end":{"line":338,"column":8}},"158":{"start":{"line":339,"column":8},"end":{"line":341,"column":9}},"159":{"start":{"line":340,"column":10},"end":{"line":null,"column":-1}},"160":{"start":{"line":344,"column":25},"end":{"line":344,"column":8}},"161":{"start":{"line":344,"column":55},"end":{"line":null,"column":-1}},"162":{"start":{"line":345,"column":8},"end":{"line":null,"column":-1}},"163":{"start":{"line":347,"column":31},"end":{"line":347,"column":8}},"164":{"start":{"line":348,"column":8},"end":{"line":null,"column":-1}},"165":{"start":{"line":351,"column":26},"end":{"line":351,"column":8}},"166":{"start":{"line":351,"column":40},"end":{"line":null,"column":-1}},"167":{"start":{"line":354,"column":26},"end":{"line":354,"column":8}},"168":{"start":{"line":356,"column":8},"end":{"line":null,"column":-1}},"169":{"start":{"line":357,"column":10},"end":{"line":null,"column":-1}},"170":{"start":{"line":359,"column":8},"end":{"line":null,"column":-1}},"171":{"start":{"line":362,"column":29},"end":{"line":362,"column":8}},"172":{"start":{"line":362,"column":59},"end":{"line":null,"column":-1}},"173":{"start":{"line":364,"column":35},"end":{"line":364,"column":8}},"174":{"start":{"line":365,"column":8},"end":{"line":null,"column":-1}},"175":{"start":{"line":368,"column":33},"end":{"line":368,"column":8}},"176":{"start":{"line":368,"column":47},"end":{"line":null,"column":-1}},"177":{"start":{"line":369,"column":19},"end":{"line":369,"column":8}},"178":{"start":{"line":369,"column":53},"end":{"line":null,"column":-1}},"179":{"start":{"line":370,"column":31},"end":{"line":370,"column":8}},"180":{"start":{"line":371,"column":8},"end":{"line":null,"column":-1}},"181":{"start":{"line":374,"column":28},"end":{"line":374,"column":8}},"182":{"start":{"line":374,"column":42},"end":{"line":null,"column":-1}},"183":{"start":{"line":375,"column":29},"end":{"line":375,"column":8}},"184":{"start":{"line":375,"column":60},"end":{"line":null,"column":-1}},"185":{"start":{"line":377,"column":35},"end":{"line":377,"column":8}},"186":{"start":{"line":378,"column":8},"end":{"line":null,"column":-1}},"187":{"start":{"line":381,"column":23},"end":{"line":381,"column":8}},"188":{"start":{"line":381,"column":37},"end":{"line":null,"column":-1}},"189":{"start":{"line":382,"column":28},"end":{"line":382,"column":8}},"190":{"start":{"line":382,"column":54},"end":{"line":null,"column":-1}},"191":{"start":{"line":385,"column":31},"end":{"line":385,"column":8}},"192":{"start":{"line":386,"column":8},"end":{"line":null,"column":-1}},"193":{"start":{"line":389,"column":8},"end":{"line":394,"column":9}},"194":{"start":{"line":390,"column":10},"end":{"line":null,"column":-1}},"195":{"start":{"line":391,"column":10},"end":{"line":null,"column":-1}},"196":{"start":{"line":392,"column":10},"end":{"line":null,"column":-1}},"197":{"start":{"line":393,"column":10},"end":{"line":null,"column":-1}},"198":{"start":{"line":397,"column":29},"end":{"line":397,"column":8}},"199":{"start":{"line":397,"column":59},"end":{"line":null,"column":-1}},"200":{"start":{"line":398,"column":35},"end":{"line":398,"column":8}},"201":{"start":{"line":399,"column":8},"end":{"line":null,"column":-1}},"202":{"start":{"line":402,"column":25},"end":{"line":402,"column":8}},"203":{"start":{"line":402,"column":39},"end":{"line":null,"column":-1}},"204":{"start":{"line":403,"column":32},"end":{"line":403,"column":8}},"205":{"start":{"line":404,"column":8},"end":{"line":null,"column":-1}},"206":{"start":{"line":407,"column":27},"end":{"line":407,"column":8}},"207":{"start":{"line":407,"column":57},"end":{"line":null,"column":-1}},"208":{"start":{"line":409,"column":33},"end":{"line":409,"column":8}},"209":{"start":{"line":409,"column":61},"end":{"line":null,"column":-1}},"210":{"start":{"line":410,"column":31},"end":{"line":410,"column":8}},"211":{"start":{"line":410,"column":59},"end":{"line":null,"column":-1}},"212":{"start":{"line":413,"column":33},"end":{"line":413,"column":8}},"213":{"start":{"line":414,"column":33},"end":{"line":414,"column":8}},"214":{"start":{"line":415,"column":14},"end":{"line":415,"column":8}},"215":{"start":{"line":417,"column":8},"end":{"line":null,"column":-1}},"216":{"start":{"line":419,"column":8},"end":{"line":null,"column":-1}},"217":{"start":{"line":420,"column":8},"end":{"line":null,"column":-1}},"218":{"start":{"line":421,"column":8},"end":{"line":null,"column":-1}},"219":{"start":{"line":424,"column":8},"end":{"line":null,"column":-1}},"220":{"start":{"line":425,"column":8},"end":{"line":null,"column":-1}},"221":{"start":{"line":426,"column":8},"end":{"line":null,"column":-1}},"222":{"start":{"line":427,"column":8},"end":{"line":null,"column":-1}},"223":{"start":{"line":433,"column":2},"end":{"line":null,"column":-1}},"224":{"start":{"line":434,"column":4},"end":{"line":null,"column":-1}},"225":{"start":{"line":436,"column":20},"end":{"line":436,"column":4}},"226":{"start":{"line":437,"column":4},"end":{"line":null,"column":-1}},"227":{"start":{"line":439,"column":18},"end":{"line":439,"column":4}},"228":{"start":{"line":441,"column":21},"end":{"line":441,"column":4}},"229":{"start":{"line":442,"column":4},"end":{"line":null,"column":-1}},"230":{"start":{"line":443,"column":16},"end":{"line":443,"column":4}},"231":{"start":{"line":445,"column":4},"end":{"line":null,"column":-1}},"232":{"start":{"line":453,"column":12},"end":{"line":null,"column":-1}},"233":{"start":{"line":455,"column":8},"end":{"line":467,"column":9}},"234":{"start":{"line":456,"column":10},"end":{"line":466,"column":11}},"235":{"start":{"line":457,"column":12},"end":{"line":null,"column":-1}},"236":{"start":{"line":458,"column":12},"end":{"line":null,"column":-1}},"237":{"start":{"line":460,"column":33},"end":{"line":456,"column":26}},"238":{"start":{"line":461,"column":32},"end":{"line":461,"column":12}},"239":{"start":{"line":462,"column":12},"end":{"line":null,"column":-1}},"240":{"start":{"line":465,"column":12},"end":{"line":null,"column":-1}},"241":{"start":{"line":468,"column":8},"end":{"line":null,"column":-1}},"242":{"start":{"line":469,"column":8},"end":{"line":null,"column":-1}},"243":{"start":{"line":472,"column":8},"end":{"line":null,"column":-1}},"244":{"start":{"line":474,"column":12},"end":{"line":null,"column":-1}},"245":{"start":{"line":476,"column":12},"end":{"line":null,"column":-1}},"246":{"start":{"line":478,"column":12},"end":{"line":480,"column":13}},"247":{"start":{"line":479,"column":14},"end":{"line":null,"column":-1}},"248":{"start":{"line":481,"column":12},"end":{"line":null,"column":-1}},"249":{"start":{"line":482,"column":12},"end":{"line":null,"column":-1}},"250":{"start":{"line":484,"column":12},"end":{"line":null,"column":-1}},"251":{"start":{"line":486,"column":12},"end":{"line":null,"column":-1}},"252":{"start":{"line":488,"column":12},"end":{"line":490,"column":13}},"253":{"start":{"line":489,"column":14},"end":{"line":null,"column":-1}},"254":{"start":{"line":491,"column":12},"end":{"line":null,"column":-1}},"255":{"start":{"line":492,"column":12},"end":{"line":null,"column":-1}},"256":{"start":{"line":494,"column":12},"end":{"line":null,"column":-1}},"257":{"start":{"line":495,"column":12},"end":{"line":null,"column":-1}},"258":{"start":{"line":496,"column":12},"end":{"line":null,"column":-1}},"259":{"start":{"line":498,"column":12},"end":{"line":null,"column":-1}},"260":{"start":{"line":499,"column":12},"end":{"line":null,"column":-1}},"261":{"start":{"line":500,"column":12},"end":{"line":null,"column":-1}},"262":{"start":{"line":502,"column":12},"end":{"line":null,"column":-1}},"263":{"start":{"line":503,"column":12},"end":{"line":null,"column":-1}},"264":{"start":{"line":504,"column":12},"end":{"line":null,"column":-1}},"265":{"start":{"line":507,"column":12},"end":{"line":517,"column":13}},"266":{"start":{"line":509,"column":14},"end":{"line":511,"column":15}},"267":{"start":{"line":510,"column":16},"end":{"line":null,"column":-1}},"268":{"start":{"line":513,"column":14},"end":{"line":null,"column":-1}},"269":{"start":{"line":516,"column":14},"end":{"line":null,"column":-1}},"270":{"start":{"line":518,"column":12},"end":{"line":null,"column":-1}},"271":{"start":{"line":519,"column":12},"end":{"line":null,"column":-1}},"272":{"start":{"line":521,"column":12},"end":{"line":528,"column":13}},"273":{"start":{"line":523,"column":14},"end":{"line":525,"column":15}},"274":{"start":{"line":524,"column":16},"end":{"line":null,"column":-1}},"275":{"start":{"line":527,"column":14},"end":{"line":null,"column":-1}},"276":{"start":{"line":529,"column":12},"end":{"line":null,"column":-1}},"277":{"start":{"line":531,"column":12},"end":{"line":537,"column":13}},"278":{"start":{"line":532,"column":14},"end":{"line":null,"column":-1}},"279":{"start":{"line":533,"column":14},"end":{"line":null,"column":-1}},"280":{"start":{"line":536,"column":14},"end":{"line":null,"column":-1}},"281":{"start":{"line":538,"column":12},"end":{"line":null,"column":-1}},"282":{"start":{"line":539,"column":12},"end":{"line":null,"column":-1}},"283":{"start":{"line":541,"column":12},"end":{"line":null,"column":-1}},"284":{"start":{"line":542,"column":12},"end":{"line":null,"column":-1}},"285":{"start":{"line":546,"column":8},"end":{"line":null,"column":-1}},"286":{"start":{"line":547,"column":8},"end":{"line":null,"column":-1}},"287":{"start":{"line":548,"column":8},"end":{"line":null,"column":-1}},"288":{"start":{"line":549,"column":8},"end":{"line":null,"column":-1}},"289":{"start":{"line":550,"column":8},"end":{"line":null,"column":-1}},"290":{"start":{"line":556,"column":2},"end":{"line":null,"column":-1}},"291":{"start":{"line":563,"column":2},"end":{"line":null,"column":-1}},"292":{"start":{"line":570,"column":2},"end":{"line":null,"column":-1}},"293":{"start":{"line":577,"column":2},"end":{"line":null,"column":-1}},"294":{"start":{"line":584,"column":2},"end":{"line":null,"column":-1}},"295":{"start":{"line":591,"column":2},"end":{"line":null,"column":-1}},"296":{"start":{"line":599,"column":2},"end":{"line":null,"column":-1}},"297":{"start":{"line":606,"column":2},"end":{"line":null,"column":-1}},"298":{"start":{"line":613,"column":2},"end":{"line":null,"column":-1}},"299":{"start":{"line":620,"column":2},"end":{"line":null,"column":-1}},"300":{"start":{"line":627,"column":2},"end":{"line":null,"column":-1}},"301":{"start":{"line":634,"column":2},"end":{"line":null,"column":-1}},"302":{"start":{"line":641,"column":2},"end":{"line":null,"column":-1}},"303":{"start":{"line":648,"column":2},"end":{"line":null,"column":-1}},"304":{"start":{"line":655,"column":2},"end":{"line":null,"column":-1}},"305":{"start":{"line":662,"column":2},"end":{"line":null,"column":-1}},"306":{"start":{"line":670,"column":2},"end":{"line":null,"column":-1}},"307":{"start":{"line":671,"column":18},"end":{"line":671,"column":4}},"308":{"start":{"line":674,"column":24},"end":{"line":674,"column":4}},"309":{"start":{"line":675,"column":23},"end":{"line":675,"column":4}},"310":{"start":{"line":676,"column":29},"end":{"line":676,"column":4}},"311":{"start":{"line":677,"column":4},"end":{"line":null,"column":-1}},"312":{"start":{"line":679,"column":4},"end":{"line":null,"column":-1}},"313":{"start":{"line":680,"column":25},"end":{"line":680,"column":6}},"314":{"start":{"line":681,"column":6},"end":{"line":null,"column":-1}},"315":{"start":{"line":683,"column":6},"end":{"line":null,"column":-1}},"316":{"start":{"line":684,"column":31},"end":{"line":684,"column":8}},"317":{"start":{"line":686,"column":8},"end":{"line":null,"column":-1}},"318":{"start":{"line":689,"column":8},"end":{"line":696,"column":9}},"319":{"start":{"line":690,"column":29},"end":{"line":690,"column":10}},"320":{"start":{"line":695,"column":10},"end":{"line":null,"column":-1}},"321":{"start":{"line":700,"column":4},"end":{"line":null,"column":-1}},"322":{"start":{"line":706,"column":2},"end":{"line":null,"column":-1}},"323":{"start":{"line":707,"column":18},"end":{"line":707,"column":4}},"324":{"start":{"line":710,"column":35},"end":{"line":706,"column":33}},"325":{"start":{"line":712,"column":27},"end":{"line":712,"column":4}},"326":{"start":{"line":714,"column":4},"end":{"line":null,"column":-1}},"327":{"start":{"line":715,"column":6},"end":{"line":null,"column":-1}},"328":{"start":{"line":717,"column":6},"end":{"line":null,"column":-1}},"329":{"start":{"line":718,"column":8},"end":{"line":726,"column":9}},"330":{"start":{"line":719,"column":10},"end":{"line":null,"column":-1}},"331":{"start":{"line":720,"column":10},"end":{"line":725,"column":11}},"332":{"start":{"line":721,"column":31},"end":{"line":721,"column":12}},"333":{"start":{"line":724,"column":12},"end":{"line":null,"column":-1}},"334":{"start":{"line":730,"column":4},"end":{"line":null,"column":-1}},"335":{"start":{"line":735,"column":89},"end":{"line":735,"column":88}},"336":{"start":{"line":735,"column":89},"end":{"line":null,"column":-1}},"337":{"start":{"line":736,"column":22},"end":{"line":736,"column":2}},"338":{"start":{"line":738,"column":2},"end":{"line":null,"column":-1}},"339":{"start":{"line":739,"column":22},"end":{"line":739,"column":4}},"340":{"start":{"line":741,"column":4},"end":{"line":754,"column":5}},"341":{"start":{"line":742,"column":6},"end":{"line":null,"column":-1}},"342":{"start":{"line":748,"column":6},"end":{"line":750,"column":7}},"343":{"start":{"line":749,"column":8},"end":{"line":null,"column":-1}},"344":{"start":{"line":751,"column":6},"end":{"line":753,"column":7}},"345":{"start":{"line":752,"column":8},"end":{"line":null,"column":-1}},"346":{"start":{"line":756,"column":2},"end":{"line":null,"column":-1}},"347":{"start":{"line":761,"column":2},"end":{"line":null,"column":-1}},"348":{"start":{"line":762,"column":18},"end":{"line":762,"column":4}},"349":{"start":{"line":764,"column":21},"end":{"line":761,"column":33}},"350":{"start":{"line":765,"column":19},"end":{"line":765,"column":4}},"351":{"start":{"line":767,"column":24},"end":{"line":767,"column":4}},"352":{"start":{"line":769,"column":4},"end":{"line":773,"column":5}},"353":{"start":{"line":770,"column":6},"end":{"line":772,"column":7}},"354":{"start":{"line":771,"column":8},"end":{"line":null,"column":-1}},"355":{"start":{"line":775,"column":4},"end":{"line":null,"column":-1}},"356":{"start":{"line":776,"column":6},"end":{"line":null,"column":-1}},"357":{"start":{"line":780,"column":4},"end":{"line":null,"column":-1}},"358":{"start":{"line":782,"column":8},"end":{"line":null,"column":-1}},"359":{"start":{"line":783,"column":8},"end":{"line":null,"column":-1}},"360":{"start":{"line":785,"column":8},"end":{"line":null,"column":-1}},"361":{"start":{"line":786,"column":8},"end":{"line":null,"column":-1}},"362":{"start":{"line":788,"column":8},"end":{"line":null,"column":-1}},"363":{"start":{"line":789,"column":8},"end":{"line":null,"column":-1}},"364":{"start":{"line":791,"column":8},"end":{"line":null,"column":-1}},"365":{"start":{"line":792,"column":8},"end":{"line":null,"column":-1}},"366":{"start":{"line":794,"column":8},"end":{"line":null,"column":-1}},"367":{"start":{"line":795,"column":8},"end":{"line":null,"column":-1}},"368":{"start":{"line":797,"column":8},"end":{"line":null,"column":-1}},"369":{"start":{"line":798,"column":8},"end":{"line":null,"column":-1}},"370":{"start":{"line":800,"column":8},"end":{"line":null,"column":-1}},"371":{"start":{"line":801,"column":8},"end":{"line":null,"column":-1}},"372":{"start":{"line":803,"column":8},"end":{"line":null,"column":-1}},"373":{"start":{"line":804,"column":8},"end":{"line":null,"column":-1}},"374":{"start":{"line":806,"column":8},"end":{"line":null,"column":-1}},"375":{"start":{"line":813,"column":2},"end":{"line":null,"column":-1}},"376":{"start":{"line":814,"column":18},"end":{"line":814,"column":4}},"377":{"start":{"line":816,"column":23},"end":{"line":813,"column":33}},"378":{"start":{"line":818,"column":28},"end":{"line":818,"column":4}},"379":{"start":{"line":820,"column":4},"end":{"line":853,"column":5}},"380":{"start":{"line":821,"column":6},"end":{"line":null,"column":-1}},"381":{"start":{"line":823,"column":9},"end":{"line":853,"column":5}},"382":{"start":{"line":824,"column":6},"end":{"line":null,"column":-1}},"383":{"start":{"line":826,"column":6},"end":{"line":null,"column":-1}},"384":{"start":{"line":827,"column":8},"end":{"line":829,"column":9}},"385":{"start":{"line":828,"column":10},"end":{"line":null,"column":-1}},"386":{"start":{"line":833,"column":6},"end":{"line":null,"column":-1}},"387":{"start":{"line":835,"column":6},"end":{"line":null,"column":-1}},"388":{"start":{"line":836,"column":8},"end":{"line":851,"column":9}},"389":{"start":{"line":837,"column":10},"end":{"line":null,"column":-1}},"390":{"start":{"line":839,"column":10},"end":{"line":841,"column":11}},"391":{"start":{"line":840,"column":12},"end":{"line":null,"column":-1}},"392":{"start":{"line":843,"column":13},"end":{"line":851,"column":9}},"393":{"start":{"line":844,"column":10},"end":{"line":null,"column":-1}},"394":{"start":{"line":846,"column":10},"end":{"line":850,"column":11}},"395":{"start":{"line":847,"column":12},"end":{"line":null,"column":-1}},"396":{"start":{"line":855,"column":4},"end":{"line":null,"column":-1}},"397":{"start":{"line":860,"column":74},"end":{"line":860,"column":73}},"398":{"start":{"line":860,"column":74},"end":{"line":null,"column":-1}},"399":{"start":{"line":861,"column":2},"end":{"line":null,"column":-1}},"400":{"start":{"line":862,"column":4},"end":{"line":null,"column":-1}},"401":{"start":{"line":864,"column":4},"end":{"line":null,"column":-1}},"402":{"start":{"line":870,"column":2},"end":{"line":null,"column":-1}},"403":{"start":{"line":882,"column":2},"end":{"line":null,"column":-1}},"404":{"start":{"line":893,"column":2},"end":{"line":null,"column":-1}},"405":{"start":{"line":901,"column":2},"end":{"line":null,"column":-1}},"406":{"start":{"line":909,"column":2},"end":{"line":null,"column":-1}},"407":{"start":{"line":917,"column":2},"end":{"line":null,"column":-1}},"408":{"start":{"line":925,"column":2},"end":{"line":null,"column":-1}},"409":{"start":{"line":933,"column":2},"end":{"line":null,"column":-1}},"410":{"start":{"line":940,"column":2},"end":{"line":null,"column":-1}},"411":{"start":{"line":947,"column":2},"end":{"line":null,"column":-1}},"412":{"start":{"line":948,"column":18},"end":{"line":948,"column":4}},"413":{"start":{"line":949,"column":15},"end":{"line":949,"column":4}},"414":{"start":{"line":950,"column":4},"end":{"line":966,"column":5}},"415":{"start":{"line":951,"column":6},"end":{"line":null,"column":-1}},"416":{"start":{"line":953,"column":6},"end":{"line":null,"column":-1}},"417":{"start":{"line":959,"column":6},"end":{"line":null,"column":-1}},"418":{"start":{"line":960,"column":6},"end":{"line":965,"column":7}},"419":{"start":{"line":961,"column":8},"end":{"line":null,"column":-1}},"420":{"start":{"line":968,"column":4},"end":{"line":null,"column":-1}},"421":{"start":{"line":977,"column":2},"end":{"line":null,"column":-1}}},"fnMap":{"0":{"name":"getDrafts","decl":{"start":{"line":10,"column":16},"end":{"line":10,"column":7}},"loc":{"start":{"line":10,"column":28},"end":{"line":55,"column":1}}},"1":{"name":"(anonymous_6)","decl":{"start":{"line":12,"column":9},"end":{"line":12,"column":9}},"loc":{"start":{"line":12,"column":33},"end":{"line":12,"column":2}}},"2":{"name":"(anonymous_7)","decl":{"start":{"line":22,"column":12},"end":{"line":22,"column":12}},"loc":{"start":{"line":22,"column":12},"end":{"line":18,"column":11}}},"3":{"name":"(anonymous_8)","decl":{"start":{"line":23,"column":12},"end":{"line":23,"column":12}},"loc":{"start":{"line":23,"column":30},"end":{"line":18,"column":11}}},"4":{"name":"(anonymous_9)","decl":{"start":{"line":30,"column":46},"end":{"line":null,"column":-1}},"loc":{"start":{"line":30,"column":46},"end":{"line":null,"column":-1}}},"5":{"name":"(anonymous_10)","decl":{"start":{"line":36,"column":46},"end":{"line":null,"column":-1}},"loc":{"start":{"line":36,"column":46},"end":{"line":36,"column":20}}},"6":{"name":"(anonymous_11)","decl":{"start":{"line":48,"column":13},"end":{"line":48,"column":13}},"loc":{"start":{"line":48,"column":24},"end":{"line":18,"column":11}}},"7":{"name":"setInitialState","decl":{"start":{"line":58,"column":16},"end":{"line":58,"column":7}},"loc":{"start":{"line":58,"column":34},"end":{"line":68,"column":1}}},"8":{"name":"(anonymous_13)","decl":{"start":{"line":59,"column":9},"end":{"line":59,"column":9}},"loc":{"start":{"line":59,"column":33},"end":{"line":59,"column":2}}},"9":{"name":"getDraftData","decl":{"start":{"line":70,"column":16},"end":{"line":70,"column":7}},"loc":{"start":{"line":70,"column":34},"end":{"line":98,"column":1}}},"10":{"name":"(anonymous_15)","decl":{"start":{"line":72,"column":9},"end":{"line":72,"column":9}},"loc":{"start":{"line":72,"column":33},"end":{"line":72,"column":2}}},"11":{"name":"(anonymous_16)","decl":{"start":{"line":82,"column":12},"end":{"line":82,"column":12}},"loc":{"start":{"line":82,"column":12},"end":{"line":78,"column":11}}},"12":{"name":"(anonymous_17)","decl":{"start":{"line":83,"column":12},"end":{"line":83,"column":12}},"loc":{"start":{"line":83,"column":30},"end":{"line":78,"column":11}}},"13":{"name":"(anonymous_18)","decl":{"start":{"line":91,"column":13},"end":{"line":91,"column":13}},"loc":{"start":{"line":91,"column":24},"end":{"line":78,"column":11}}},"14":{"name":"receiveDrafts","decl":{"start":{"line":100,"column":16},"end":{"line":100,"column":7}},"loc":{"start":{"line":100,"column":38},"end":{"line":105,"column":1}}},"15":{"name":"receiveDraftData","decl":{"start":{"line":107,"column":16},"end":{"line":107,"column":7}},"loc":{"start":{"line":107,"column":40},"end":{"line":112,"column":1}}},"16":{"name":"setFilter","decl":{"start":{"line":115,"column":16},"end":{"line":115,"column":7}},"loc":{"start":{"line":115,"column":34},"end":{"line":120,"column":1}}},"17":{"name":"selectDraft","decl":{"start":{"line":123,"column":16},"end":{"line":123,"column":7}},"loc":{"start":{"line":123,"column":35},"end":{"line":152,"column":1}}},"18":{"name":"(anonymous_23)","decl":{"start":{"line":124,"column":9},"end":{"line":124,"column":9}},"loc":{"start":{"line":124,"column":33},"end":{"line":124,"column":2}}},"19":{"name":"setSelectDraftData","decl":{"start":{"line":155,"column":16},"end":{"line":155,"column":7}},"loc":{"start":{"line":155,"column":42},"end":{"line":160,"column":1}}},"20":{"name":"getLocation","decl":{"start":{"line":163,"column":16},"end":{"line":163,"column":7}},"loc":{"start":{"line":163,"column":42},"end":{"line":171,"column":1}}},"21":{"name":"newMarkerPosition","decl":{"start":{"line":174,"column":16},"end":{"line":174,"column":7}},"loc":{"start":{"line":174,"column":44},"end":{"line":184,"column":1}}},"22":{"name":"(anonymous_27)","decl":{"start":{"line":175,"column":9},"end":{"line":175,"column":9}},"loc":{"start":{"line":175,"column":33},"end":{"line":175,"column":2}}},"23":{"name":"setNewMarkerPosition","decl":{"start":{"line":186,"column":16},"end":{"line":186,"column":7}},"loc":{"start":{"line":186,"column":47},"end":{"line":191,"column":1}}},"24":{"name":"addDraft","decl":{"start":{"line":194,"column":16},"end":{"line":194,"column":7}},"loc":{"start":{"line":194,"column":35},"end":{"line":207,"column":1}}},"25":{"name":"(anonymous_30)","decl":{"start":{"line":195,"column":9},"end":{"line":195,"column":9}},"loc":{"start":{"line":195,"column":33},"end":{"line":195,"column":2}}},"26":{"name":"addNewDraft","decl":{"start":{"line":209,"column":16},"end":{"line":209,"column":7}},"loc":{"start":{"line":209,"column":38},"end":{"line":214,"column":1}}},"27":{"name":"removeNewDraft","decl":{"start":{"line":217,"column":16},"end":{"line":217,"column":7}},"loc":{"start":{"line":217,"column":33},"end":{"line":221,"column":1}}},"28":{"name":"changeSelectedDraftStatus","decl":{"start":{"line":224,"column":16},"end":{"line":224,"column":7}},"loc":{"start":{"line":224,"column":50},"end":{"line":229,"column":1}}},"29":{"name":"getDraftFields","decl":{"start":{"line":233,"column":16},"end":{"line":233,"column":7}},"loc":{"start":{"line":233,"column":36},"end":{"line":302,"column":1}}},"30":{"name":"(anonymous_35)","decl":{"start":{"line":234,"column":9},"end":{"line":234,"column":9}},"loc":{"start":{"line":234,"column":33},"end":{"line":234,"column":2}}},"31":{"name":"(anonymous_36)","decl":{"start":{"line":250,"column":57},"end":{"line":null,"column":-1}},"loc":{"start":{"line":250,"column":57},"end":{"line":250,"column":43}}},"32":{"name":"(anonymous_37)","decl":{"start":{"line":260,"column":40},"end":{"line":null,"column":-1}},"loc":{"start":{"line":260,"column":40},"end":{"line":260,"column":26}}},"33":{"name":"(anonymous_38)","decl":{"start":{"line":266,"column":37},"end":{"line":null,"column":-1}},"loc":{"start":{"line":266,"column":37},"end":{"line":266,"column":23}}},"34":{"name":"(anonymous_39)","decl":{"start":{"line":268,"column":54},"end":{"line":null,"column":-1}},"loc":{"start":{"line":268,"column":54},"end":{"line":268,"column":28}}},"35":{"name":"(anonymous_40)","decl":{"start":{"line":278,"column":41},"end":{"line":null,"column":-1}},"loc":{"start":{"line":278,"column":41},"end":{"line":278,"column":27}}},"36":{"name":"(anonymous_41)","decl":{"start":{"line":284,"column":40},"end":{"line":null,"column":-1}},"loc":{"start":{"line":284,"column":40},"end":{"line":284,"column":26}}},"37":{"name":"(anonymous_42)","decl":{"start":{"line":285,"column":58},"end":{"line":null,"column":-1}},"loc":{"start":{"line":285,"column":58},"end":{"line":285,"column":31}}},"38":{"name":"getDraftFieldsValues","decl":{"start":{"line":304,"column":16},"end":{"line":304,"column":7}},"loc":{"start":{"line":304,"column":42},"end":{"line":430,"column":1}}},"39":{"name":"(anonymous_44)","decl":{"start":{"line":305,"column":9},"end":{"line":305,"column":9}},"loc":{"start":{"line":305,"column":33},"end":{"line":305,"column":2}}},"40":{"name":"(anonymous_45)","decl":{"start":{"line":317,"column":12},"end":{"line":317,"column":12}},"loc":{"start":{"line":317,"column":12},"end":{"line":313,"column":11}}},"41":{"name":"(anonymous_46)","decl":{"start":{"line":318,"column":12},"end":{"line":318,"column":12}},"loc":{"start":{"line":318,"column":30},"end":{"line":313,"column":11}}},"42":{"name":"(anonymous_47)","decl":{"start":{"line":344,"column":55},"end":{"line":null,"column":-1}},"loc":{"start":{"line":344,"column":55},"end":{"line":344,"column":41}}},"43":{"name":"(anonymous_48)","decl":{"start":{"line":351,"column":40},"end":{"line":null,"column":-1}},"loc":{"start":{"line":351,"column":40},"end":{"line":351,"column":26}}},"44":{"name":"(anonymous_49)","decl":{"start":{"line":356,"column":38},"end":{"line":356,"column":38}},"loc":{"start":{"line":356,"column":56},"end":{"line":356,"column":8}}},"45":{"name":"(anonymous_50)","decl":{"start":{"line":362,"column":59},"end":{"line":null,"column":-1}},"loc":{"start":{"line":362,"column":59},"end":{"line":362,"column":45}}},"46":{"name":"(anonymous_51)","decl":{"start":{"line":368,"column":47},"end":{"line":null,"column":-1}},"loc":{"start":{"line":368,"column":47},"end":{"line":368,"column":33}}},"47":{"name":"(anonymous_52)","decl":{"start":{"line":369,"column":53},"end":{"line":null,"column":-1}},"loc":{"start":{"line":369,"column":53},"end":{"line":369,"column":19}}},"48":{"name":"(anonymous_53)","decl":{"start":{"line":374,"column":42},"end":{"line":null,"column":-1}},"loc":{"start":{"line":374,"column":42},"end":{"line":374,"column":28}}},"49":{"name":"(anonymous_54)","decl":{"start":{"line":375,"column":60},"end":{"line":null,"column":-1}},"loc":{"start":{"line":375,"column":60},"end":{"line":375,"column":29}}},"50":{"name":"(anonymous_55)","decl":{"start":{"line":381,"column":37},"end":{"line":null,"column":-1}},"loc":{"start":{"line":381,"column":37},"end":{"line":381,"column":23}}},"51":{"name":"(anonymous_56)","decl":{"start":{"line":382,"column":54},"end":{"line":null,"column":-1}},"loc":{"start":{"line":382,"column":54},"end":{"line":382,"column":28}}},"52":{"name":"(anonymous_57)","decl":{"start":{"line":397,"column":59},"end":{"line":null,"column":-1}},"loc":{"start":{"line":397,"column":59},"end":{"line":397,"column":45}}},"53":{"name":"(anonymous_58)","decl":{"start":{"line":402,"column":39},"end":{"line":null,"column":-1}},"loc":{"start":{"line":402,"column":39},"end":{"line":402,"column":25}}},"54":{"name":"(anonymous_59)","decl":{"start":{"line":407,"column":57},"end":{"line":null,"column":-1}},"loc":{"start":{"line":407,"column":57},"end":{"line":407,"column":43}}},"55":{"name":"(anonymous_60)","decl":{"start":{"line":409,"column":61},"end":{"line":null,"column":-1}},"loc":{"start":{"line":409,"column":61},"end":{"line":409,"column":33}}},"56":{"name":"(anonymous_61)","decl":{"start":{"line":410,"column":59},"end":{"line":null,"column":-1}},"loc":{"start":{"line":410,"column":59},"end":{"line":410,"column":31}}},"57":{"name":"(anonymous_62)","decl":{"start":{"line":423,"column":13},"end":{"line":423,"column":13}},"loc":{"start":{"line":423,"column":24},"end":{"line":313,"column":11}}},"58":{"name":"setDraftData","decl":{"start":{"line":432,"column":16},"end":{"line":432,"column":7}},"loc":{"start":{"line":432,"column":31},"end":{"line":553,"column":1}}},"59":{"name":"(anonymous_64)","decl":{"start":{"line":433,"column":9},"end":{"line":433,"column":9}},"loc":{"start":{"line":433,"column":33},"end":{"line":433,"column":2}}},"60":{"name":"(anonymous_65)","decl":{"start":{"line":453,"column":12},"end":{"line":453,"column":12}},"loc":{"start":{"line":453,"column":12},"end":{"line":445,"column":11}}},"61":{"name":"(anonymous_66)","decl":{"start":{"line":454,"column":12},"end":{"line":454,"column":12}},"loc":{"start":{"line":454,"column":30},"end":{"line":445,"column":11}}},"62":{"name":"(anonymous_67)","decl":{"start":{"line":545,"column":13},"end":{"line":545,"column":13}},"loc":{"start":{"line":545,"column":24},"end":{"line":445,"column":11}}},"63":{"name":"receiveFields","decl":{"start":{"line":555,"column":16},"end":{"line":555,"column":7}},"loc":{"start":{"line":555,"column":38},"end":{"line":560,"column":1}}},"64":{"name":"receiveValues","decl":{"start":{"line":562,"column":16},"end":{"line":562,"column":7}},"loc":{"start":{"line":562,"column":38},"end":{"line":567,"column":1}}},"65":{"name":"receivePhotosFields","decl":{"start":{"line":569,"column":16},"end":{"line":569,"column":7}},"loc":{"start":{"line":569,"column":44},"end":{"line":574,"column":1}}},"66":{"name":"receiveGPSFields","decl":{"start":{"line":576,"column":16},"end":{"line":576,"column":7}},"loc":{"start":{"line":576,"column":41},"end":{"line":581,"column":1}}},"67":{"name":"receiveVideoFields","decl":{"start":{"line":583,"column":16},"end":{"line":583,"column":7}},"loc":{"start":{"line":583,"column":43},"end":{"line":588,"column":1}}},"68":{"name":"receiveMapsFields","decl":{"start":{"line":590,"column":16},"end":{"line":590,"column":7}},"loc":{"start":{"line":590,"column":42},"end":{"line":595,"column":1}}},"69":{"name":"receiveInfoFormValues","decl":{"start":{"line":598,"column":16},"end":{"line":598,"column":7}},"loc":{"start":{"line":598,"column":46},"end":{"line":603,"column":1}}},"70":{"name":"receivePhotoFormValues","decl":{"start":{"line":605,"column":16},"end":{"line":605,"column":7}},"loc":{"start":{"line":605,"column":47},"end":{"line":610,"column":1}}},"71":{"name":"receiveAdditionalFormValues","decl":{"start":{"line":612,"column":16},"end":{"line":612,"column":7}},"loc":{"start":{"line":612,"column":52},"end":{"line":617,"column":1}}},"72":{"name":"receiveBodyValues","decl":{"start":{"line":619,"column":16},"end":{"line":619,"column":7}},"loc":{"start":{"line":619,"column":42},"end":{"line":624,"column":1}}},"73":{"name":"receiveLocationFields","decl":{"start":{"line":626,"column":16},"end":{"line":626,"column":7}},"loc":{"start":{"line":626,"column":46},"end":{"line":631,"column":1}}},"74":{"name":"receiveLocationValues","decl":{"start":{"line":633,"column":16},"end":{"line":633,"column":7}},"loc":{"start":{"line":633,"column":46},"end":{"line":638,"column":1}}},"75":{"name":"receiveGPSFilesFormValues","decl":{"start":{"line":640,"column":16},"end":{"line":640,"column":7}},"loc":{"start":{"line":640,"column":50},"end":{"line":645,"column":1}}},"76":{"name":"receivePartnersFormValues","decl":{"start":{"line":647,"column":16},"end":{"line":647,"column":7}},"loc":{"start":{"line":647,"column":50},"end":{"line":652,"column":1}}},"77":{"name":"receiveVideoFormValues","decl":{"start":{"line":654,"column":16},"end":{"line":654,"column":7}},"loc":{"start":{"line":654,"column":47},"end":{"line":659,"column":1}}},"78":{"name":"receiveMapsValues","decl":{"start":{"line":661,"column":16},"end":{"line":661,"column":7}},"loc":{"start":{"line":661,"column":42},"end":{"line":666,"column":1}}},"79":{"name":"updatePhotos","decl":{"start":{"line":669,"column":16},"end":{"line":669,"column":7}},"loc":{"start":{"line":669,"column":50},"end":{"line":702,"column":1}}},"80":{"name":"(anonymous_85)","decl":{"start":{"line":670,"column":9},"end":{"line":670,"column":9}},"loc":{"start":{"line":670,"column":33},"end":{"line":670,"column":2}}},"81":{"name":"(anonymous_86)","decl":{"start":{"line":679,"column":19},"end":{"line":679,"column":19}},"loc":{"start":{"line":679,"column":30},"end":{"line":679,"column":4}}},"82":{"name":"(anonymous_87)","decl":{"start":{"line":683,"column":27},"end":{"line":683,"column":27}},"loc":{"start":{"line":683,"column":45},"end":{"line":683,"column":6}}},"83":{"name":"updateGPSFiles","decl":{"start":{"line":705,"column":16},"end":{"line":705,"column":7}},"loc":{"start":{"line":705,"column":38},"end":{"line":732,"column":1}}},"84":{"name":"(anonymous_89)","decl":{"start":{"line":706,"column":9},"end":{"line":706,"column":9}},"loc":{"start":{"line":706,"column":33},"end":{"line":706,"column":2}}},"85":{"name":"(anonymous_90)","decl":{"start":{"line":714,"column":18},"end":{"line":714,"column":18}},"loc":{"start":{"line":714,"column":28},"end":{"line":714,"column":4}}},"86":{"name":"(anonymous_91)","decl":{"start":{"line":717,"column":26},"end":{"line":717,"column":26}},"loc":{"start":{"line":717,"column":44},"end":{"line":717,"column":6}}},"87":{"name":"getMutivalueFieldsValues","decl":{"start":{"line":735,"column":9},"end":{"line":735,"column":0}},"loc":{"start":{"line":735,"column":89},"end":{"line":757,"column":1}}},"88":{"name":"(anonymous_93)","decl":{"start":{"line":738,"column":23},"end":{"line":738,"column":23}},"loc":{"start":{"line":738,"column":37},"end":{"line":738,"column":2}}},"89":{"name":"updateMultiValues","decl":{"start":{"line":760,"column":16},"end":{"line":760,"column":7}},"loc":{"start":{"line":760,"column":63},"end":{"line":809,"column":1}}},"90":{"name":"(anonymous_95)","decl":{"start":{"line":761,"column":9},"end":{"line":761,"column":9}},"loc":{"start":{"line":761,"column":33},"end":{"line":761,"column":2}}},"91":{"name":"(anonymous_96)","decl":{"start":{"line":775,"column":19},"end":{"line":775,"column":19}},"loc":{"start":{"line":775,"column":37},"end":{"line":775,"column":4}}},"92":{"name":"updateMaps","decl":{"start":{"line":812,"column":16},"end":{"line":812,"column":7}},"loc":{"start":{"line":812,"column":55},"end":{"line":857,"column":1}}},"93":{"name":"(anonymous_98)","decl":{"start":{"line":813,"column":9},"end":{"line":813,"column":9}},"loc":{"start":{"line":813,"column":33},"end":{"line":813,"column":2}}},"94":{"name":"(anonymous_99)","decl":{"start":{"line":826,"column":27},"end":{"line":826,"column":27}},"loc":{"start":{"line":826,"column":41},"end":{"line":826,"column":6}}},"95":{"name":"(anonymous_100)","decl":{"start":{"line":835,"column":27},"end":{"line":835,"column":27}},"loc":{"start":{"line":835,"column":41},"end":{"line":835,"column":6}}},"96":{"name":"saveFormValues","decl":{"start":{"line":860,"column":16},"end":{"line":860,"column":7}},"loc":{"start":{"line":860,"column":74},"end":{"line":866,"column":1}}},"97":{"name":"(anonymous_102)","decl":{"start":{"line":861,"column":9},"end":{"line":861,"column":9}},"loc":{"start":{"line":861,"column":33},"end":{"line":861,"column":2}}},"98":{"name":"saveValues","decl":{"start":{"line":869,"column":16},"end":{"line":869,"column":7}},"loc":{"start":{"line":869,"column":45},"end":{"line":877,"column":1}}},"99":{"name":"updateFields","decl":{"start":{"line":881,"column":16},"end":{"line":881,"column":7}},"loc":{"start":{"line":881,"column":48},"end":{"line":889,"column":1}}},"100":{"name":"updateSteps","decl":{"start":{"line":892,"column":16},"end":{"line":892,"column":7}},"loc":{"start":{"line":892,"column":35},"end":{"line":897,"column":1}}},"101":{"name":"setStatus","decl":{"start":{"line":900,"column":16},"end":{"line":900,"column":7}},"loc":{"start":{"line":900,"column":32},"end":{"line":905,"column":1}}},"102":{"name":"saveData","decl":{"start":{"line":908,"column":16},"end":{"line":908,"column":7}},"loc":{"start":{"line":908,"column":31},"end":{"line":913,"column":1}}},"103":{"name":"updateData","decl":{"start":{"line":916,"column":16},"end":{"line":916,"column":7}},"loc":{"start":{"line":916,"column":33},"end":{"line":921,"column":1}}},"104":{"name":"saveInitialState","decl":{"start":{"line":924,"column":16},"end":{"line":924,"column":7}},"loc":{"start":{"line":924,"column":40},"end":{"line":929,"column":1}}},"105":{"name":"resetData","decl":{"start":{"line":932,"column":16},"end":{"line":932,"column":7}},"loc":{"start":{"line":932,"column":28},"end":{"line":936,"column":1}}},"106":{"name":"resetDrafts","decl":{"start":{"line":939,"column":16},"end":{"line":939,"column":7}},"loc":{"start":{"line":939,"column":30},"end":{"line":943,"column":1}}},"107":{"name":"toggleButtons","decl":{"start":{"line":946,"column":16},"end":{"line":946,"column":7}},"loc":{"start":{"line":946,"column":38},"end":{"line":973,"column":1}}},"108":{"name":"(anonymous_113)","decl":{"start":{"line":947,"column":9},"end":{"line":947,"column":9}},"loc":{"start":{"line":947,"column":33},"end":{"line":947,"column":2}}},"109":{"name":"setThrobber","decl":{"start":{"line":976,"column":16},"end":{"line":976,"column":7}},"loc":{"start":{"line":976,"column":35},"end":{"line":981,"column":1}}}},"branchMap":{"0":{"loc":{"start":{"line":30,"column":8},"end":{"line":43,"column":9}},"type":"if","locations":[{"start":{"line":30,"column":8},"end":{"line":43,"column":9}},{"start":{"line":30,"column":8},"end":{"line":43,"column":9}}]},"1":{"loc":{"start":{"line":33,"column":10},"end":{"line":42,"column":11}},"type":"if","locations":[{"start":{"line":33,"column":10},"end":{"line":42,"column":11}},{"start":{"line":33,"column":10},"end":{"line":42,"column":11}}]},"2":{"loc":{"start":{"line":33,"column":14},"end":{"line":33,"column":20}},"type":"cond-expr","locations":[{"start":{"line":33,"column":14},"end":{"line":33,"column":20}},{"start":{"line":33,"column":14},"end":{"line":33,"column":37}}]},"3":{"loc":{"start":{"line":35,"column":14},"end":{"line":40,"column":15}},"type":"if","locations":[{"start":{"line":35,"column":14},"end":{"line":40,"column":15}},{"start":{"line":35,"column":14},"end":{"line":40,"column":15}}]},"4":{"loc":{"start":{"line":36,"column":16},"end":{"line":39,"column":17}},"type":"if","locations":[{"start":{"line":36,"column":16},"end":{"line":39,"column":17}},{"start":{"line":36,"column":16},"end":{"line":39,"column":17}}]},"5":{"loc":{"start":{"line":61,"column":4},"end":{"line":66,"column":5}},"type":"if","locations":[{"start":{"line":61,"column":4},"end":{"line":66,"column":5}},{"start":{"line":61,"column":4},"end":{"line":66,"column":5}}]},"6":{"loc":{"start":{"line":129,"column":4},"end":{"line":132,"column":5}},"type":"if","locations":[{"start":{"line":129,"column":4},"end":{"line":132,"column":5}},{"start":{"line":129,"column":4},"end":{"line":132,"column":5}}]},"7":{"loc":{"start":{"line":135,"column":4},"end":{"line":145,"column":5}},"type":"if","locations":[{"start":{"line":135,"column":4},"end":{"line":145,"column":5}},{"start":{"line":135,"column":4},"end":{"line":145,"column":5}}]},"8":{"loc":{"start":{"line":140,"column":48},"end":{"line":140,"column":26}},"type":"cond-expr","locations":[{"start":{"line":140,"column":48},"end":{"line":140,"column":26}},{"start":{"line":140,"column":53},"end":{"line":140,"column":6}}]},"9":{"loc":{"start":{"line":239,"column":36},"end":{"line":239,"column":19}},"type":"cond-expr","locations":[{"start":{"line":239,"column":36},"end":{"line":239,"column":19}},{"start":{"line":239,"column":60},"end":{"line":239,"column":4}}]},"10":{"loc":{"start":{"line":240,"column":44},"end":{"line":240,"column":27}},"type":"cond-expr","locations":[{"start":{"line":240,"column":44},"end":{"line":240,"column":27}},{"start":{"line":240,"column":76},"end":{"line":240,"column":4}}]},"11":{"loc":{"start":{"line":241,"column":37},"end":{"line":241,"column":20}},"type":"cond-expr","locations":[{"start":{"line":241,"column":37},"end":{"line":241,"column":20}},{"start":{"line":241,"column":60},"end":{"line":241,"column":4}}]},"12":{"loc":{"start":{"line":243,"column":4},"end":{"line":289,"column":5}},"type":"if","locations":[{"start":{"line":243,"column":4},"end":{"line":289,"column":5}},{"start":{"line":243,"column":4},"end":{"line":289,"column":5}}]},"13":{"loc":{"start":{"line":247,"column":6},"end":{"line":256,"column":7}},"type":"if","locations":[{"start":{"line":247,"column":6},"end":{"line":256,"column":7}},{"start":{"line":247,"column":6},"end":{"line":256,"column":7}}]},"14":{"loc":{"start":{"line":247,"column":10},"end":{"line":247,"column":9}},"type":"binary-expr","locations":[{"start":{"line":247,"column":10},"end":{"line":247,"column":9}},{"start":{"line":247,"column":41},"end":{"line":247,"column":6}}]},"15":{"loc":{"start":{"line":249,"column":8},"end":{"line":255,"column":9}},"type":"if","locations":[{"start":{"line":249,"column":8},"end":{"line":255,"column":9}},{"start":{"line":249,"column":8},"end":{"line":255,"column":9}}]},"16":{"loc":{"start":{"line":250,"column":43},"end":{"line":250,"column":27}},"type":"cond-expr","locations":[{"start":{"line":250,"column":43},"end":{"line":250,"column":27}},{"start":{"line":250,"column":94},"end":{"line":250,"column":10}}]},"17":{"loc":{"start":{"line":259,"column":6},"end":{"line":262,"column":7}},"type":"if","locations":[{"start":{"line":259,"column":6},"end":{"line":262,"column":7}},{"start":{"line":259,"column":6},"end":{"line":262,"column":7}}]},"18":{"loc":{"start":{"line":265,"column":6},"end":{"line":272,"column":7}},"type":"if","locations":[{"start":{"line":265,"column":6},"end":{"line":272,"column":7}},{"start":{"line":265,"column":6},"end":{"line":272,"column":7}}]},"19":{"loc":{"start":{"line":275,"column":6},"end":{"line":288,"column":7}},"type":"if","locations":[{"start":{"line":275,"column":6},"end":{"line":288,"column":7}},{"start":{"line":275,"column":6},"end":{"line":288,"column":7}}]},"20":{"loc":{"start":{"line":277,"column":8},"end":{"line":280,"column":9}},"type":"if","locations":[{"start":{"line":277,"column":8},"end":{"line":280,"column":9}},{"start":{"line":277,"column":8},"end":{"line":280,"column":9}}]},"21":{"loc":{"start":{"line":283,"column":8},"end":{"line":287,"column":9}},"type":"if","locations":[{"start":{"line":283,"column":8},"end":{"line":287,"column":9}},{"start":{"line":283,"column":8},"end":{"line":287,"column":9}}]},"22":{"loc":{"start":{"line":291,"column":4},"end":{"line":293,"column":5}},"type":"if","locations":[{"start":{"line":291,"column":4},"end":{"line":293,"column":5}},{"start":{"line":291,"column":4},"end":{"line":293,"column":5}}]},"23":{"loc":{"start":{"line":296,"column":4},"end":{"line":298,"column":5}},"type":"if","locations":[{"start":{"line":296,"column":4},"end":{"line":298,"column":5}},{"start":{"line":296,"column":4},"end":{"line":298,"column":5}}]},"24":{"loc":{"start":{"line":327,"column":79},"end":{"line":327,"column":51}},"type":"cond-expr","locations":[{"start":{"line":327,"column":79},"end":{"line":327,"column":51}},{"start":{"line":327,"column":117},"end":{"line":327,"column":8}}]},"25":{"loc":{"start":{"line":328,"column":79},"end":{"line":328,"column":51}},"type":"cond-expr","locations":[{"start":{"line":328,"column":79},"end":{"line":328,"column":51}},{"start":{"line":328,"column":117},"end":{"line":328,"column":8}}]},"26":{"loc":{"start":{"line":331,"column":43},"end":{"line":331,"column":28}},"type":"cond-expr","locations":[{"start":{"line":331,"column":43},"end":{"line":331,"column":28}},{"start":{"line":331,"column":64},"end":{"line":331,"column":8}}]},"27":{"loc":{"start":{"line":332,"column":53},"end":{"line":332,"column":33}},"type":"cond-expr","locations":[{"start":{"line":332,"column":53},"end":{"line":332,"column":33}},{"start":{"line":332,"column":79},"end":{"line":332,"column":8}}]},"28":{"loc":{"start":{"line":339,"column":8},"end":{"line":341,"column":9}},"type":"if","locations":[{"start":{"line":339,"column":8},"end":{"line":341,"column":9}},{"start":{"line":339,"column":8},"end":{"line":341,"column":9}}]},"29":{"loc":{"start":{"line":339,"column":12},"end":{"line":339,"column":11}},"type":"binary-expr","locations":[{"start":{"line":339,"column":12},"end":{"line":339,"column":11}},{"start":{"line":339,"column":41},"end":{"line":339,"column":8}}]},"30":{"loc":{"start":{"line":344,"column":41},"end":{"line":344,"column":25}},"type":"cond-expr","locations":[{"start":{"line":344,"column":41},"end":{"line":344,"column":25}},{"start":{"line":344,"column":92},"end":{"line":344,"column":8}}]},"31":{"loc":{"start":{"line":362,"column":45},"end":{"line":362,"column":29}},"type":"cond-expr","locations":[{"start":{"line":362,"column":45},"end":{"line":362,"column":29}},{"start":{"line":362,"column":97},"end":{"line":362,"column":8}}]},"32":{"loc":{"start":{"line":389,"column":8},"end":{"line":394,"column":9}},"type":"if","locations":[{"start":{"line":389,"column":8},"end":{"line":394,"column":9}},{"start":{"line":389,"column":8},"end":{"line":394,"column":9}}]},"33":{"loc":{"start":{"line":397,"column":45},"end":{"line":397,"column":29}},"type":"cond-expr","locations":[{"start":{"line":397,"column":45},"end":{"line":397,"column":29}},{"start":{"line":397,"column":95},"end":{"line":397,"column":8}}]},"34":{"loc":{"start":{"line":407,"column":43},"end":{"line":407,"column":27}},"type":"cond-expr","locations":[{"start":{"line":407,"column":43},"end":{"line":407,"column":27}},{"start":{"line":407,"column":89},"end":{"line":407,"column":8}}]},"35":{"loc":{"start":{"line":443,"column":65},"end":{"line":443,"column":16}},"type":"cond-expr","locations":[{"start":{"line":443,"column":65},"end":{"line":443,"column":16}},{"start":{"line":443,"column":16},"end":{"line":443,"column":4}}]},"36":{"loc":{"start":{"line":446,"column":20},"end":{"line":446,"column":14}},"type":"cond-expr","locations":[{"start":{"line":446,"column":20},"end":{"line":446,"column":14}},{"start":{"line":446,"column":28},"end":{"line":445,"column":42}}]},"37":{"loc":{"start":{"line":455,"column":8},"end":{"line":467,"column":9}},"type":"if","locations":[{"start":{"line":455,"column":8},"end":{"line":467,"column":9}},{"start":{"line":455,"column":8},"end":{"line":467,"column":9}}]},"38":{"loc":{"start":{"line":456,"column":10},"end":{"line":466,"column":11}},"type":"if","locations":[{"start":{"line":456,"column":10},"end":{"line":466,"column":11}},{"start":{"line":456,"column":10},"end":{"line":466,"column":11}}]},"39":{"loc":{"start":{"line":473,"column":10},"end":{"line":482,"column":12}},"type":"switch","locations":[{"start":{"line":473,"column":10},"end":{"line":482,"column":12}},{"start":{"line":483,"column":10},"end":{"line":492,"column":12}},{"start":{"line":493,"column":10},"end":{"line":496,"column":12}},{"start":{"line":497,"column":10},"end":{"line":500,"column":12}},{"start":{"line":501,"column":10},"end":{"line":504,"column":12}},{"start":{"line":505,"column":10},"end":{"line":null,"column":-1}},{"start":{"line":506,"column":10},"end":{"line":519,"column":12}},{"start":{"line":520,"column":10},"end":{"line":529,"column":12}},{"start":{"line":530,"column":10},"end":{"line":539,"column":12}},{"start":{"line":540,"column":10},"end":{"line":542,"column":12}}]},"40":{"loc":{"start":{"line":478,"column":12},"end":{"line":480,"column":13}},"type":"if","locations":[{"start":{"line":478,"column":12},"end":{"line":480,"column":13}},{"start":{"line":478,"column":12},"end":{"line":480,"column":13}}]},"41":{"loc":{"start":{"line":488,"column":12},"end":{"line":490,"column":13}},"type":"if","locations":[{"start":{"line":488,"column":12},"end":{"line":490,"column":13}},{"start":{"line":488,"column":12},"end":{"line":490,"column":13}}]},"42":{"loc":{"start":{"line":507,"column":12},"end":{"line":517,"column":13}},"type":"if","locations":[{"start":{"line":507,"column":12},"end":{"line":517,"column":13}},{"start":{"line":507,"column":12},"end":{"line":517,"column":13}}]},"43":{"loc":{"start":{"line":509,"column":14},"end":{"line":511,"column":15}},"type":"if","locations":[{"start":{"line":509,"column":14},"end":{"line":511,"column":15}},{"start":{"line":509,"column":14},"end":{"line":511,"column":15}}]},"44":{"loc":{"start":{"line":521,"column":12},"end":{"line":528,"column":13}},"type":"if","locations":[{"start":{"line":521,"column":12},"end":{"line":528,"column":13}},{"start":{"line":521,"column":12},"end":{"line":528,"column":13}}]},"45":{"loc":{"start":{"line":523,"column":14},"end":{"line":525,"column":15}},"type":"if","locations":[{"start":{"line":523,"column":14},"end":{"line":525,"column":15}},{"start":{"line":523,"column":14},"end":{"line":525,"column":15}}]},"46":{"loc":{"start":{"line":531,"column":12},"end":{"line":537,"column":13}},"type":"if","locations":[{"start":{"line":531,"column":12},"end":{"line":537,"column":13}},{"start":{"line":531,"column":12},"end":{"line":537,"column":13}}]},"47":{"loc":{"start":{"line":674,"column":24},"end":{"line":674,"column":23}},"type":"binary-expr","locations":[{"start":{"line":674,"column":24},"end":{"line":674,"column":23}},{"start":{"line":674,"column":58},"end":{"line":674,"column":4}}]},"48":{"loc":{"start":{"line":675,"column":23},"end":{"line":675,"column":22}},"type":"binary-expr","locations":[{"start":{"line":675,"column":23},"end":{"line":675,"column":22}},{"start":{"line":675,"column":51},"end":{"line":675,"column":4}}]},"49":{"loc":{"start":{"line":680,"column":53},"end":{"line":680,"column":25}},"type":"cond-expr","locations":[{"start":{"line":680,"column":53},"end":{"line":680,"column":25}},{"start":{"line":680,"column":99},"end":{"line":680,"column":6}}]},"50":{"loc":{"start":{"line":680,"column":53},"end":{"line":680,"column":92}},"type":"binary-expr","locations":[{"start":{"line":680,"column":53},"end":{"line":680,"column":92}},{"start":{"line":680,"column":93},"end":{"line":680,"column":25}}]},"51":{"loc":{"start":{"line":687,"column":32},"end":{"line":687,"column":10}},"type":"cond-expr","locations":[{"start":{"line":687,"column":32},"end":{"line":687,"column":10}},{"start":{"line":687,"column":46},"end":{"line":686,"column":8}}]},"52":{"loc":{"start":{"line":689,"column":8},"end":{"line":696,"column":9}},"type":"if","locations":[{"start":{"line":689,"column":8},"end":{"line":696,"column":9}},{"start":{"line":689,"column":8},"end":{"line":696,"column":9}}]},"53":{"loc":{"start":{"line":689,"column":12},"end":{"line":689,"column":11}},"type":"binary-expr","locations":[{"start":{"line":689,"column":12},"end":{"line":689,"column":11}},{"start":{"line":689,"column":37},"end":{"line":689,"column":8}}]},"54":{"loc":{"start":{"line":715,"column":58},"end":{"line":715,"column":36}},"type":"cond-expr","locations":[{"start":{"line":715,"column":58},"end":{"line":715,"column":36}},{"start":{"line":715,"column":97},"end":{"line":715,"column":6}}]},"55":{"loc":{"start":{"line":715,"column":58},"end":{"line":715,"column":90}},"type":"binary-expr","locations":[{"start":{"line":715,"column":58},"end":{"line":715,"column":90}},{"start":{"line":715,"column":91},"end":{"line":715,"column":36}}]},"56":{"loc":{"start":{"line":718,"column":8},"end":{"line":726,"column":9}},"type":"if","locations":[{"start":{"line":718,"column":8},"end":{"line":726,"column":9}},{"start":{"line":718,"column":8},"end":{"line":726,"column":9}}]},"57":{"loc":{"start":{"line":720,"column":10},"end":{"line":725,"column":11}},"type":"if","locations":[{"start":{"line":720,"column":10},"end":{"line":725,"column":11}},{"start":{"line":720,"column":10},"end":{"line":725,"column":11}}]},"58":{"loc":{"start":{"line":735,"column":89},"end":{"line":735,"column":56}},"type":"cond-expr","locations":[{"start":{"line":735,"column":89},"end":{"line":735,"column":56}},{"start":{"line":735,"column":57},"end":{"line":735,"column":89}}]},"59":{"loc":{"start":{"line":735,"column":89},"end":{"line":735,"column":56}},"type":"binary-expr","locations":[{"start":{"line":735,"column":89},"end":{"line":735,"column":56}},{"start":{"line":735,"column":89},"end":{"line":735,"column":56}}]},"60":{"loc":{"start":{"line":739,"column":36},"end":{"line":739,"column":22}},"type":"cond-expr","locations":[{"start":{"line":739,"column":36},"end":{"line":739,"column":22}},{"start":{"line":739,"column":69},"end":{"line":739,"column":4}}]},"61":{"loc":{"start":{"line":741,"column":4},"end":{"line":754,"column":5}},"type":"if","locations":[{"start":{"line":741,"column":4},"end":{"line":754,"column":5}},{"start":{"line":741,"column":4},"end":{"line":754,"column":5}}]},"62":{"loc":{"start":{"line":748,"column":6},"end":{"line":750,"column":7}},"type":"if","locations":[{"start":{"line":748,"column":6},"end":{"line":750,"column":7}},{"start":{"line":748,"column":6},"end":{"line":750,"column":7}}]},"63":{"loc":{"start":{"line":751,"column":6},"end":{"line":753,"column":7}},"type":"if","locations":[{"start":{"line":751,"column":6},"end":{"line":753,"column":7}},{"start":{"line":751,"column":6},"end":{"line":753,"column":7}}]},"64":{"loc":{"start":{"line":752,"column":90},"end":{"line":752,"column":64}},"type":"cond-expr","locations":[{"start":{"line":752,"column":90},"end":{"line":752,"column":64}},{"start":{"line":752,"column":107},"end":{"line":752,"column":8}}]},"65":{"loc":{"start":{"line":770,"column":6},"end":{"line":772,"column":7}},"type":"if","locations":[{"start":{"line":770,"column":6},"end":{"line":772,"column":7}},{"start":{"line":770,"column":6},"end":{"line":772,"column":7}}]},"66":{"loc":{"start":{"line":781,"column":6},"end":{"line":783,"column":8}},"type":"switch","locations":[{"start":{"line":781,"column":6},"end":{"line":783,"column":8}},{"start":{"line":784,"column":6},"end":{"line":786,"column":8}},{"start":{"line":787,"column":6},"end":{"line":789,"column":8}},{"start":{"line":790,"column":6},"end":{"line":792,"column":8}},{"start":{"line":793,"column":6},"end":{"line":795,"column":8}},{"start":{"line":796,"column":6},"end":{"line":798,"column":8}},{"start":{"line":799,"column":6},"end":{"line":801,"column":8}},{"start":{"line":802,"column":6},"end":{"line":804,"column":8}},{"start":{"line":805,"column":6},"end":{"line":806,"column":8}}]},"67":{"loc":{"start":{"line":820,"column":4},"end":{"line":853,"column":5}},"type":"if","locations":[{"start":{"line":820,"column":4},"end":{"line":853,"column":5}},{"start":{"line":820,"column":4},"end":{"line":853,"column":5}}]},"68":{"loc":{"start":{"line":823,"column":9},"end":{"line":853,"column":5}},"type":"if","locations":[{"start":{"line":823,"column":9},"end":{"line":853,"column":5}},{"start":{"line":823,"column":9},"end":{"line":853,"column":5}}]},"69":{"loc":{"start":{"line":824,"column":49},"end":{"line":824,"column":39}},"type":"cond-expr","locations":[{"start":{"line":824,"column":49},"end":{"line":824,"column":39}},{"start":{"line":824,"column":78},"end":{"line":824,"column":6}}]},"70":{"loc":{"start":{"line":824,"column":49},"end":{"line":824,"column":71}},"type":"binary-expr","locations":[{"start":{"line":824,"column":49},"end":{"line":824,"column":71}},{"start":{"line":824,"column":72},"end":{"line":824,"column":39}}]},"71":{"loc":{"start":{"line":827,"column":8},"end":{"line":829,"column":9}},"type":"if","locations":[{"start":{"line":827,"column":8},"end":{"line":829,"column":9}},{"start":{"line":827,"column":8},"end":{"line":829,"column":9}}]},"72":{"loc":{"start":{"line":833,"column":49},"end":{"line":833,"column":39}},"type":"cond-expr","locations":[{"start":{"line":833,"column":49},"end":{"line":833,"column":39}},{"start":{"line":833,"column":78},"end":{"line":833,"column":6}}]},"73":{"loc":{"start":{"line":833,"column":49},"end":{"line":833,"column":71}},"type":"binary-expr","locations":[{"start":{"line":833,"column":49},"end":{"line":833,"column":71}},{"start":{"line":833,"column":72},"end":{"line":833,"column":39}}]},"74":{"loc":{"start":{"line":836,"column":8},"end":{"line":851,"column":9}},"type":"if","locations":[{"start":{"line":836,"column":8},"end":{"line":851,"column":9}},{"start":{"line":836,"column":8},"end":{"line":851,"column":9}}]},"75":{"loc":{"start":{"line":839,"column":10},"end":{"line":841,"column":11}},"type":"if","locations":[{"start":{"line":839,"column":10},"end":{"line":841,"column":11}},{"start":{"line":839,"column":10},"end":{"line":841,"column":11}}]},"76":{"loc":{"start":{"line":843,"column":13},"end":{"line":851,"column":9}},"type":"if","locations":[{"start":{"line":843,"column":13},"end":{"line":851,"column":9}},{"start":{"line":843,"column":13},"end":{"line":851,"column":9}}]},"77":{"loc":{"start":{"line":846,"column":10},"end":{"line":850,"column":11}},"type":"if","locations":[{"start":{"line":846,"column":10},"end":{"line":850,"column":11}},{"start":{"line":846,"column":10},"end":{"line":850,"column":11}}]},"78":{"loc":{"start":{"line":860,"column":74},"end":{"line":860,"column":39}},"type":"cond-expr","locations":[{"start":{"line":860,"column":74},"end":{"line":860,"column":39}},{"start":{"line":860,"column":40},"end":{"line":860,"column":74}}]},"79":{"loc":{"start":{"line":860,"column":74},"end":{"line":860,"column":39}},"type":"binary-expr","locations":[{"start":{"line":860,"column":74},"end":{"line":860,"column":39}},{"start":{"line":860,"column":74},"end":{"line":860,"column":39}}]},"80":{"loc":{"start":{"line":860,"column":74},"end":{"line":860,"column":66}},"type":"cond-expr","locations":[{"start":{"line":860,"column":74},"end":{"line":860,"column":66}},{"start":{"line":860,"column":67},"end":{"line":860,"column":74}}]},"81":{"loc":{"start":{"line":860,"column":74},"end":{"line":860,"column":66}},"type":"binary-expr","locations":[{"start":{"line":860,"column":74},"end":{"line":860,"column":66}},{"start":{"line":860,"column":74},"end":{"line":860,"column":66}}]},"82":{"loc":{"start":{"line":864,"column":35},"end":{"line":864,"column":22}},"type":"cond-expr","locations":[{"start":{"line":864,"column":35},"end":{"line":864,"column":22}},{"start":{"line":864,"column":48},"end":{"line":864,"column":13}}]},"83":{"loc":{"start":{"line":950,"column":4},"end":{"line":966,"column":5}},"type":"if","locations":[{"start":{"line":950,"column":4},"end":{"line":966,"column":5}},{"start":{"line":950,"column":4},"end":{"line":966,"column":5}}]},"84":{"loc":{"start":{"line":960,"column":6},"end":{"line":965,"column":7}},"type":"if","locations":[{"start":{"line":960,"column":6},"end":{"line":965,"column":7}},{"start":{"line":960,"column":6},"end":{"line":965,"column":7}}]}},"s":{"0":0,"1":0,"2":0,"3":0,"4":0,"5":0,"6":0,"7":0,"8":0,"9":0,"10":0,"11":0,"12":0,"13":0,"14":0,"15":0,"16":0,"17":0,"18":0,"19":0,"20":0,"21":0,"22":0,"23":0,"24":0,"25":0,"26":0,"27":0,"28":0,"29":0,"30":0,"31":0,"32":0,"33":0,"34":0,"35":0,"36":0,"37":0,"38":0,"39":0,"40":0,"41":0,"42":0,"43":0,"44":0,"45":0,"46":0,"47":0,"48":0,"49":0,"50":0,"51":0,"52":0,"53":0,"54":0,"55":0,"56":0,"57":0,"58":0,"59":0,"60":0,"61":0,"62":0,"63":0,"64":0,"65":0,"66":0,"67":0,"68":0,"69":0,"70":0,"71":0,"72":0,"73":0,"74":0,"75":0,"76":0,"77":0,"78":0,"79":0,"80":0,"81":0,"82":0,"83":0,"84":0,"85":0,"86":0,"87":0,"88":0,"89":0,"90":0,"91":0,"92":0,"93":0,"94":0,"95":0,"96":0,"97":0,"98":0,"99":0,"100":0,"101":0,"102":0,"103":0,"104":0,"105":0,"106":0,"107":0,"108":0,"109":0,"110":0,"111":0,"112":0,"113":0,"114":0,"115":0,"116":0,"117":0,"118":0,"119":0,"120":0,"121":0,"122":0,"123":0,"124":0,"125":0,"126":0,"127":0,"128":0,"129":0,"130":0,"131":0,"132":0,"133":0,"134":0,"135":0,"136":0,"137":0,"138":0,"139":0,"140":0,"141":0,"142":0,"143":0,"144":0,"145":0,"146":0,"147":0,"148":0,"149":0,"150":0,"151":0,"152":0,"153":0,"154":0,"155":0,"156":0,"157":0,"158":0,"159":0,"160":0,"161":0,"162":0,"163":0,"164":0,"165":0,"166":0,"167":0,"168":0,"169":0,"170":0,"171":0,"172":0,"173":0,"174":0,"175":0,"176":0,"177":0,"178":0,"179":0,"180":0,"181":0,"182":0,"183":0,"184":0,"185":0,"186":0,"187":0,"188":0,"189":0,"190":0,"191":0,"192":0,"193":0,"194":0,"195":0,"196":0,"197":0,"198":0,"199":0,"200":0,"201":0,"202":0,"203":0,"204":0,"205":0,"206":0,"207":0,"208":0,"209":0,"210":0,"211":0,"212":0,"213":0,"214":0,"215":0,"216":0,"217":0,"218":0,"219":0,"220":0,"221":0,"222":0,"223":0,"224":0,"225":0,"226":0,"227":0,"228":0,"229":0,"230":0,"231":0,"232":0,"233":0,"234":0,"235":0,"236":0,"237":0,"238":0,"239":0,"240":0,"241":0,"242":0,"243":0,"244":0,"245":0,"246":0,"247":0,"248":0,"249":0,"250":0,"251":0,"252":0,"253":0,"254":0,"255":0,"256":0,"257":0,"258":0,"259":0,"260":0,"261":0,"262":0,"263":0,"264":0,"265":0,"266":0,"267":0,"268":0,"269":0,"270":0,"271":0,"272":0,"273":0,"274":0,"275":0,"276":0,"277":0,"278":0,"279":0,"280":0,"281":0,"282":0,"283":0,"284":0,"285":0,"286":0,"287":0,"288":0,"289":0,"290":0,"291":0,"292":0,"293":0,"294":0,"295":0,"296":0,"297":0,"298":0,"299":0,"300":0,"301":0,"302":0,"303":0,"304":0,"305":0,"306":0,"307":0,"308":0,"309":0,"310":0,"311":0,"312":0,"313":0,"314":0,"315":0,"316":0,"317":0,"318":0,"319":0,"320":0,"321":0,"322":0,"323":0,"324":0,"325":0,"326":0,"327":0,"328":0,"329":0,"330":0,"331":0,"332":0,"333":0,"334":0,"335":0,"336":0,"337":0,"338":0,"339":0,"340":0,"341":0,"342":0,"343":0,"344":0,"345":0,"346":0,"347":0,"348":0,"349":0,"350":0,"351":0,"352":0,"353":0,"354":0,"355":0,"356":0,"357":0,"358":0,"359":0,"360":0,"361":0,"362":0,"363":0,"364":0,"365":0,"366":0,"367":0,"368":0,"369":0,"370":0,"371":0,"372":0,"373":0,"374":0,"375":0,"376":0,"377":0,"378":0,"379":0,"380":0,"381":0,"382":0,"383":0,"384":0,"385":0,"386":0,"387":0,"388":0,"389":0,"390":0,"391":0,"392":0,"393":0,"394":0,"395":0,"396":0,"397":0,"398":0,"399":0,"400":0,"401":0,"402":0,"403":0,"404":0,"405":0,"406":0,"407":0,"408":0,"409":0,"410":0,"411":0,"412":0,"413":0,"414":0,"415":0,"416":0,"417":0,"418":0,"419":0,"420":0,"421":0},"f":{"0":0,"1":0,"2":0,"3":0,"4":0,"5":0,"6":0,"7":0,"8":0,"9":0,"10":0,"11":0,"12":0,"13":0,"14":0,"15":0,"16":0,"17":0,"18":0,"19":0,"20":0,"21":0,"22":0,"23":0,"24":0,"25":0,"26":0,"27":0,"28":0,"29":0,"30":0,"31":0,"32":0,"33":0,"34":0,"35":0,"36":0,"37":0,"38":0,"39":0,"40":0,"41":0,"42":0,"43":0,"44":0,"45":0,"46":0,"47":0,"48":0,"49":0,"50":0,"51":0,"52":0,"53":0,"54":0,"55":0,"56":0,"57":0,"58":0,"59":0,"60":0,"61":0,"62":0,"63":0,"64":0,"65":0,"66":0,"67":0,"68":0,"69":0,"70":0,"71":0,"72":0,"73":0,"74":0,"75":0,"76":0,"77":0,"78":0,"79":0,"80":0,"81":0,"82":0,"83":0,"84":0,"85":0,"86":0,"87":0,"88":0,"89":0,"90":0,"91":0,"92":0,"93":0,"94":0,"95":0,"96":0,"97":0,"98":0,"99":0,"100":0,"101":0,"102":0,"103":0,"104":0,"105":0,"106":0,"107":0,"108":0,"109":0},"b":{"0":[0,0],"1":[0,0],"2":[0,0],"3":[0,0],"4":[0,0],"5":[0,0],"6":[0,0],"7":[0,0],"8":[0,0],"9":[0,0],"10":[0,0],"11":[0,0],"12":[0,0],"13":[0,0],"14":[0,0],"15":[0,0],"16":[0,0],"17":[0,0],"18":[0,0],"19":[0,0],"20":[0,0],"21":[0,0],"22":[0,0],"23":[0,0],"24":[0,0],"25":[0,0],"26":[0,0],"27":[0,0],"28":[0,0],"29":[0,0],"30":[0,0],"31":[0,0],"32":[0,0],"33":[0,0],"34":[0,0],"35":[0,0],"36":[0,0],"37":[0,0],"38":[0,0],"39":[0,0,0,0,0,0,0,0,0,0],"40":[0,0],"41":[0,0],"42":[0,0],"43":[0,0],"44":[0,0],"45":[0,0],"46":[0,0],"47":[0,0],"48":[0,0],"49":[0,0],"50":[0,0],"51":[0,0],"52":[0,0],"53":[0,0],"54":[0,0],"55":[0,0],"56":[0,0],"57":[0,0],"58":[0,0],"59":[0,0],"60":[0,0],"61":[0,0],"62":[0,0],"63":[0,0],"64":[0,0],"65":[0,0],"66":[0,0,0,0,0,0,0,0,0],"67":[0,0],"68":[0,0],"69":[0,0],"70":[0,0],"71":[0,0],"72":[0,0],"73":[0,0],"74":[0,0],"75":[0,0],"76":[0,0],"77":[0,0],"78":[0,0],"79":[0,0],"80":[0,0],"81":[0,0],"82":[0,0],"83":[0,0],"84":[0,0]}}
,"/var/www/sites/all/modules/custom/odp_react_forms/spa/app/components/App.js": {"path":"/var/www/sites/all/modules/custom/odp_react_forms/spa/app/components/App.js","statementMap":{"0":{"start":{"line":1,"column":0},"end":{"line":null,"column":-1}},"1":{"start":{"line":3,"column":0},"end":{"line":null,"column":-1}},"2":{"start":{"line":4,"column":0},"end":{"line":null,"column":-1}},"3":{"start":{"line":5,"column":0},"end":{"line":null,"column":-1}},"4":{"start":{"line":7,"column":0},"end":{"line":null,"column":-1}},"5":{"start":{"line":9,"column":14},"end":{"line":9,"column":0}},"6":{"start":{"line":13,"column":4},"end":{"line":null,"column":-1}}},"fnMap":{},"branchMap":{},"s":{"0":0,"1":0,"2":0,"3":0,"4":0,"5":0,"6":0},"f":{},"b":{}}
,"/var/www/sites/all/modules/custom/odp_react_forms/spa/app/components/AppContainer.js": {"path":"/var/www/sites/all/modules/custom/odp_react_forms/spa/app/components/AppContainer.js","statementMap":{"0":{"start":{"line":1,"column":0},"end":{"line":null,"column":-1}},"1":{"start":{"line":2,"column":0},"end":{"line":null,"column":-1}},"2":{"start":{"line":3,"column":0},"end":{"line":null,"column":-1}},"3":{"start":{"line":4,"column":0},"end":{"line":null,"column":-1}},"4":{"start":{"line":5,"column":0},"end":{"line":null,"column":-1}},"5":{"start":{"line":6,"column":0},"end":{"line":null,"column":-1}},"6":{"start":{"line":9,"column":0},"end":{"line":null,"column":-1}},"7":{"start":{"line":11,"column":9},"end":{"line":null,"column":-1}},"8":{"start":{"line":16,"column":16},"end":{"line":null,"column":-1}},"9":{"start":{"line":30,"column":4},"end":{"line":39,"column":5}},"10":{"start":{"line":31,"column":6},"end":{"line":34,"column":7}},"11":{"start":{"line":32,"column":8},"end":{"line":null,"column":-1}},"12":{"start":{"line":33,"column":8},"end":{"line":null,"column":-1}},"13":{"start":{"line":37,"column":6},"end":{"line":null,"column":-1}},"14":{"start":{"line":38,"column":6},"end":{"line":null,"column":-1}},"15":{"start":{"line":20,"column":4},"end":{"line":null,"column":-1}},"16":{"start":{"line":43,"column":4},"end":{"line":null,"column":-1}},"17":{"start":{"line":55,"column":4},"end":{"line":null,"column":-1}},"18":{"start":{"line":59,"column":44},"end":{"line":58,"column":11}},"19":{"start":{"line":58,"column":11},"end":{"line":58,"column":10}},"20":{"start":{"line":60,"column":20},"end":{"line":60,"column":4}},"21":{"start":{"line":62,"column":4},"end":{"line":null,"column":-1}},"22":{"start":{"line":64,"column":29},"end":{"line":null,"column":-1}}},"fnMap":{"0":{"name":"(anonymous_9)","decl":{"start":{"line":11,"column":9},"end":{"line":null,"column":-1}},"loc":{"start":{"line":11,"column":9},"end":{"line":11,"column":1}}},"1":{"name":"AppContainer","decl":{"start":{"line":16,"column":2},"end":{"line":16,"column":15}},"loc":{"start":{"line":16,"column":16},"end":{"line":27,"column":3}}},"2":{"name":"(anonymous_12)","decl":{"start":{"line":29,"column":13},"end":{"line":29,"column":13}},"loc":{"start":{"line":29,"column":24},"end":{"line":16,"column":16}}},"3":{"name":"ref","decl":{"start":{"line":64,"column":29},"end":{"line":64,"column":29}},"loc":{"start":{"line":64,"column":29},"end":{"line":64,"column":8}}}},"branchMap":{"0":{"loc":{"start":{"line":16,"column":16},"end":{"line":17,"column":12}},"type":"binary-expr","locations":[{"start":{"line":16,"column":16},"end":{"line":17,"column":12}},{"start":{"line":16,"column":16},"end":{"line":17,"column":
[...]
start":{"line":29,"column":8},"end":{"line":31,"column":9}},"16":{"start":{"line":30,"column":10},"end":{"line":null,"column":-1}},"17":{"start":{"line":32,"column":8},"end":{"line":null,"column":-1}},"18":{"start":{"line":36,"column":4},"end":{"line":null,"column":-1}},"19":{"start":{"line":38,"column":4},"end":{"line":null,"column":-1}},"20":{"start":{"line":42,"column":8},"end":{"line":42,"column":4}},"21":{"start":{"line":43,"column":4},"end":{"line":null,"column":-1}},"22":{"start":{"line":46,"column":22},"end":{"line":46,"column":4}},"23":{"start":{"line":47,"column":4},"end":{"line":51,"column":5}},"24":{"start":{"line":48,"column":6},"end":{"line":50,"column":7}},"25":{"start":{"line":49,"column":8},"end":{"line":null,"column":-1}},"26":{"start":{"line":53,"column":4},"end":{"line":55,"column":5}},"27":{"start":{"line":54,"column":6},"end":{"line":null,"column":-1}},"28":{"start":{"line":57,"column":4},"end":{"line":null,"column":-1}},"29":{"start":{"line":59,"column":4},"end":{"line":null,"column":-1}},"30":{"start":{"line":63,"column":4},"end":{"line":null,"column":-1}},"31":{"start":{"line":64,"column":20},"end":{"line":64,"column":6}},"32":{"start":{"line":66,"column":6},"end":{"line":null,"column":-1}},"33":{"start":{"line":67,"column":27},"end":{"line":67,"column":8}},"34":{"start":{"line":68,"column":8},"end":{"line":70,"column":9}},"35":{"start":{"line":69,"column":10},"end":{"line":null,"column":-1}},"36":{"start":{"line":71,"column":8},"end":{"line":null,"column":-1}},"37":{"start":{"line":73,"column":6},"end":{"line":null,"column":-1}},"38":{"start":{"line":76,"column":4},"end":{"line":null,"column":-1}},"39":{"start":{"line":80,"column":4},"end":{"line":null,"column":-1}},"40":{"start":{"line":13,"column":4},"end":{"line":null,"column":-1}},"41":{"start":{"line":85,"column":20},"end":{"line":85,"column":4}},"42":{"start":{"line":86,"column":4},"end":{"line":null,"column":-1}},"43":{"start":{"line":87,"column":4},"end":{"line":null,"column":-1}},"44":{"start":{"line":89,"column":4},"end":{"line":null,"column":-1}},"45":{"start":{"line":95,"column":31},"end":{"line":94,"column":39}},"46":{"start":{"line":96,"column":26},"end":{"line":94,"column":39}},"47":{"start":{"line":98,"column":4},"end":{"line":98,"column":20}},"48":{"start":{"line":98,"column":20},"end":{"line":null,"column":-1}},"49":{"start":{"line":100,"column":24},"end":{"line":100,"column":4}},"50":{"start":{"line":103,"column":4},"end":{"line":117,"column":5}},"51":{"start":{"line":104,"column":6},"end":{"line":116,"column":7}},"52":{"start":{"line":105,"column":23},"end":{"line":105,"column":8}},"53":{"start":{"line":106,"column":8},"end":{"line":null,"column":-1}},"54":{"start":{"line":107,"column":8},"end":{"line":null,"column":-1}},"55":{"start":{"line":108,"column":29},"end":{"line":108,"column":10}},"56":{"start":{"line":109,"column":10},"end":{"line":111,"column":11}},"57":{"start":{"line":110,"column":12},"end":{"line":null,"column":-1}},"58":{"start":{"line":112,"column":10},"end":{"line":null,"column":-1}},"59":{"start":{"line":115,"column":8},"end":{"line":null,"column":-1}},"60":{"start":{"line":119,"column":4},"end":{"line":123,"column":5}},"61":{"start":{"line":120,"column":21},"end":{"line":120,"column":6}},"62":{"start":{"line":121,"column":6},"end":{"line":null,"column":-1}},"63":{"start":{"line":122,"column":6},"end":{"line":null,"column":-1}},"64":{"start":{"line":125,"column":4},"end":{"line":null,"column":-1}},"65":{"start":{"line":131,"column":72},"end":{"line":130,"column":11}},"66":{"start":{"line":130,"column":11},"end":{"line":130,"column":10}},"67":{"start":{"line":132,"column":19},"end":{"line":132,"column":4}},"68":{"start":{"line":141,"column":4},"end":{"line":null,"column":-1}},"69":{"start":{"line":152,"column":2},"end":{"line":null,"column":-1}},"70":{"start":{"line":158,"column":0},"end":{"line":null,"column":-1}}},"fnMap":{"0":{"name":"MultiValueField","decl":{"start":{"line":10,"column":2},"end":{"line":10,"column":15}},"loc":{"start":{"line":10,"column":16},"end":{"line":17,"column":3}}},"1":{"name":"(anonymous_10)","decl":{"start":{"line":19,"column":19},"end":{"line":19,"column":24}},"loc":{"start":{"line":19,"column":25},"end":{"line":10,"column":16}}},"2":{"name":"(anonymous_11)","decl":{"start":{"line":27,"column":26},"end":{"line":27,"column":26}},"loc":{"start":{"line":27,"column":37},"end":{"line":27,"column":6}}},"3":{"name":"(anonymous_12)","decl":{"start":{"line":41,"column":22},"end":{"line":41,"column":22}},"loc":{"start":{"line":41,"column":33},"end":{"line":10,"column":16}}},"4":{"name":"(anonymous_13)","decl":{"start":{"line":62,"column":21},"end":{"line":62,"column":21}},"loc":{"start":{"line":62,"column":39},"end":{"line":10,"column":16}}},"5":{"name":"(anonymous_14)","decl":{"start":{"line":63,"column":44},"end":{"line":63,"column":44}},"loc":{"start":{"line":63,"column":67},"end":{"line":63,"column":27}}},"6":{"name":"(anonymous_15)","decl":{"start":{"line":66,"column":42},"end":{"line":66,"column":53}},"loc":{"start":{"line":66,"column":54},"end":{"line":66,"column":23}}},"7":{"name":"(anonymous_18)","decl":{"start":{"line":107,"column":47},"end":{"line":107,"column":47}},"loc":{"start":{"line":107,"column":65},"end":{"line":107,"column":27}}},"8":{"name":"mapStateToProps","decl":{"start":{"line":151,"column":9},"end":{"line":151,"column":0}},"loc":{"start":{"line":151,"column":33},"end":{"line":156,"column":1}}}},"branchMap":{"0":{"loc":{"start":{"line":10,"column":16},"end":{"line":null,"column":-1}},"type":"binary-expr","locations":[{"start":{"line":10,"column":16},"end":{"line":null,"column":-1}},{"start":{"line":10,"column":16},"end":{"line":null,"column":-1}}]},"1":{"loc":{"start":{"line":26,"column":4},"end":{"line":34,"column":5}},"type":"if","locations":[{"start":{"line":26,"column":4},"end":{"line":34,"column":5}},{"start":{"line":26,"column":4},"end":{"line":34,"column":5}}]},"2":{"loc":{"start":{"line":29,"column":8},"end":{"line":31,"column":9}},"type":"if","locations":[{"start":{"line":29,"column":8},"end":{"line":31,"column":9}},{"start":{"line":29,"column":8},"end":{"line":31,"column":9}}]},"3":{"loc":{"start":{"line":48,"column":6},"end":{"line":50,"column":7}},"type":"if","locations":[{"start":{"line":48,"column":6},"end":{"line":50,"column":7}},{"start":{"line":48,"column":6},"end":{"line":50,"column":7}}]},"4":{"loc":{"start":{"line":53,"column":4},"end":{"line":55,"column":5}},"type":"if","locations":[{"start":{"line":53,"column":4},"end":{"line":55,"column":5}},{"start":{"line":53,"column":4},"end":{"line":55,"column":5}}]},"5":{"loc":{"start":{"line":63,"column":4},"end":{"line":63,"column":3}},"type":"binary-expr","locations":[{"start":{"line":63,"column":4},"end":{"line":63,"column":3}},{"start":{"line":63,"column":27},"end":{"line":63,"column":4}}]},"6":{"loc":{"start":{"line":68,"column":8},"end":{"line":70,"column":9}},"type":"if","locations":[{"start":{"line":68,"column":8},"end":{"line":70,"column":9}},{"start":{"line":68,"column":8},"end":{"line":70,"column":9}}]},"7":{"loc":{"start":{"line":98,"column":4},"end":{"line":98,"column":20}},"type":"if","locations":[{"start":{"line":98,"column":4},"end":{"line":98,"column":20}},{"start":{"line":98,"column":4},"end":{"line":98,"column":20}}]},"8":{"loc":{"start":{"line":104,"column":6},"end":{"line":116,"column":7}},"type":"if","locations":[{"start":{"line":104,"column":6},"end":{"line":116,"column":7}},{"start":{"line":104,"column":6},"end":{"line":116,"column":7}}]},"9":{"loc":{"start":{"line":107,"column":8},"end":{"line":107,"column":7}},"type":"binary-expr","locations":[{"start":{"line":107,"column":8},"end":{"line":107,"column":7}},{"start":{"line":107,"column":27},"end":{"line":107,"column":8}}]},"10":{"loc":{"start":{"line":109,"column":10},"end":{"line":111,"column":11}},"type":"if","locations":[{"start":{"line":109,"column":10},"end":{"line":111,"column":11}},{"start":{"line":109,"column":10},"end":{"line":111,"column":11}}]},"11":{"loc":{"start":{"line":119,"column":4},"end":{"line":123,"column":5}},"type":"if","locations":[{"start":{"line":119,"column":4},"end":{"line":123,"column":5}},{"start":{"line":119,"column":4},"end":{"line":123,"column":5}}]}},"s":{"0":0,"1":0,"2":0,"3":0,"4":0,"5":0,"6":0,"7":0,"8":0,"9":0,"10":0,"11":0,"12":0,"13":0,"14":0,"15":0,"16":0,"17":0,"18":0,"19":0,"20":0,"21":0,"22":0,"23":0,"24":0,"25":0,"26":0,"27":0,"28":0,"29":0,"30":0,"31":0,"32":0,"33":0,"34":0,"35":0,"36":0,"37":0,"38":0,"39":0,"40":0,"41":0,"42":0,"43":0,"44":0,"45":0,"46":0,"47":0,"48":0,"49":0,"50":0,"51":0,"52":0,"53":0,"54":0,"55":0,"56":0,"57":0,"58":0,"59":0,"60":0,"61":0,"62":0,"63":0,"64":0,"65":0,"66":0,"67":0,"68":0,"69":0,"70":0},"f":{"0":0,"1":0,"2":0,"3":0,"4":0,"5":0,"6":0,"7":0,"8":0},"b":{"0":[0,0],"1":[0,0],"2":[0,0],"3":[0,0],"4":[0,0],"5":[0,0],"6":[0,0],"7":[0,0],"8":[0,0],"9":[0,0],"10":[0,0],"11":[0,0]}}
,"/var/www/sites/all/modules/custom/odp_react_forms/spa/app/utils/formBuilder/formComponents/RadioButtons.js": {"path":"/var/www/sites/all/modules/custom/odp_react_forms/spa/app/utils/formBuilder/formComponents/RadioButtons.js","statementMap":{"0":{"start":{"line":1,"column":0},"end":{"line":null,"column":-1}},"1":{"start":{"line":3,"column":0},"end":{"line":null,"column":-1}},"2":{"start":{"line":4,"column":0},"end":{"line":null,"column":-1}},"3":{"start":{"line":6,"column":19},"end":{"line":6,"column":0}},"4":{"start":{"line":10,"column":43},"end":{"line":9,"column":11}},"5":{"start":{"line":9,"column":11},"end":{"line":9,"column":10}},"6":{"start":{"line":11,"column":51},"end":{"line":9,"column":11}},"7":{"start":{"line":12,"column":29},"end":{"line":9,"column":11}},"8":{"start":{"line":14,"column":28},"end":{"line":14,"column":4}},"9":{"start":{"line":16,"column":19},"end":{"line":16,"column":4}},"10":{"start":{"line":16,"column":38},"end":{"line":null,"column":-1}},"11":{"start":{"line":20,"column":4},"end":{"line":null,"column":-1}},"12":{"start":{"line":31,"column":0},"end":{"line":null,"column":-1}}},"fnMap":{"0":{"name":"(anonymous_11)","decl":{"start":{"line":16,"column":38},"end":{"line":16,"column":38}},"loc":{"start":{"line":16,"column":38},"end":{"line":16,"column":19}}}},"branchMap":{"0":{"loc":{"start":{"line":14,"column":27},"end":{"line":14,"column":96}},"type":"cond-expr","locations":[{"start":{"line":14,"column":27},"end":{"line":14,"column":96}},{"start":{"line":14,"column":97},"end":{"line":14,"column":4}}]},"1":{"loc":{"start":{"line":14,"column":28},"end":{"line":14,"column":43}},"type":"binary-expr","locations":[{"start":{"line":14,"column":28},"end":{"line":14,"column":43}},{"start":{"line":14,"column":44},"end":{"line":14,"column":27}}]}},"s":{"0":0,"1":0,"2":0,"3":0,"4":0,"5":0,"6":0,"7":0,"8":0,"9":0,"10":0,"11":0,"12":0},"f":{"0":0},"b":{"0":[0,0],"1":[0,0]}}
,"/var/www/sites/all/modules/custom/odp_react_forms/spa/app/utils/formBuilder/formComponents/RadioSwitcher.js": {"path":"/var/www/sites/all/modules/custom/odp_react_forms/spa/app/utils/formBuilder/formComponents/RadioSwitcher.js","statementMap":{"0":{"start":{"line":1,"column":0},"end":{"line":null,"column":-1}},"1":{"start":{"line":3,"column":0},"end":{"line":null,"column":-1}},"2":{"start":{"line":4,"column":0},"end":{"line":null,"column":-1}},"3":{"start":{"line":6,"column":20},"end":{"line":6,"column":0}},"4":{"start":{"line":7,"column":19},"end":{"line":7,"column":0}},"5":{"start":{"line":11,"column":43},"end":{"line":10,"column":11}},"6":{"start":{"line":10,"column":11},"end":{"line":10,"column":10}},"7":{"start":{"line":12,"column":51},"end":{"line":10,"column":11}},"8":{"start":{"line":14,"column":19},"end":{"line":14,"column":4}},"9":{"start":{"line":14,"column":31},"end":{"line":null,"column":-1}},"10":{"start":{"line":18,"column":4},"end":{"line":null,"column":-1}},"11":{"start":{"line":30,"column":0},"end":{"line":null,"column":-1}}},"fnMap":{"0":{"name":"(anonymous_10)","decl":{"start":{"line":14,"column":31},"end":{"line":14,"column":31}},"loc":{"start":{"line":14,"column":31},"end":{"line":14,"column":19}}}},"branchMap":{},"s":{"0":0,"1":0,"2":0,"3":0,"4":0,"5":0,"6":0,"7":0,"8":0,"9":0,"10":0,"11":0},"f":{"0":0},"b":{}}
,"/var/www/sites/all/modules/custom/odp_react_forms/spa/app/utils/formBuilder/formComponents/Select.js": {"path":"/var/www/sites/all/modules/custom/odp_react_forms/spa/app/utils/formBuilder/formComponents/Select.js","statementMap":{"0":{"start":{"line":1,"column":0},"end":{"line":null,"column":-1}},"1":{"start":{"line":3,"column":0},"end":{"line":null,"column":-1}},"2":{"start":{"line":4,"column":0},"end":{"line":null,"column":-1}},"3":{"start":{"line":11,"column":4},"end":{"line":null,"column":-1}},"4":{"start":{"line":12,"column":10},"end":{"line":12,"column":6}},"5":{"start":{"line":13,"column":6},"end":{"line":22,"column":7}},"6":{"start":{"line":14,"column":8},"end":{"line":null,"column":-1}},"7":{"start":{"line":19,"column":8},"end":{"line":null,"column":-1}},"8":{"start":{"line":23,"column":6},"end":{"line":null,"column":-1}},"9":{"start":{"line":29,"column":43},"end":{"line":28,"column":11}},"10":{"start":{"line":28,"column":11},"end":{"line":28,"column":10}},"11":{"start":{"line":30,"column":51},"end":{"line":28,"column":11}},"12":{"start":{"line":31,"column":19},"end":{"line":31,"column":4}},"13":{"start":{"line":33,"column":4},"end":{"line":null,"column":-1}},"14":{"start":{"line":51,"column":0},"end":{"line":null,"column":-1}}},"fnMap":{"0":{"name":"(anonymous_10)","decl":{"start":{"line":11,"column":35},"end":{"line":11,"column":35}},"loc":{"start":{"line":11,"column":54},"end":{"line":11,"column":22}}}},"branchMap":{"0":{"loc":{"start":{"line":11,"column":22},"end":{"line":11,"column":11}},"type":"cond-expr","locations":[{"start":{"line":11,"column":22},"end":{"line":11,"column":11}},{"start":{"line":24,"column":9},"end":{"line":11,"column":4}}]},"1":{"loc":{"start":{"line":13,"column":6},"end":{"line":22,"column":7}},"type":"if","locations":[{"start":{"line":13,"column":6},"end":{"line":22,"column":7}},{"start":{"line":13,"column":6},"end":{"line":22,"column":7}}]},"2":{"loc":{"start":{"line":35,"column":9},"end":{"line":35,"column":8}},"type":"binary-expr","locations":[{"start":{"line":35,"column":9},"end":{"line":35,"column":8}},{"start":{"line":36,"column":10},"end":{"line":34,"column":6}}]}},"s":{"0":0,"1":0,"2":0,"3":0,"4":0,"5":0,"6":0,"7":0,"8":0,"9":0,"10":0,"11":0,"12":0,"13":0,"14":0},"f":{"0":0},"b":{"0":[0,0],"1":[0,0],"2":[0,0]}}
,"/var/www/sites/all/modules/custom/odp_react_forms/spa/app/utils/formBuilder/formComponents/SizedInput.js": {"path":"/var/www/sites/all/modules/custom/odp_react_forms/spa/app/utils/formBuilder/formComponents/SizedInput.js","statementMap":{"0":{"start":{"line":1,"column":0},"end":{"line":null,"column":-1}},"1":{"start":{"line":3,"column":0},"end":{"line":null,"column":-1}},"2":{"start":{"line":4,"column":0},"end":{"line":null,"column":-1}},"3":{"start":{"line":8,"column":41},"end":{"line":7,"column":11}},"4":{"start":{"line":7,"column":11},"end":{"line":7,"column":10}},"5":{"start":{"line":9,"column":42},"end":{"line":7,"column":11}},"6":{"start":{"line":10,"column":20},"end":{"line":10,"column":4}},"7":{"start":{"line":11,"column":23},"end":{"line":11,"column":4}},"8":{"start":{"line":13,"column":4},"end":{"line":null,"column":-1}},"9":{"start":{"line":30,"column":0},"end":{"line":null,"column":-1}}},"fnMap":{},"branchMap":{"0":{"loc":{"start":{"line":11,"column":38},"end":{"line":11,"column":23}},"type":"cond-expr","locations":[{"start":{"line":11,"column":38},"end":{"line":11,"column":23}},{"start":{"line":11,"column":47},"end":{"line":11,"column":4}}]},"1":{"loc":{"start":{"line":11,"column":82},"end":{"line":11,"column":47}},"type":"cond-expr","locations":[{"start":{"line":11,"column":82},"end":{"line":11,"column":47}},{"start":{"line":11,"column":93},"end":{"line":11,"column":4}}]},"2":{"loc":{"start":{"line":15,"column":9},"end":{"line":15,"column":8}},"type":"binary-expr","locations":[{"start":{"line":15,"column":9},"end":{"line":15,"column":8}},{"start":{"line":16,"column":10},"end":{"line":14,"column":6}}]}},"s":{"0":0,"1":0,"2":0,"3":0,"4":0,"5":0,"6":0,"7":0,"8":0,"9":0},"f":{},"b":{"0":[0,0],"1":[0,0],"2":[0,0]}}
,"/var/www/sites/all/modules/custom/odp_react_forms/spa/app/utils/formBuilder/formComponents/SortableMultiField.js": {"path":"/var/www/sites/all/modules/custom/odp_react_forms/spa/app/utils/formBuilder/formComponents/SortableMultiField.js","statementMap":{"0":{"start":{"line":1,"column":0},"end":{"line":null,"column":-1}},"1":{"start":{"line":2,"column":0},"end":{"line":null,"column":-1}},"2":{"start":{"line":3,"column":0},"end":{"line":null,"column":-1}},"3":{"start":{"line":4,"column":0},"end":{"line":null,"column":-1}},"4":{"start":{"line":6,"column":0},"end":{"line":null,"column":-1}},"5":{"start":{"line":8,"column":21},"end":{"line":8,"column":0}},"6":{"start":{"line":8,"column":105},"end":{"line":8,"column":104}},"7":{"start":{"line":9,"column":17},"end":{"line":9,"column":2}},"8":{"start":{"line":10,"column":17},"end":{"line":10,"column":2}},"9":{"start":{"line":11,"column":2},"end":{"line":null,"column":-1}},"10":{"start":{"line":28,"column":21},"end":{"line":28,"column":0}},"11":{"start":{"line":28,"column":97},"end":{"line":28,"column":96}},"12":{"start":{"line":29,"column":2},"end":{"line":null,"column":-1}},"13":{"start":{"line":31,"column":17},"end":{"line":null,"column":-1}},"14":{"start":{"line":52,"column":40},"end":{"line":52,"column":39}},"15":{"start":{"line":53,"column":4},"end":{"line":null,"column":-1}},"16":{"start":{"line":57,"column":69},"end":{"line":56,"column":11}},"17":{"start":{"line":56,"column":11},"end":{"line":56,"column":10}},"18":{"start":{"line":58,"column":4},"end":{"line":null,"column":-1}},"19":{"start":{"line":73,"column":0},"end":{"line":null,"column":-1}}},"fnMap":{"0":{"name":"(anonymous_7)","decl":{"start":{"line":8,"column":37},"end":{"line":8,"column":104}},"loc":{"start":{"line":8,"column":105},"end":{"line":8,"column":21}}},"1":{"name":"(anonymous_8)","decl":{"start":{"line":28,"column":39},"end":{"line":28,"column":96}},"loc":{"start":{"line":28,"column":97},"end":{"line":28,"column":21}}},"2":{"name":"(anonymous_9)","decl":{"start":{"line":31,"column":17},"end":{"line":31,"column":17}},"loc":{"start":{"line":31,"column":17},"end":{"line":31,"column":7}}}},"branchMap":{"0":{"loc":{"start":{"line":9,"column":32},"end":{"line":9,"column":17}},"type":"cond-expr","locations":[{"start":{"line":9,"column":32},"end":{"line":9,"column":17}},{"start":{"line":9,"column":40},"end":{"line":9,"column":2}}]}},"s":{"0":0,"1":0,"2":0,"3":0,"4":0,"5":0,"6":0,"7":0,"8":0,"9":0,"10":0,"11":0,"12":0,"13":0,"14":0,"15":0,"16":0,"17":0,"18":0,"19":0},"f":{"0":0,"1":0,"2":0},"b":{"0":[0,0]}}
,"/var/www/sites/all/modules/custom/odp_react_forms/spa/app/utils/formBuilder/formComponents/TextArea.js": {"path":"/var/www/sites/all/modules/custom/odp_react_forms/spa/app/utils/formBuilder/formComponents/TextArea.js","statementMap":{"0":{"start":{"line":1,"column":0},"end":{"line":null,"column":-1}},"1":{"start":{"line":3,"column":0},"end":{"line":null,"column":-1}},"2":{"start":{"line":4,"column":0},"end":{"line":null,"column":-1}},"3":{"start":{"line":6,"column":21},"end":{"line":6,"column":0}},"4":{"start":{"line":9,"column":43},"end":{"line":8,"column":51}},"5":{"start":{"line":8,"column":51},"end":{"line":8,"column":50}},"6":{"start":{"line":10,"column":42},"end":{"line":8,"column":51}},"7":{"start":{"line":11,"column":4},"end":{"line":null,"column":-1}},"8":{"start":{"line":28,"column":0},"end":{"line":null,"column":-1}}},"fnMap":{},"branchMap":{"0":{"loc":{"start":{"line":13,"column":9},"end":{"line":13,"column":8}},"type":"binary-expr","locations":[{"start":{"line":13,"column":9},"end":{"line":13,"column":8}},{"start":{"line":14,"column":10},"end":{"line":12,"column":6}}]}},"s":{"0":0,"1":0,"2":0,"3":0,"4":0,"5":0,"6":0,"7":0,"8":0},"f":{},"b":{"0":[0,0]}}
}
