TN:
SF:/var/www/sites/all/modules/custom/odp_react_forms/spa/app/index.js
FN:7,(anonymous_1)
FNF:1
FNH:0
FNDA:0,(anonymous_1)
DA:3,0
DA:4,0
DA:5,0
DA:7,0
DA:8,0
LF:5
LH:0
BRF:0
BRH:0
end_of_record
TN:
SF:/var/www/sites/all/modules/custom/odp_react_forms/spa/app/actions/AppActions.js
FN:10,getDrafts
FN:12,(anonymous_6)
FN:22,(anonymous_7)
FN:23,(anonymous_8)
FN:30,(anonymous_9)
FN:36,(anonymous_10)
FN:48,(anonymous_11)
FN:58,setInitialState
FN:59,(anonymous_13)
FN:70,getDraftData
FN:72,(anonymous_15)
FN:82,(anonymous_16)
FN:83,(anonymous_17)
FN:91,(anonymous_18)
FN:100,receiveDrafts
FN:107,receiveDraftData
FN:115,setFilter
FN:123,selectDraft
FN:124,(anonymous_23)
FN:155,setSelectDraftData
FN:163,getLocation
FN:174,newMarkerPosition
FN:175,(anonymous_27)
FN:186,setNewMarkerPosition
FN:194,addDraft
FN:195,(anonymous_30)
FN:209,addNewDraft
FN:217,removeNewDraft
FN:224,changeSelectedDraftStatus
FN:233,getDraftFields
FN:234,(anonymous_35)
FN:250,(anonymous_36)
FN:260,(anonymous_37)
FN:266,(anonymous_38)
FN:268,(anonymous_39)
FN:278,(anonymous_40)
FN:284,(anonymous_41)
FN:285,(anonymous_42)
FN:304,getDraftFieldsValues
FN:305,(anonymous_44)
FN:317,(anonymous_45)
FN:318,(anonymous_46)
FN:344,(anonymous_47)
FN:351,(anonymous_48)
FN:356,(anonymous_49)
FN:362,(anonymous_50)
FN:368,(anonymous_51)
FN:369,(anonymous_52)
FN:374,(anonymous_53)
FN:375,(anonymous_54)
FN:381,(anonymous_55)
FN:382,(anonymous_56)
FN:397,(anonymous_57)
FN:402,(anonymous_58)
FN:407,(anonymous_59)
FN:409,(anonymous_60)
FN:410,(anonymous_61)
FN:423,(anonymous_62)
FN:432,setDraftData
FN:433,(anonymous_64)
FN:453,(anonymous_65)
FN:454,(anonymous_66)
FN:545,(anonymous_67)
FN:555,receiveFields
FN:562,receiveValues
FN:569,receivePhotosFields
FN:576,receiveGPSFields
FN:583,receiveVideoFields
FN:590,receiveMapsFields
FN:598,receiveInfoFormValues
FN:605,receivePhotoFormValues
FN:612,receiveAdditionalFormValues
FN:619,receiveBodyValues
FN:626,receiveLocationFields
FN:633,receiveLocationValues
FN:640,receiveGPSFilesFormValues
FN:647,receivePartnersFormValues
FN:654,receiveVideoFormValues
FN:661,receiveMapsValues
FN:669,updatePhotos
FN:670,(anonymous_85)
FN:679,(anonymous_86)
FN:683,(anonymous_87)
FN:705,updateGPSFiles
FN:706,(anonymous_89)
FN:714,(anonymous_90)
FN:717,(anonymous_91)
FN:735,getMutivalueFieldsValues
FN:738,(anonymous_93)
FN:760,updateMultiValues
FN:761,(anonymous_95)
FN:775,(anonymous_96)
FN:812,updateMaps
FN:813,(anonymous_98)
FN:826,(anonymous_99)
FN:835,(anonymous_100)
FN:860,saveFormValues
FN:861,(anonymous_102)
FN:869,saveValues
FN:881,updateFields
FN:892,updateSteps
FN:900,setStatus
FN:908,saveData
FN:916,updateData
FN:924,saveInitialState
FN:932,resetData
FN:939,resetDrafts
FN:946,toggleButtons
FN:947,(anonymous_113)
FN:976,setThrobber
FNF:110
FNH:0
FNDA:0,getDrafts
FNDA:0,(anonymous_6)
FNDA:0,(anonymous_7)
FNDA:0,(anonymous_8)
FNDA:0,(anonymous_9)
FNDA:0,(anonymous_10)
FNDA:0,(anonymous_11)
FNDA:0,setInitialState
FNDA:0,(anonymous_13)
FNDA:0,getDraftData
FNDA:0,(anonymous_15)
FNDA:0,(anonymous_16)
FNDA:0,(anonymous_17)
FNDA:0,(anonymous_18)
FNDA:0,receiveDrafts
FNDA:0,receiveDraftData
FNDA:0,setFilter
FNDA:0,selectDraft
FNDA:0,(anonymous_23)
FNDA:0,setSelectDraftData
FNDA:0,getLocation
FNDA:0,newMarkerPosition
FNDA:0,(anonymous_27)
FNDA:0,setNewMarkerPosition
FNDA:0,addDraft
FNDA:0,(anonymous_30)
FNDA:0,addNewDraft
FNDA:0,removeNewDraft
FNDA:0,changeSelectedDraftStatus
FNDA:0,getDraftFields
FNDA:0,(anonymous_35)
FNDA:0,(anonymous_36)
FNDA:0,(anonymous_37)
FNDA:0,(anonymous_38)
FNDA:0,(anonymous_39)
FNDA:0,(anonymous_40)
FNDA:0,(anonymous_41)
FNDA:0,(anonymous_42)
FNDA:0,getDraftFieldsValues
FNDA:0,(anonymous_44)
FNDA:0,(anonymous_45)
FNDA:0,(anonymous_46)
FNDA:0,(anonymous_47)
FNDA:0,(anonymous_48)
FNDA:0,(anonymous_49)
FNDA:0,(anonymous_50)
FNDA:0,(anonymous_51)
FNDA:0,(anonymous_52)
FNDA:0,(anonymous_53)
FNDA:0,(anonymous_54)
FNDA:0,(anonymous_55)
FNDA:0,(anonymous_56)
FNDA:0,(anonymous_57)
FNDA:0,(anonymous_58)
FNDA:0,(anonymous_59)
FNDA:0,(anonymous_60)
FNDA:0,(anonymous_61)
FNDA:0,(anonymous_62)
FNDA:0,setDraftData
FNDA:0,(anonymous_64)
FNDA:0,(anonymous_65)
FNDA:0,(anonymous_66)
FNDA:0,(anonymous_67)
FNDA:0,receiveFields
FNDA:0,receiveValues
FNDA:0,receivePhotosFields
FNDA:0,receiveGPSFields
FNDA:0,receiveVideoFields
FNDA:0,receiveMapsFields
FNDA:0,receiveInfoFormValues
FNDA:0,receivePhotoFormValues
FNDA:0,receiveAdditionalFormValues
FNDA:0,receiveBodyValues
FNDA:0,receiveLocationFields
FNDA:0,receiveLocationValues
FNDA:0,receiveGPSFilesFormValues
FNDA:0,receivePartnersFormValues
FNDA:0,receiveVideoFormValues
FNDA:0,receiveMapsValues
FNDA:0,updatePhotos
FNDA:0,(anonymous_85)
FNDA:0,(anonymous_86)
FNDA:0,(anonymous_87)
FNDA:0,updateGPSFiles
FNDA:0,(anonymous_89)
FNDA:0,(anonymous_90)
FNDA:0,(anonymous_91)
FNDA:0,getMutivalueFieldsValues
FNDA:0,(anonymous_93)
FNDA:0,updateMultiValues
FNDA:0,(anonymous_95)
FNDA:0,(anonymous_96)
FNDA:0,updateMaps
FNDA:0,(anonymous_98)
FNDA:0,(anonymous_99)
FNDA:0,(anonymous_100)
FNDA:0,saveFormValues
FNDA:0,(anonymous_102)
FNDA:0,saveValues
FNDA:0,updateFields
FNDA:0,updateSteps
FNDA:0,setStatus
FNDA:0,saveData
FNDA:0,updateData
FNDA:0,saveInitialState
FNDA:0,resetData
FNDA:0,resetDrafts
FNDA:0,toggleButtons
FNDA:0,(anonymous_113)
FNDA:0,setThrobber
DA:1,0
DA:2,0
DA:3,0
DA:4,0
DA:5,0
DA:6,0
DA:12,0
DA:13,0
DA:14,0
DA:15,0
DA:16,0
DA:18,0
DA:22,0
DA:24,0
DA:26,0
DA:27,0
DA:30,0
DA:31,0
DA:33,0
DA:34,0
DA:35,0
DA:36,0
DA:37,0
DA:38,0
DA:45,0
DA:46,0
DA:49,0
DA:50,0
DA:51,0
DA:52,0
DA:59,0
DA:60,0
DA:61,0
DA:62,0
DA:65,0
DA:72,0
DA:73,0
DA:74,0
DA:75,0
DA:76,0
DA:78,0
DA:82,0
DA:84,0
DA:85,0
DA:86,0
DA:87,0
DA:88,0
DA:89,0
DA:92,0
DA:93,0
DA:94,0
DA:95,0
DA:101,0
DA:108,0
DA:116,0
DA:124,0
DA:125,0
DA:127,0
DA:129,0
DA:130,0
DA:131,0
DA:135,0
DA:136,0
DA:137,0
DA:138,0
DA:139,0
DA:140,0
DA:142,0
DA:143,0
DA:144,0
DA:147,0
DA:149,0
DA:150,0
DA:156,0
DA:164,0
DA:175,0
DA:176,0
DA:178,0
DA:179,0
DA:180,0
DA:181,0
DA:182,0
DA:187,0
DA:195,0
DA:196,0
DA:197,0
DA:199,0
DA:201,0
DA:202,0
DA:203,0
DA:204,0
DA:205,0
DA:210,0
DA:218,0
DA:225,0
DA:234,0
DA:235,0
DA:236,0
DA:238,0
DA:239,0
DA:240,0
DA:241,0
DA:243,0
DA:244,0
DA:247,0
DA:249,0
DA:250,0
DA:251,0
DA:253,0
DA:254,0
DA:259,0
DA:260,0
DA:261,0
DA:265,0
DA:266,0
DA:268,0
DA:269,0
DA:271,0
DA:275,0
DA:277,0
DA:278,0
DA:279,0
DA:283,0
DA:284,0
DA:285,0
DA:286,0
DA:291,0
DA:292,0
DA:296,0
DA:297,0
DA:300,0
DA:305,0
DA:306,0
DA:307,0
DA:309,0
DA:310,0
DA:313,0
DA:317,0
DA:319,0
DA:322,0
DA:326,0
DA:327,0
DA:328,0
DA:330,0
DA:331,0
DA:332,0
DA:334,0
DA:335,0
DA:338,0
DA:339,0
DA:340,0
DA:344,0
DA:345,0
DA:347,0
DA:348,0
DA:351,0
DA:354,0
DA:356,0
DA:357,0
DA:359,0
DA:362,0
DA:364,0
DA:365,0
DA:368,0
DA:369,0
DA:370,0
DA:371,0
DA:374,0
DA:375,0
DA:377,0
DA:378,0
DA:381,0
DA:382,0
DA:385,0
DA:386,0
DA:389,0
DA:390,0
DA:391,0
DA:392,0
DA:393,0
DA:397,0
DA:398,0
DA:399,0
DA:402,0
DA:403,0
DA:404,0
DA:407,0
DA:409,0
DA:410,0
DA:413,0
DA:414,0
DA:415,0
DA:417,0
DA:419,0
DA:420,0
DA:421,0
DA:424,0
DA:425,0
DA:426,0
DA:427,0
DA:433,0
DA:434,0
DA:436,0
DA:437,0
DA:439,0
DA:441,0
DA:442,0
DA:443,0
DA:445,0
DA:453,0
DA:455,0
DA:456,0
DA:457,0
DA:458,0
DA:460,0
DA:461,0
DA:462,0
DA:465,0
DA:468,0
DA:469,0
DA:472,0
DA:474,0
DA:476,0
DA:478,0
DA:479,0
DA:481,0
DA:482,0
DA:484,0
DA:486,0
DA:488,0
DA:489,0
DA:491,0
DA:492,0
DA:494,0
DA:495,0
DA:496,0
DA:498,0
DA:499,0
DA:500,0
DA:502,0
DA:503,0
DA:504,0
DA:507,0
DA:509,0
DA:510,0
DA:513,0
DA:516,0
DA:518,0
DA:519,0
DA:521,0
DA:523,0
DA:524,0
DA:527,0
DA:529,0
DA:531,0
DA:532,0
DA:533,0
DA:536,0
DA:538,0
DA:539,0
DA:541,0
DA:542,0
DA:546,0
DA:547,0
DA:548,0
DA:549,0
DA:550,0
DA:556,0
DA:563,0
DA:570,0
DA:577,0
DA:584,0
DA:591,0
DA:599,0
DA:606,0
DA:613,0
DA:620,0
DA:627,0
DA:634,0
DA:641,0
DA:648,0
DA:655,0
DA:662,0
DA:670,0
DA:671,0
DA:674,0
DA:675,0
DA:676,0
DA:677,0
DA:679,0
DA:680,0
DA:681,0
DA:683,0
DA:684,0
DA:686,0
DA:689,0
DA:690,0
DA:695,0
DA:700,0
DA:706,0
DA:707,0
DA:710,0
DA:712,0
DA:714,0
DA:715,0
DA:717,0
DA:718,0
DA:719,0
DA:720,0
DA:721,0
DA:724,0
DA:730,0
DA:735,0
DA:736,0
DA:738,0
DA:739,0
DA:741,0
DA:742,0
DA:748,0
DA:749,0
DA:751,0
DA:752,0
DA:756,0
DA:761,0
DA:762,0
DA:764,0
DA:765,0
DA:767,0
DA:769,0
DA:770,0
DA:771,0
DA:775,0
DA:776,0
DA:780,0
DA:782,0
DA:783,0
DA:785,0
DA:786,0
DA:788,0
DA:789,0
DA:791,0
DA:792,0
DA:794,0
DA:795,0
DA:797,0
DA:798,0
DA:800,0
DA:801,0
DA:803,0
DA:804,0
DA:806,0
DA:813,0
DA:814,0
DA:816,0
DA:818,0
DA:820,0
DA:821,0
DA:823,0
DA:824,0
DA:826,0
DA:827,0
DA:828,0
DA:833,0
DA:835,0
DA:836,0
DA:837,0
DA:839,0
DA:840,0
DA:843,0
DA:844,0
DA:846,0
DA:847,0
DA:855,0
DA:860,0
DA:861,0
DA:862,0
DA:864,0
DA:870,0
DA:882,0
DA:893,0
DA:901,0
DA:909,0
DA:917,0
DA:925,0
DA:933,0
DA:940,0
DA:947,0
DA:948,0
DA:949,0
DA:950,0
DA:951,0
DA:953,0
DA:959,0
DA:960,0
DA:961,0
DA:968,0
DA:977,0
LF:397
LH:0
BRDA:30,0,0,0
BRDA:30,0,1,0
BRDA:33,1,0,0
BRDA:33,1,1,0
BRDA:33,2,0,0
BRDA:33,2,1,0
BRDA:35,3,0,0
BRDA:35,3,1,0
BRDA:36,4,0,0
BRDA:36,4,1,0
BRDA:61,5,0,0
BRDA:61,5,1,0
BRDA:129,6,0,0
BRDA:129,6,1,0
BRDA:135,7,0,0
BRDA:135,7,1,0
BRDA:140,8,0,0
BRDA:140,8,1,0
BRDA:239,9,0,0
BRDA:239,9,1,0
BRDA:240,10,0,0
BRDA:240,10,1,0
BRDA:241,11,0,0
BRDA:241,11,1,0
BRDA:243,12,0,0
BRDA:243,12,1,0
BRDA:247,13,0,0
BRDA:247,13,1,0
BRDA:247,14,0,0
BRDA:247,14,1,0
BRDA:249,15,0,0
BRDA:249,15,1,0
BRDA:250,16,0,0
BRDA:250,16,1,0
BRDA:259,17,0,0
BRDA:259,17,1,0
BRDA:265,18,0,0
BRDA:265,18,1,0
BRDA:275,19,0,0
BRDA:275,19,1,0
BRDA:277,20,0,0
BRDA:277,20,1,0
BRDA:283,21,0,0
BRDA:283,21,1,0
BRDA:291,22,0,0
BRDA:291,22,1,0
BRDA:296,23,0,0
BRDA:296,23,1,0
BRDA:327,24,0,0
BRDA:327,24,1,0
BRDA:328,25,0,0
BRDA:328,25,1,0
BRDA:331,26,0,0
BRDA:331,26,1,0
BRDA:332,27,0,0
BRDA:332,27,1,0
BRDA:339,28,0,0
BRDA:339,28,1,0
BRDA:339,29,0,0
BRDA:339,29,1,0
BRDA:344,30,0,0
BRDA:344,30,1,0
BRDA:362,31,0,0
BRDA:362,31,1,0
BRDA:389,32,0,0
BRDA:389,32,1,0
BRDA:397,33,0,0
BRDA:397,33,1,0
BRDA:407,34,0,0
BRDA:407,34,1,0
BRDA:443,35,0,0
BRDA:443,35,1,0
BRDA:446,36,0,0
BRDA:446,36,1,0
BRDA:455,37,0,0
BRDA:455,37,1,0
BRDA:456,38,0,0
BRDA:456,38,1,0
BRDA:473,39,0,0
BRDA:473,39,1,0
BRDA:473,39,2,0
BRDA:473,39,3,0
BRDA:473,39,4,0
BRDA:473,39,5,0
BRDA:473,39,6,0
BRDA:473,39,7,0
BRDA:473,39,8,0
BRDA:473,39,9,0
BRDA:478,40,0,0
BRDA:478,40,1,0
BRDA:488,41,0,0
BRDA:488,41,1,0
BRDA:507,42,0,0
BRDA:507,42,1,0
BRDA:509,43,0,0
BRDA:509,43,1,0
BRDA:521,44,0,0
BRDA:521,44,1,0
BRDA:523,45,0,0
BRDA:523,45,1,0
BRDA:531,46,0,0
BRDA:531,46,1,0
BRDA:674,47,0,0
BRDA:674,47,1,0
BRDA:675,48,0,0
BRDA:675,48,1,0
BRDA:680,49,0,0
BRDA:680,49,1,0
BRDA:680,50,0,0
BRDA:680,50,1,0
BRDA:687,51,0,0
BRDA:687,51,1,0
BRDA:689,52,0,0
BRDA:689,52,1,0
BRDA:689,53,0,0
BRDA:689,53,1,0
BRDA:715,54,0,0
BRDA:715,54,1,0
BRDA:715,55,0,0
BRDA:715,55,1,0
BRDA:718,56,0,0
BRDA:718,56,1,0
BRDA:720,57,0,0
BRDA:720,57,1,0
BRDA:735,58,0,0
BRDA:735,58,1,0
BRDA:735,59,0,0
BRDA:735,59,1,0
BRDA:739,60,0,0
BRDA:739,60,1,0
BRDA:741,61,0,0
BRDA:741,61,1,0
BRDA:748,62,0,0
BRDA:748,62,1,0
BRDA:751,63,0,0
BRDA:751,63,1,0
BRDA:752,64,0,0
BRDA:752,64,1,0
BRDA:770,65,0,0
BRDA:770,65,1,0
BRDA:781,66,0,0
BRDA:781,66,1,0
BRDA:781,66,2,0
BRDA:781,66,3,0
BRDA:781,66,4,0
BRDA:781,66,5,0
BRDA:781,66,6,0
BRDA:781,66,7,0
BRDA:781,66,8,0
BRDA:820,67,0,0
BRDA:820,67,1,0
BRDA:823,68,0,0
BRDA:823,68,1,0
BRDA:824,69,0,0
BRDA:824,69,1,0
BRDA:824,70,0,0
BRDA:824,70,1,0
BRDA:827,71,0,0
BRDA:827,71,1,0
BRDA:833,72,0,0
BRDA:833,72,1,0
BRDA:833,73,0,0
BRDA:833,73,1,0
BRDA:836,74,0,0
BRDA:836,74,1,0
BRDA:839,75,0,0
BRDA:839,75,1,0
BRDA:843,76,0,0
BRDA:843,76,1,0
BRDA:846,77,0,0
BRDA:846,77,1,0
BRDA:860,78,0,0
BRDA:860,78,1,0
BRDA:860,79,0,0
BRDA:860,79,1,0
BRDA:860,80,0,0
BRDA:860,80,1,0
BRDA:860,81,0,0
BRDA:860,81,1,0
BRDA:864,82,0,0
BRDA:864,82,1,0
BRDA:950,83,0,0
BRDA:950,83,1,0
BRDA:960,84,0,0
BRDA:960,84,1,0
BRF:185
BRH:0
end_of_record
TN:
SF:/var/www/sites/all/modules/custom/odp_react_forms/spa/app/components/App.js
FNF:0
FNH:0
DA:1,0
DA:3,0
DA:4,0
DA:5,0
DA:7,0
DA:9,0
DA:13,0
LF:7
LH:0
BRF:0
BRH:0
end_of_record
TN:
SF:/var/www/sites/all/modules/custom/odp_react_forms/spa/app/components/AppContainer.js
FN:11,(anonymous_9)
FN:16,AppContainer
FN:29,(anonymous_12)
FN:64,ref
FNF:4
FNH:0
FNDA:0,(anonymous_9)
FNDA:0,AppContainer
FNDA:0,(anonymous_12)
FNDA:0,ref
DA:1,0
DA:2,0
DA:3,0
DA:4,0
DA:5,0
DA:6,0
DA:9,0
DA:11,0
DA:16,0
DA:20,0
DA:30,0
DA:31,0
DA:32,0
DA:33,0
DA:37,0
DA:38,0
DA:43,0
DA:55,0
DA:58,0
DA:59,0
DA:60,0
DA:62,0
DA:64,0
LF:23
LH:0
BRDA:16,0,0,0
BRDA:16,0,1,0
BRDA:30,1,0,0
BRDA:30,1,1,0
BRDA:31,2,0,0
BRDA:31,2,1,0
BRDA:31,3,0,0
BRDA:31,3,1,0
BRF:8
BRH:0
end_of_record
TN:
SF:/var/www/sites/all/modules/custom/odp_react_forms/spa/app/components/DropZoneFiles.js
FN:5,DropzoneFiles
FN:30,init
FN:33,addedfile
FN:38,success
FN:45,error
FN:51,thumbnail
FN:57,removedfile
FNF:7
FNH:0
FNDA:0,DropzoneFiles
FNDA:0,init
FNDA:0,addedfile
FNDA:0,success
FNDA:0,error
FNDA:0,thumbnail
FNDA:0,removedfile
DA:1,0
DA:2,0
DA:5,0
DA:31,0
DA:34,0
DA:39,0
DA:46,0
DA:47,0
DA:52,0
DA:58,0
DA:63,0
DA:64,0
DA:68,0
DA:69,0
DA:70,0
DA:71,0
DA:72,0
DA:73,0
DA:77,0
DA:78,0
DA:80,0
LF:21
LH:0
BRDA:5,0,0,0
BRDA:5,0,1,0
BRDA:63,1,0,0
BRDA:63,1,1,0
BRDA:63,2,0,0
BRDA:63,2,1,0
BRDA:63,2,2,0
BRDA:77,3,0,0
BRDA:77,3,1,0
BRF:9
BRH:0
end_of_record
TN:
SF:/var/www/sites/all/modules/custom/odp_react_forms/spa/app/components/Layout.jsx
FN:83,render
FN:89,render
FN:96,render
FN:103,render
FN:115,render
FN:127,render
FN:134,render
FN:141,render
FN:151,render
FN:161,render
FN:168,render
FN:175,render
FN:182,render
FN:189,render
FN:199,render
FNF:15
FNH:0
FNDA:0,render
FNDA:0,render
FNDA:0,render
FNDA:0,render
FNDA:0,render
FNDA:0,render
FNDA:0,render
FNDA:0,render
FNDA:0,render
FNDA:0,render
FNDA:0,render
FNDA:0,render
FNDA:0,render
FNDA:0,render
FNDA:0,render
DA:1,0
DA:3,0
DA:4,0
DA:5,0
DA:6,0
DA:7,0
DA:8,0
DA:9,0
DA:10,0
DA:11,0
DA:12,0
DA:13,0
DA:14,0
DA:15,0
DA:28,0
DA:31,0
DA:32,0
DA:33,0
DA:50,0
DA:52,0
DA:53,0
DA:55,0
DA:83,0
DA:89,0
DA:96,0
DA:103,0
DA:115,0
DA:127,0
DA:134,0
DA:141,0
DA:151,0
DA:161,0
DA:168,0
DA:175,0
DA:182,0
DA:189,0
DA:199,0
DA:216,0
LF:38
LH:0
BRDA:79,0,0,0
BRDA:79,0,1,0
BRDA:81,1,0,0
BRDA:81,1,1,0
BRF:4
BRH:0
end_of_record
TN:
SF:/var/www/sites/all/modules/custom/odp_react_forms/spa/app/components/SortableGrid.js
FN:5,(anonymous_7)
FN:8,onMouseDown
FN:28,(anonymous_9)
FN:31,(anonymous_10)
FNF:4
FNH:0
FNDA:0,(anonymous_7)
FNDA:0,onMouseDown
FNDA:0,(anonymous_9)
FNDA:0,(anonymous_10)
DA:1,0
DA:2,0
DA:3,0
DA:5,0
DA:6,0
DA:8,0
DA:28,0
DA:29,0
DA:31,0
DA:51,0
DA:53,0
DA:57,0
DA:58,0
DA:59,0
DA:63,0
DA:68,0
DA:69,0
DA:71,0
LF:18
LH:0
BRDA:7,0,0,0
BRDA:7,0,1,0
BRDA:11,1,0,0
BRDA:11,1,1,0
BRDA:13,2,0,0
BRDA:13,2,1,0
BRDA:17,3,0,0
BRDA:17,3,1,0
BRDA:20,4,0,0
BRDA:20,4,1,0
BRDA:58,5,0,0
BRDA:58,5,1,0
BRDA:51,6,0,0
BRDA:51,6,1,0
BRDA:51,7,0,0
BRDA:51,7,1,0
BRDA:69,8,0,0
BRDA:69,8,1,0
BRF:18
BRH:0
end_of_record
TN:
SF:/var/www/sites/all/modules/custom/odp_react_forms/spa/app/components/Submit.js
FN:6,submit
FNF:1
FNH:0
FNDA:0,submit
DA:1,0
DA:2,0
DA:3,0
DA:4,0
DA:7,0
DA:9,0
DA:10,0
DA:12,0
DA:14,0
DA:15,0
DA:20,0
DA:24,0
DA:25,0
DA:27,0
DA:29,0
DA:32,0
DA:33,0
LF:17
LH:0
BRDA:9,0,0,0
BRDA:9,0,1,0
BRDA:13,1,0,0
BRDA:13,1,1,0
BRDA:13,1,2,0
BRDA:13,1,3,0
BRDA:13,1,4,0
BRDA:32,2,0,0
BRDA:32,2,1,0
BRDA:32,3,0,0
BRDA:32,3,1,0
BRF:11
BRH:0
end_of_record
TN:
SF:/var/www/sites/all/modules/custom/odp_react_forms/spa/app/components/description/CKEditorWrapper.js
FN:8,CKEditorWrapper
FN:33,(anonymous_9)
FN:42,(anonymous_10)
FN:54,(anonymous_11)
FNF:4
FNH:0
FNDA:0,CKEditorWrapper
FNDA:0,(anonymous_9)
FNDA:0,(anonymous_10)
FNDA:0,(anonymous_11)
DA:1,0
DA:2,0
DA:3,0
DA:4,0
DA:5,0
DA:8,0
DA:10,0
DA:16,0
DA:24,0
DA:25,0
DA:34,0
DA:39,0
DA:43,0
DA:44,0
DA:46,0
DA:47,0
DA:48,0
DA:51,0
DA:55,0
DA:56,0
DA:58,0
DA:59,0
DA:61,0
DA:62,0
DA:63,0
DA:64,0
DA:70,0
DA:72,0
DA:91,0
LF:29
LH:0
BRDA:8,0,0,0
BRDA:8,0,1,0
BRDA:55,1,0,0
BRDA:55,1,1,0
BRDA:61,2,0,0
BRDA:61,2,1,0
BRDA:24,3,0,0
BRDA:24,3,1,0
BRF:8
BRH:0
end_of_record
TN:
SF:/var/www/sites/all/modules/custom/odp_react_forms/spa/app/components/description/Description.js
FN:13,Description
FN:37,(anonymous_12)
FN:38,(anonymous_13)
FN:60,(anonymous_14)
FNF:4
FNH:0
FNDA:0,Description
FNDA:0,(anonymous_12)
FNDA:0,(anonymous_13)
FNDA:0,(anonymous_14)
DA:1,0
DA:2,0
DA:3,0
DA:4,0
DA:5,0
DA:6,0
DA:7,0
DA:10,0
DA:13,0
DA:18,0
DA:19,0
DA:24,0
DA:25,0
DA:28,0
DA:29,0
DA:33,0
DA:34,0
DA:35,0
DA:37,0
DA:38,0
DA:39,0
DA:53,0
DA:59,0
DA:61,0
DA:68,0
LF:25
LH:0
BRDA:13,0,0,0
BRDA:13,0,1,0
BRDA:18,1,0,0
BRDA:18,1,1,0
BRDA:18,2,0,0
BRDA:18,2,1,0
BRDA:28,3,0,0
BRDA:28,3,1,0
BRDA:28,4,0,0
BRDA:28,4,1,0
BRDA:35,5,0,0
BRDA:35,5,1,0
BRDA:41,6,0,0
BRDA:41,6,1,0
BRDA:41,7,0,0
BRDA:41,7,1,0
BRDA:45,8,0,0
BRDA:45,8,1,0
BRF:18
BRH:0
end_of_record
TN:
SF:/var/www/sites/all/modules/custom/odp_react_forms/spa/app/components/drafts/ClusterMarker.jsx
FN:5,(anonymous_0)
FN:11,(anonymous_1)
FN:16,(anonymous_2)
FN:33,(anonymous_3)
FNF:4
FNH:0
FNDA:0,(anonymous_0)
FNDA:0,(anonymous_1)
FNDA:0,(anonymous_2)
FNDA:0,(anonymous_3)
DA:6,0
DA:7,0
DA:8,0
DA:12,0
DA:13,0
DA:16,0
DA:24,1
DA:32,1
LF:8
LH:2
BRDA:6,0,0,0
BRDA:6,0,1,0
BRDA:6,1,0,0
BRDA:6,1,1,0
BRDA:15,2,0,0
BRDA:15,2,1,0
BRDA:15,3,0,0
BRDA:15,3,1,0
BRF:8
BRH:0
end_of_record
TN:
SF:/var/www/sites/all/modules/custom/odp_react_forms/spa/app/components/drafts/GMap.js
FN:22,(anonymous_0)
FN:35,(anonymous_1)
FN:47,(anonymous_2)
FN:54,(anonymous_3)
FN:59,(anonymous_4)
FN:69,(anonymous_5)
FN:110,(anonymous_6)
FN:117,(anonymous_7)
FN:134,(anonymous_8)
FN:147,(anonymous_9)
FN:159,(anonymous_10)
FN:175,(anonymous_11)
FN:178,(anonymous_12)
FN:189,(anonymous_13)
FN:210,(anonymous_14)
FN:221,(anonymous_15)
FN:223,(anonymous_16)
FN:236,(anonymous_17)
FN:249,(anonymous_18)
FN:252,(anonymous_19)
FN:286,(anonymous_20)
FN:291,(anonymous_21)
FN:292,(anonymous_22)
FN:294,(anonymous_23)
FN:303,(anonymous_24)
FN:322,(anonymous_25)
FN:333,(anonymous_26)
FN:353,(anonymous_27)
FN:395,(anonymous_28)
FNF:29
FNH:11
FNDA:4,(anonymous_0)
FNDA:1,(anonymous_1)
FNDA:1,(anonymous_2)
FNDA:1,(anonymous_3)
FNDA:4,(anonymous_4)
FNDA:5,(anonymous_5)
FNDA:0,(anonymous_6)
FNDA:0,(anonymous_7)
FNDA:0,(anonymous_8)
FNDA:0,(anonymous_9)
FNDA:0,(anonymous_10)
FNDA:4,(anonymous_11)
FNDA:0,(anonymous_12)
FNDA:1,(anonymous_13)
FNDA:0,(anonymous_14)
FNDA:0,(anonymous_15)
FNDA:0,(anonymous_16)
FNDA:12,(anonymous_17)
FNDA:0,(anonymous_18)
FNDA:0,(anonymous_19)
FNDA:0,(anonymous_20)
FNDA:0,(anonymous_21)
FNDA:0,(anonymous_22)
FNDA:0,(anonymous_23)
FNDA:0,(anonymous_24)
FNDA:0,(anonymous_25)
FNDA:12,(anonymous_26)
FNDA:10,(anonymous_27)
FNDA:0,(anonymous_28)
DA:12,1
DA:16,1
DA:23,4
DA:25,4
DA:37,1
DA:39,1
DA:41,1
DA:48,1
DA:49,1
DA:55,1
DA:60,4
DA:61,1
DA:62,1
DA:63,1
DA:70,5
DA:71,2
DA:72,1
DA:75,1
DA:76,1
DA:77,1
DA:78,1
DA:79,1
DA:88,1
DA:89,1
DA:92,1
DA:101,3
DA:102,1
DA:105,2
DA:112,0
DA:119,0
DA:123,0
DA:125,0
DA:136,0
DA:140,0
DA:142,0
DA:143,0
DA:148,0
DA:150,0
DA:161,0
DA:162,0
DA:163,0
DA:164,0
DA:166,0
DA:168,0
DA:171,0
DA:177,4
DA:178,1
DA:180,0
DA:184,0
DA:186,0
DA:190,1
DA:195,4
DA:196,4
DA:198,4
DA:199,4
DA:203,4
DA:204,0
DA:211,0
DA:222,0
DA:224,0
DA:225,0
DA:228,0
DA:229,0
DA:232,0
DA:237,12
DA:238,12
DA:241,0
DA:242,0
DA:245,0
DA:246,0
DA:249,0
DA:253,0
DA:255,0
DA:257,0
DA:259,0
DA:261,0
DA:267,0
DA:270,0
DA:278,0
DA:279,0
DA:287,0
DA:288,0
DA:289,0
DA:290,0
DA:291,0
DA:292,0
DA:294,0
DA:295,0
DA:303,0
DA:315,0
DA:319,0
DA:323,0
DA:325,0
DA:326,0
DA:328,0
DA:329,0
DA:330,0
DA:335,12
DA:354,10
DA:355,10
DA:356,10
DA:358,10
DA:396,0
DA:436,1
LF:104
LH:44
BRDA:12,0,0,0
BRDA:12,0,1,1
BRDA:12,1,0,1
BRDA:12,1,1,1
BRDA:60,2,0,1
BRDA:60,2,1,3
BRDA:60,3,0,4
BRDA:60,3,1,2
BRDA:70,4,0,2
BRDA:70,4,1,3
BRDA:71,5,0,1
BRDA:71,5,1,1
BRDA:76,6,0,1
BRDA:76,6,1,0
BRDA:88,7,0,1
BRDA:88,7,1,0
BRDA:101,8,0,1
BRDA:101,8,1,2
BRDA:101,9,0,3
BRDA:101,9,1,2
BRDA:123,10,0,0
BRDA:123,10,1,0
BRDA:123,11,0,0
BRDA:123,11,1,0
BRDA:140,12,0,0
BRDA:140,12,1,0
BRDA:140,13,0,0
BRDA:140,13,1,0
BRDA:142,14,0,0
BRDA:142,14,1,0
BRDA:148,15,0,0
BRDA:148,15,1,0
BRDA:148,16,0,0
BRDA:148,16,1,0
BRDA:162,17,0,0
BRDA:162,17,1,0
BRDA:166,18,0,0
BRDA:166,18,1,0
BRDA:166,19,0,0
BRDA:166,19,1,0
BRDA:166,19,2,0
BRDA:177,20,0,1
BRDA:177,20,1,3
BRDA:198,21,0,4
BRDA:198,21,1,0
BRDA:203,22,0,0
BRDA:203,22,1,4
BRDA:224,23,0,0
BRDA:224,23,1,0
BRDA:228,24,0,0
BRDA:228,24,1,0
BRDA:228,25,0,0
BRDA:228,25,1,0
BRDA:237,26,0,12
BRDA:237,26,1,0
BRDA:241,27,0,0
BRDA:241,27,1,0
BRDA:241,28,0,0
BRDA:241,28,1,0
BRDA:245,29,0,0
BRDA:245,29,1,0
BRDA:255,30,0,0
BRDA:255,30,1,0
BRDA:255,31,0,0
BRDA:255,31,1,0
BRDA:267,32,0,0
BRDA:267,32,1,0
BRDA:267,33,0,0
BRDA:267,33,1,0
BRDA:267,33,2,0
BRDA:278,34,0,0
BRDA:278,34,1,0
BRDA:278,35,0,0
BRDA:278,35,1,0
BRDA:289,36,0,0
BRDA:289,36,1,0
BRDA:289,37,0,0
BRDA:289,37,1,0
BRDA:289,37,2,0
BRDA:291,38,0,0
BRDA:291,38,1,0
BRDA:292,39,0,0
BRDA:292,39,1,0
BRDA:295,40,0,0
BRDA:295,40,1,0
BRDA:323,41,0,0
BRDA:323,41,1,0
BRDA:323,42,0,0
BRDA:323,42,1,0
BRDA:326,43,0,0
BRDA:326,43,1,0
BRDA:335,44,0,12
BRDA:335,44,1,12
BRDA:335,44,2,12
BRDA:335,44,3,0
BRDA:335,44,4,0
BRDA:335,44,5,12
BRDA:335,44,6,12
BRDA:335,44,7,12
BRDA:335,44,8,12
BRDA:335,44,9,9
BRDA:335,44,10,9
BRDA:335,44,11,6
BRDA:335,44,12,6
BRDA:335,44,13,0
BRDA:335,44,14,0
BRDA:356,45,0,10
BRDA:356,45,1,0
BRDA:396,46,0,0
BRDA:396,46,1,0
BRDA:411,47,0,10
BRDA:411,47,1,2
BRDA:421,48,0,10
BRDA:421,48,1,8
BRF:114
BRH:38
end_of_record
TN:
SF:/var/www/sites/all/modules/custom/odp_react_forms/spa/app/components/drafts/MarkerOverlay.jsx
FN:5,(anonymous_0)
FN:9,(anonymous_1)
FN:13,(anonymous_2)
FN:18,(anonymous_3)
FN:32,(anonymous_4)
FN:43,(anonymous_5)
FN:55,(anonymous_6)
FN:69,(anonymous_7)
FNF:8
FNH:0
FNDA:0,(anonymous_0)
FNDA:0,(anonymous_1)
FNDA:0,(anonymous_2)
FNDA:0,(anonymous_3)
FNDA:0,(anonymous_4)
FNDA:0,(anonymous_5)
FNDA:0,(anonymous_6)
FNDA:0,(anonymous_7)
DA:6,0
DA:10,0
DA:14,0
DA:15,0
DA:19,0
DA:20,0
DA:22,0
DA:32,0
DA:44,0
DA:55,0
DA:61,1
DA:68,1
LF:12
LH:2
BRDA:20,0,0,0
BRDA:20,0,1,0
BRDA:20,1,0,0
BRDA:20,1,1,0
BRDA:27,2,0,0
BRDA:27,2,1,0
BRDA:31,3,0,0
BRDA:31,3,1,0
BRDA:31,4,0,0
BRDA:31,4,1,0
BRDA:31,4,2,0
BRDA:33,5,0,0
BRDA:33,5,1,0
BRDA:41,6,0,0
BRDA:41,6,1,0
BRDA:43,7,0,0
BRDA:43,7,1,0
BRDA:51,8,0,0
BRDA:51,8,1,0
BRF:19
BRH:0
end_of_record
TN:
SF:/var/www/sites/all/modules/custom/odp_react_forms/spa/app/components/drafts/SimpleMarker.jsx
FN:6,(anonymous_0)
FN:11,(anonymous_1)
FN:18,(anonymous_2)
FN:40,(anonymous_3)
FNF:4
FNH:0
FNDA:0,(anonymous_0)
FNDA:0,(anonymous_1)
FNDA:0,(anonymous_2)
FNDA:0,(anonymous_3)
DA:7,0
DA:12,0
DA:13,0
DA:15,0
DA:18,0
DA:28,1
DA:39,1
LF:7
LH:2
BRDA:7,0,0,0
BRDA:7,0,1,0
BRDA:13,1,0,0
BRDA:13,1,1,0
BRDA:13,2,0,0
BRDA:13,2,1,0
BRDA:17,3,0,0
BRDA:17,3,1,0
BRDA:17,4,0,0
BRDA:17,4,1,0
BRDA:21,5,0,0
BRDA:21,5,1,0
BRF:12
BRH:0
end_of_record
TN:
SF:/var/www/sites/all/modules/custom/odp_react_forms/spa/app/components/info/Info.jsx
FN:20,(anonymous_11)
FNF:1
FNH:0
FNDA:0,(anonymous_11)
DA:1,0
DA:2,0
DA:3,0
DA:4,0
DA:8,0
DA:9,0
DA:12,0
DA:13,0
DA:17,0
DA:18,0
DA:19,0
DA:20,0
DA:21,0
DA:23,0
DA:25,0
DA:37,0
DA:49,0
LF:17
LH:0
BRDA:12,0,0,0
BRDA:12,0,1,0
BRDA:20,1,0,0
BRDA:20,1,1,0
BRDA:21,2,0,0
BRDA:21,2,1,0
BRDA:23,3,0,0
BRDA:23,3,1,0
BRF:8
BRH:0
end_of_record
TN:
SF:/var/www/sites/all/modules/custom/odp_react_forms/spa/app/components/info/InfoForm.js
FN:67,(anonymous_10)
FN:127,(anonymous_15)
FNF:2
FNH:0
FNDA:0,(anonymous_10)
FNDA:0,(anonymous_15)
DA:1,0
DA:2,0
DA:3,0
DA:4,0
DA:5,0
DA:6,0
DA:7,0
DA:8,0
DA:9,0
DA:11,0
DA:15,0
DA:19,0
DA:20,0
DA:21,0
DA:23,0
DA:24,0
DA:25,0
DA:26,0
DA:27,0
DA:29,0
DA:30,0
DA:33,0
DA:34,0
DA:35,0
DA:37,0
DA:38,0
DA:43,0
DA:44,0
DA:45,0
DA:46,0
DA:47,0
DA:48,0
DA:50,0
DA:51,0
DA:55,0
DA:56,0
DA:58,0
DA:59,0
DA:60,0
DA:67,0
DA:69,0
DA:70,0
DA:72,0
DA:73,0
DA:77,0
DA:78,0
DA:79,0
DA:82,0
DA:83,0
DA:84,0
DA:85,0
DA:87,0
DA:88,0
DA:91,0
DA:92,0
DA:94,0
DA:96,0
DA:107,0
DA:108,0
DA:110,0
DA:120,0
DA:126,0
DA:128,0
DA:135,0
LF:64
LH:0
BRDA:19,0,0,0
BRDA:19,0,1,0
BRDA:19,1,0,0
BRDA:19,1,1,0
BRDA:21,2,0,0
BRDA:21,2,1,0
BRDA:21,3,0,0
BRDA:21,3,1,0
BRDA:25,4,0,0
BRDA:25,4,1,0
BRDA:26,5,0,0
BRDA:26,5,1,0
BRDA:29,6,0,0
BRDA:29,6,1,0
BRDA:33,7,0,0
BRDA:33,7,1,0
BRDA:34,8,0,0
BRDA:34,8,1,0
BRDA:37,9,0,0
BRDA:37,9,1,0
BRDA:44,10,0,0
BRDA:44,10,1,0
BRDA:46,11,0,0
BRDA:46,11,1,0
BRDA:47,12,0,0
BRDA:47,12,1,0
BRDA:47,13,0,0
BRDA:47,13,1,0
BRDA:50,14,0,0
BRDA:50,14,1,0
BRDA:50,15,0,0
BRDA:50,15,1,0
BRDA:55,16,0,0
BRDA:55,16,1,0
BRDA:55,17,0,0
BRDA:55,17,1,0
BRDA:56,18,0,0
BRDA:56,18,1,0
BRDA:56,19,0,0
BRDA:56,19,1,0
BRDA:59,20,0,0
BRDA:59,20,1,0
BRDA:59,21,0,0
BRDA:59,21,1,0
BRDA:82,22,0,0
BRDA:82,22,1,0
BRDA:82,23,0,0
BRDA:82,23,1,0
BRDA:83,24,0,0
BRDA:83,24,1,0
BRDA:83,25,0,0
BRDA:83,25,1,0
BRDA:88,26,0,0
BRDA:88,26,1,0
BRDA:88,26,2,0
BRDA:88,26,3,0
BRDA:93,27,0,0
BRDA:93,27,1,0
BRDA:92,28,0,0
BRDA:92,28,1,0
BRDA:108,29,0,0
BRDA:108,29,1,0
BRF:62
BRH:0
end_of_record
TN:
SF:/var/www/sites/all/modules/custom/odp_react_forms/spa/app/components/location/Location.jsx
FN:8,Location
FN:29,(anonymous_11)
FN:31,(anonymous_12)
FNF:3
FNH:0
FNDA:0,Location
FNDA:0,(anonymous_11)
FNDA:0,(anonymous_12)
DA:1,0
DA:2,0
DA:3,0
DA:4,0
DA:5,0
DA:8,0
DA:13,0
DA:14,0
DA:17,0
DA:18,0
DA:22,0
DA:23,0
DA:24,0
DA:25,0
DA:27,0
DA:29,0
DA:30,0
DA:31,0
DA:33,0
DA:35,0
DA:57,0
LF:21
LH:0
BRDA:8,0,0,0
BRDA:8,0,1,0
BRDA:17,1,0,0
BRDA:17,1,1,0
BRDA:27,2,0,0
BRDA:27,2,1,0
BRDA:29,3,0,0
BRDA:29,3,1,0
BRDA:30,4,0,0
BRDA:30,4,1,0
BRDA:46,5,0,0
BRDA:46,5,1,0
BRF:12
BRH:0
end_of_record
TN:
SF:/var/www/sites/all/modules/custom/odp_react_forms/spa/app/components/location/LocationFiles.js
FN:9,LocationFiles
FN:20,(anonymous_13)
FN:23,(anonymous_14)
FN:30,(anonymous_15)
FN:45,(anonymous_16)
FN:65,(anonymous_17)
FN:76,(anonymous_18)
FN:85,(anonymous_19)
FN:95,(anonymous_20)
FN:104,(anonymous_21)
FN:106,(anonymous_22)
FN:117,(anonymous_23)
FN:118,(anonymous_24)
FN:120,(anonymous_25)
FN:137,(anonymous_26)
FN:143,(anonymous_27)
FN:145,(anonymous_28)
FN:164,(anonymous_29)
FN:167,(anonymous_30)
FN:184,(anonymous_31)
FN:199,(anonymous_32)
FN:250,(anonymous_36)
FNF:22
FNH:0
FNDA:0,LocationFiles
FNDA:0,(anonymous_13)
FNDA:0,(anonymous_14)
FNDA:0,(anonymous_15)
FNDA:0,(anonymous_16)
FNDA:0,(anonymous_17)
FNDA:0,(anonymous_18)
FNDA:0,(anonymous_19)
FNDA:0,(anonymous_20)
FNDA:0,(anonymous_21)
FNDA:0,(anonymous_22)
FNDA:0,(anonymous_23)
FNDA:0,(anonymous_24)
FNDA:0,(anonymous_25)
FNDA:0,(anonymous_26)
FNDA:0,(anonymous_27)
FNDA:0,(anonymous_28)
FNDA:0,(anonymous_29)
FNDA:0,(anonymous_30)
FNDA:0,(anonymous_31)
FNDA:0,(anonymous_32)
FNDA:0,(anonymous_36)
DA:1,0
DA:3,0
DA:4,0
DA:5,0
DA:6,0
DA:9,0
DA:12,0
DA:21,0
DA:23,0
DA:24,0
DA:25,0
DA:26,0
DA:27,0
DA:28,0
DA:30,0
DA:31,0
DA:32,0
DA:33,0
DA:35,0
DA:36,0
DA:37,0
DA:39,0
DA:42,0
DA:43,0
DA:45,0
DA:46,0
DA:47,0
DA:48,0
DA:49,0
DA:51,0
DA:54,0
DA:58,0
DA:60,0
DA:66,0
DA:69,0
DA:71,0
DA:72,0
DA:74,0
DA:76,0
DA:77,0
DA:78,0
DA:79,0
DA:82,0
DA:83,0
DA:85,0
DA:87,0
DA:88,0
DA:90,0
DA:95,0
DA:96,0
DA:105,0
DA:106,0
DA:107,0
DA:108,0
DA:111,0
DA:118,0
DA:119,0
DA:120,0
DA:121,0
DA:122,0
DA:123,0
DA:125,0
DA:127,0
DA:130,0
DA:134,0
DA:138,0
DA:139,0
DA:141,0
DA:143,0
DA:144,0
DA:145,0
DA:146,0
DA:147,0
DA:148,0
DA:150,0
DA:152,0
DA:156,0
DA:158,0
DA:165,0
DA:167,0
DA:169,0
DA:171,0
DA:174,0
DA:176,0
DA:185,0
DA:186,0
DA:187,0
DA:188,0
DA:192,0
DA:193,0
DA:196,0
DA:200,0
DA:203,0
DA:206,0
DA:207,0
DA:208,0
DA:209,0
DA:211,0
DA:218,0
DA:219,0
DA:221,0
DA:222,0
DA:223,0
DA:228,0
DA:232,0
DA:233,0
DA:235,0
DA:237,0
DA:238,0
DA:239,0
DA:240,0
DA:242,0
DA:243,0
DA:246,0
DA:250,0
DA:251,0
DA:254,0
DA:256,0
DA:263,0
DA:264,0
DA:265,0
DA:266,0
DA:267,0
DA:269,0
DA:303,0
LF:125
LH:0
BRDA:9,0,0,0
BRDA:9,0,1,0
BRDA:25,1,0,0
BRDA:25,1,1,0
BRDA:25,2,0,0
BRDA:25,2,1,0
BRDA:32,3,0,0
BRDA:32,3,1,0
BRDA:35,4,0,0
BRDA:35,4,1,0
BRDA:42,5,0,0
BRDA:42,5,1,0
BRDA:42,6,0,0
BRDA:42,6,1,0
BRDA:43,7,0,0
BRDA:43,7,1,0
BRDA:47,8,0,0
BRDA:47,8,1,0
BRDA:72,9,0,0
BRDA:72,9,1,0
BRDA:78,10,0,0
BRDA:78,10,1,0
BRDA:87,11,0,0
BRDA:87,11,1,0
BRDA:98,12,0,0
BRDA:98,12,1,0
BRDA:118,13,0,0
BRDA:118,13,1,0
BRDA:122,14,0,0
BRDA:122,14,1,0
BRDA:143,15,0,0
BRDA:143,15,1,0
BRDA:147,16,0,0
BRDA:147,16,1,0
BRDA:187,17,0,0
BRDA:187,17,1,0
BRDA:192,18,0,0
BRDA:192,18,1,0
BRDA:218,19,0,0
BRDA:218,19,1,0
BRDA:219,20,0,0
BRDA:219,20,1,0
BRDA:221,21,0,0
BRDA:221,21,1,0
BRDA:232,22,0,0
BRDA:232,22,1,0
BRDA:232,23,0,0
BRDA:232,23,1,0
BRDA:242,24,0,0
BRDA:242,24,1,0
BRDA:254,25,0,0
BRDA:254,25,1,0
BRDA:265,26,0,0
BRDA:265,26,1,0
BRDA:265,26,2,0
BRF:55
BRH:0
end_of_record
TN:
SF:/var/www/sites/all/modules/custom/odp_react_forms/spa/app/components/location/LocationFilesForm.js
FN:13,LocationFilesForm
FN:24,(anonymous_9)
FN:35,(anonymous_12)
FN:36,(anonymous_13)
FN:39,(anonymous_14)
FN:77,(anonymous_15)
FNF:6
FNH:0
FNDA:0,LocationFilesForm
FNDA:0,(anonymous_9)
FNDA:0,(anonymous_12)
FNDA:0,(anonymous_13)
FNDA:0,(anonymous_14)
FNDA:0,(anonymous_15)
DA:1,0
DA:2,0
DA:3,0
DA:4,0
DA:5,0
DA:7,0
DA:10,0
DA:13,0
DA:18,0
DA:19,0
DA:21,0
DA:26,0
DA:27,0
DA:31,0
DA:32,0
DA:33,0
DA:35,0
DA:36,0
DA:39,0
DA:62,0
DA:70,0
DA:76,0
DA:78,0
LF:23
LH:0
BRDA:13,0,0,0
BRDA:13,0,1,0
BRDA:26,1,0,0
BRDA:26,1,1,0
BRDA:33,2,0,0
BRDA:33,2,1,0
BRDA:57,3,0,0
BRDA:57,3,1,0
BRDA:57,4,0,0
BRDA:57,4,1,0
BRF:10
BRH:0
end_of_record
TN:
SF:/var/www/sites/all/modules/custom/odp_react_forms/spa/app/components/location/LocationForm.js
FN:13,LocationForm
FN:45,(anonymous_11)
FNF:2
FNH:0
FNDA:0,LocationForm
FNDA:0,(anonymous_11)
DA:1,0
DA:2,0
DA:3,0
DA:4,0
DA:5,0
DA:6,0
DA:7,0
DA:10,0
DA:13,0
DA:18,0
DA:21,0
DA:22,0
DA:25,0
DA:26,0
DA:28,0
DA:38,0
DA:44,0
DA:46,0
LF:18
LH:0
BRDA:13,0,0,0
BRDA:13,0,1,0
BRDA:26,1,0,0
BRDA:26,1,1,0
BRF:4
BRH:0
end_of_record
TN:
SF:/var/www/sites/all/modules/custom/odp_react_forms/spa/app/components/maps/Maps.jsx
FN:6,Maps
FN:25,(anonymous_11)
FN:27,(anonymous_12)
FNF:3
FNH:0
FNDA:0,Maps
FNDA:0,(anonymous_11)
FNDA:0,(anonymous_12)
DA:1,0
DA:2,0
DA:3,0
DA:6,0
DA:11,0
DA:12,0
DA:15,0
DA:16,0
DA:20,0
DA:21,0
DA:22,0
DA:23,0
DA:25,0
DA:26,0
DA:27,0
DA:29,0
LF:16
LH:0
BRDA:6,0,0,0
BRDA:6,0,1,0
BRDA:15,1,0,0
BRDA:15,1,1,0
BRDA:23,2,0,0
BRDA:23,2,1,0
BRDA:25,3,0,0
BRDA:25,3,1,0
BRDA:26,4,0,0
BRDA:26,4,1,0
BRF:10
BRH:0
end_of_record
TN:
SF:/var/www/sites/all/modules/custom/odp_react_forms/spa/app/components/maps/MapsFileSection.js
FN:12,(anonymous_10)
FN:13,(anonymous_11)
FN:16,(anonymous_12)
FN:23,(anonymous_13)
FNF:4
FNH:0
FNDA:0,(anonymous_10)
FNDA:0,(anonymous_11)
FNDA:0,(anonymous_12)
FNDA:0,(anonymous_13)
DA:1,0
DA:3,0
DA:4,0
DA:6,0
DA:9,0
DA:10,0
DA:11,0
DA:12,0
DA:13,0
DA:15,0
DA:16,0
DA:18,0
DA:23,0
LF:13
LH:0
BRDA:12,0,0,0
BRDA:12,0,1,0
BRDA:13,1,0,0
BRDA:13,1,1,0
BRDA:16,2,0,0
BRDA:16,2,1,0
BRDA:16,3,0,0
BRDA:16,3,1,0
BRDA:35,4,0,0
BRDA:35,4,1,0
BRDA:35,5,0,0
BRDA:35,5,1,0
BRF:12
BRH:0
end_of_record
TN:
SF:/var/www/sites/all/modules/custom/odp_react_forms/spa/app/components/maps/MapsFiles.js
FN:6,MapsFiles
FN:15,(anonymous_12)
FN:23,(anonymous_13)
FN:41,(anonymous_14)
FN:68,(anonymous_15)
FN:93,(anonymous_16)
FN:115,(anonymous_17)
FN:138,(anonymous_20)
FNF:8
FNH:0
FNDA:0,MapsFiles
FNDA:0,(anonymous_12)
FNDA:0,(anonymous_13)
FNDA:0,(anonymous_14)
FNDA:0,(anonymous_15)
FNDA:0,(anonymous_16)
FNDA:0,(anonymous_17)
FNDA:0,(anonymous_20)
DA:1,0
DA:2,0
DA:3,0
DA:6,0
DA:9,0
DA:16,0
DA:17,0
DA:19,0
DA:20,0
DA:22,0
DA:23,0
DA:24,0
DA:25,0
DA:26,0
DA:28,0
DA:32,0
DA:34,0
DA:38,0
DA:42,0
DA:44,0
DA:47,0
DA:49,0
DA:54,0
DA:55,0
DA:56,0
DA:57,0
DA:61,0
DA:62,0
DA:65,0
DA:69,0
DA:72,0
DA:75,0
DA:76,0
DA:77,0
DA:78,0
DA:80,0
DA:87,0
DA:89,0
DA:94,0
DA:95,0
DA:97,0
DA:99,0
DA:100,0
DA:102,0
DA:103,0
DA:104,0
DA:105,0
DA:106,0
DA:110,0
DA:111,0
DA:112,0
DA:114,0
DA:115,0
DA:116,0
DA:117,0
DA:118,0
DA:120,0
DA:124,0
DA:125,0
DA:128,0
DA:134,0
DA:135,0
DA:138,0
DA:151,0
LF:64
LH:0
BRDA:6,0,0,0
BRDA:6,0,1,0
BRDA:22,1,0,0
BRDA:22,1,1,0
BRDA:25,2,0,0
BRDA:25,2,1,0
BRDA:56,3,0,0
BRDA:56,3,1,0
BRDA:61,4,0,0
BRDA:61,4,1,0
BRDA:97,5,0,0
BRDA:97,5,1,0
BRDA:99,6,0,0
BRDA:99,6,1,0
BRDA:99,7,0,0
BRDA:99,7,1,0
BRDA:103,8,0,0
BRDA:103,8,1,0
BRDA:110,9,0,0
BRDA:110,9,1,0
BRDA:114,10,0,0
BRDA:114,10,1,0
BRDA:117,11,0,0
BRDA:117,11,1,0
BRDA:87,12,0,0
BRDA:87,12,1,0
BRDA:87,13,0,0
BRDA:87,13,1,0
BRF:28
BRH:0
end_of_record
TN:
SF:/var/www/sites/all/modules/custom/odp_react_forms/spa/app/components/maps/MapsFilesList.jsx
FNF:0
FNH:0
DA:1,0
DA:5,0
DA:6,0
DA:7,0
DA:9,0
LF:5
LH:0
BRDA:7,0,0,0
BRDA:7,0,1,0
BRDA:14,1,0,0
BRDA:14,1,1,0
BRDA:15,2,0,0
BRDA:15,2,1,0
BRDA:23,3,0,0
BRDA:23,3,1,0
BRF:8
BRH:0
end_of_record
TN:
SF:/var/www/sites/all/modules/custom/odp_react_forms/spa/app/components/maps/MapsForm.js
FN:13,MapsForm
FN:17,(anonymous_9)
FN:61,(anonymous_12)
FNF:3
FNH:0
FNDA:0,MapsForm
FNDA:0,(anonymous_9)
FNDA:0,(anonymous_12)
DA:1,0
DA:2,0
DA:3,0
DA:4,0
DA:5,0
DA:6,0
DA:7,0
DA:8,0
DA:10,0
DA:13,0
DA:18,0
DA:22,0
DA:23,0
DA:25,0
DA:28,0
DA:29,0
DA:32,0
DA:34,0
DA:54,0
DA:60,0
DA:62,0
LF:21
LH:0
BRDA:13,0,0,0
BRDA:13,0,1,0
BRDA:32,1,0,0
BRDA:32,1,1,0
BRF:4
BRH:0
end_of_record
TN:
SF:/var/www/sites/all/modules/custom/odp_react_forms/spa/app/components/maps/MapsUploadSection.js
FN:8,MapsUploadSection
FN:19,(anonymous_10)
FN:26,(anonymous_11)
FN:39,(anonymous_12)
FN:58,(anonymous_13)
FN:62,(anonymous_14)
FN:75,(anonymous_15)
FN:84,(anonymous_16)
FN:84,(anonymous_17)
FN:100,(anonymous_18)
FN:118,(anonymous_19)
FN:150,(anonymous_20)
FNF:12
FNH:0
FNDA:0,MapsUploadSection
FNDA:0,(anonymous_10)
FNDA:0,(anonymous_11)
FNDA:0,(anonymous_12)
FNDA:0,(anonymous_13)
FNDA:0,(anonymous_14)
FNDA:0,(anonymous_15)
FNDA:0,(anonymous_16)
FNDA:0,(anonymous_17)
FNDA:0,(anonymous_18)
FNDA:0,(anonymous_19)
FNDA:0,(anonymous_20)
DA:1,0
DA:2,0
DA:3,0
DA:4,0
DA:5,0
DA:8,0
DA:11,0
DA:20,0
DA:22,0
DA:24,0
DA:25,0
DA:26,0
DA:27,0
DA:28,0
DA:29,0
DA:31,0
DA:32,0
DA:34,0
DA:37,0
DA:38,0
DA:39,0
DA:40,0
DA:41,0
DA:42,0
DA:44,0
DA:48,0
DA:50,0
DA:55,0
DA:60,0
DA:62,0
DA:63,0
DA:64,0
DA:65,0
DA:68,0
DA:70,0
DA:76,0
DA:80,0
DA:84,0
DA:85,0
DA:86,0
DA:87,0
DA:88,0
DA:89,0
DA:90,0
DA:91,0
DA:93,0
DA:94,0
DA:96,0
DA:98,0
DA:100,0
DA:101,0
DA:102,0
DA:103,0
DA:106,0
DA:108,0
DA:114,0
DA:119,0
DA:121,0
DA:123,0
DA:129,0
DA:131,0
DA:132,0
DA:134,0
DA:136,0
DA:141,0
DA:142,0
DA:145,0
DA:151,0
DA:152,0
DA:157,0
DA:163,0
DA:164,0
DA:165,0
DA:166,0
DA:167,0
DA:174,0
LF:76
LH:0
BRDA:8,0,0,0
BRDA:8,0,1,0
BRDA:20,1,0,0
BRDA:20,1,1,0
BRDA:24,2,0,0
BRDA:24,2,1,0
BRDA:24,3,0,0
BRDA:24,3,1,0
BRDA:28,4,0,0
BRDA:28,4,1,0
BRDA:37,5,0,0
BRDA:37,5,1,0
BRDA:37,6,0,0
BRDA:37,6,1,0
BRDA:41,7,0,0
BRDA:41,7,1,0
BRDA:64,8,0,0
BRDA:64,8,1,0
BRDA:85,9,0,0
BRDA:85,9,1,0
BRDA:85,10,0,0
BRDA:85,10,1,0
BRDA:89,11,0,0
BRDA:89,11,1,0
BRDA:93,12,0,0
BRDA:93,12,1,0
BRDA:96,13,0,0
BRDA:96,13,1,0
BRDA:102,14,0,0
BRDA:102,14,1,0
BRDA:151,15,0,0
BRDA:151,15,1,0
BRDA:131,16,0,0
BRDA:131,16,1,0
BRDA:131,17,0,0
BRDA:131,17,1,0
BRDA:131,17,2,0
BRDA:141,18,0,0
BRDA:141,18,1,0
BRDA:141,19,0,0
BRDA:141,19,1,0
BRDA:178,20,0,0
BRDA:178,20,1,0
BRDA:179,21,0,0
BRDA:179,21,1,0
BRDA:182,22,0,0
BRDA:182,22,1,0
BRDA:186,23,0,0
BRDA:186,23,1,0
BRDA:191,24,0,0
BRDA:191,24,1,0
BRDA:203,25,0,0
BRDA:203,25,1,0
BRDA:204,26,0,0
BRDA:204,26,1,0
BRDA:204,27,0,0
BRDA:204,27,1,0
BRF:57
BRH:0
end_of_record
TN:
SF:/var/www/sites/all/modules/custom/odp_react_forms/spa/app/components/partners/Partners.jsx
FN:21,(anonymous_11)
FNF:1
FNH:0
FNDA:0,(anonymous_11)
DA:1,0
DA:2,0
DA:3,0
DA:4,0
DA:8,0
DA:9,0
DA:12,0
DA:13,0
DA:17,0
DA:18,0
DA:19,0
DA:21,0
DA:22,0
DA:24,0
DA:26,0
DA:37,0
LF:16
LH:0
BRDA:12,0,0,0
BRDA:12,0,1,0
BRDA:21,1,0,0
BRDA:21,1,1,0
BRDA:22,2,0,0
BRDA:22,2,1,0
BRDA:24,3,0,0
BRDA:24,3,1,0
BRF:8
BRH:0
end_of_record
TN:
SF:/var/www/sites/all/modules/custom/odp_react_forms/spa/app/components/partners/PartnersForm.js
FN:12,PartnersForm
FN:42,(anonymous_11)
FNF:2
FNH:0
FNDA:0,PartnersForm
FNDA:0,(anonymous_11)
DA:1,0
DA:2,0
DA:3,0
DA:4,0
DA:5,0
DA:6,0
DA:7,0
DA:9,0
DA:12,0
DA:17,0
DA:20,0
DA:21,0
DA:24,0
DA:26,0
DA:36,0
DA:41,0
DA:43,0
DA:51,0
LF:18
LH:0
BRDA:12,0,0,0
BRDA:12,0,1,0
BRDA:24,1,0,0
BRDA:24,1,1,0
BRF:4
BRH:0
end_of_record
TN:
SF:/var/www/sites/all/modules/custom/odp_react_forms/spa/app/components/photos/DropZonePhotos.js
FN:7,Dropzone
FN:38,addedfile
FN:44,success
FN:53,(anonymous_11)
FN:57,error
FN:63,thumbnail
FN:82,mapStateToProps
FNF:7
FNH:0
FNDA:0,Dropzone
FNDA:0,addedfile
FNDA:0,success
FNDA:0,(anonymous_11)
FNDA:0,error
FNDA:0,thumbnail
FNDA:0,mapStateToProps
DA:1,0
DA:2,0
DA:3,0
DA:4,0
DA:7,0
DA:39,0
DA:42,0
DA:45,0
DA:51,0
DA:53,0
DA:54,0
DA:58,0
DA:61,0
DA:64,0
DA:72,0
DA:83,0
LF:16
LH:0
BRDA:7,0,0,0
BRDA:7,0,1,0
BRF:2
BRH:0
end_of_record
TN:
SF:/var/www/sites/all/modules/custom/odp_react_forms/spa/app/components/photos/PhotoSection.js
FN:13,PhotoSection
FN:26,(anonymous_13)
FN:29,(anonymous_14)
FN:37,(anonymous_15)
FN:56,(anonymous_16)
FN:78,(anonymous_17)
FN:104,(anonymous_18)
FN:122,(anonymous_19)
FN:126,(anonymous_20)
FN:134,(anonymous_21)
FN:144,(anonymous_22)
FN:146,(anonymous_23)
FN:157,(anonymous_24)
FN:158,(anonymous_25)
FN:161,(anonymous_26)
FN:171,(anonymous_27)
FN:181,(anonymous_28)
FN:187,(anonymous_29)
FN:189,(anonymous_30)
FN:199,(anonymous_31)
FN:210,(anonymous_32)
FN:213,(anonymous_33)
FN:228,(anonymous_34)
FN:239,(anonymous_35)
FN:255,(anonymous_36)
FN:286,(anonymous_37)
FN:302,(anonymous_38)
FN:308,(anonymous_39)
FN:318,(anonymous_40)
FN:337,(anonymous_41)
FN:355,(anonymous_42)
FN:372,(anonymous_43)
FN:393,(anonymous_44)
FN:409,(anonymous_45)
FN:430,(anonymous_46)
FN:444,(anonymous_47)
FN:460,(anonymous_48)
FN:464,(anonymous_49)
FN:464,_loop
FN:479,(anonymous_51)
FN:501,(anonymous_52)
FN:523,(anonymous_55)
FN:526,(anonymous_56)
FNF:43
FNH:0
FNDA:0,PhotoSection
FNDA:0,(anonymous_13)
FNDA:0,(anonymous_14)
FNDA:0,(anonymous_15)
FNDA:0,(anonymous_16)
FNDA:0,(anonymous_17)
FNDA:0,(anonymous_18)
FNDA:0,(anonymous_19)
FNDA:0,(anonymous_20)
FNDA:0,(anonymous_21)
FNDA:0,(anonymous_22)
FNDA:0,(anonymous_23)
FNDA:0,(anonymous_24)
FNDA:0,(anonymous_25)
FNDA:0,(anonymous_26)
FNDA:0,(anonymous_27)
FNDA:0,(anonymous_28)
FNDA:0,(anonymous_29)
FNDA:0,(anonymous_30)
FNDA:0,(anonymous_31)
FNDA:0,(anonymous_32)
FNDA:0,(anonymous_33)
FNDA:0,(anonymous_34)
FNDA:0,(anonymous_35)
FNDA:0,(anonymous_36)
FNDA:0,(anonymous_37)
FNDA:0,(anonymous_38)
FNDA:0,(anonymous_39)
FNDA:0,(anonymous_40)
FNDA:0,(anonymous_41)
FNDA:0,(anonymous_42)
FNDA:0,(anonymous_43)
FNDA:0,(anonymous_44)
FNDA:0,(anonymous_45)
FNDA:0,(anonymous_46)
FNDA:0,(anonymous_47)
FNDA:0,(anonymous_48)
FNDA:0,(anonymous_49)
FNDA:0,_loop
FNDA:0,(anonymous_51)
FNDA:0,(anonymous_52)
FNDA:0,(anonymous_55)
FNDA:0,(anonymous_56)
DA:1,0
DA:3,0
DA:4,0
DA:5,0
DA:6,0
DA:7,0
DA:9,0
DA:10,0
DA:13,0
DA:16,0
DA:27,0
DA:29,0
DA:30,0
DA:31,0
DA:32,0
DA:33,0
DA:34,0
DA:35,0
DA:37,0
DA:38,0
DA:39,0
DA:40,0
DA:42,0
DA:43,0
DA:44,0
DA:45,0
DA:46,0
DA:48,0
DA:51,0
DA:52,0
DA:53,0
DA:54,0
DA:56,0
DA:57,0
DA:58,0
DA:59,0
DA:60,0
DA:61,0
DA:62,0
DA:64,0
DA:67,0
DA:71,0
DA:73,0
DA:79,0
DA:80,0
DA:83,0
DA:85,0
DA:86,0
DA:87,0
DA:89,0
DA:90,0
DA:97,0
DA:99,0
DA:100,0
DA:102,0
DA:104,0
DA:105,0
DA:106,0
DA:107,0
DA:110,0
DA:111,0
DA:113,0
DA:114,0
DA:116,0
DA:121,0
DA:122,0
DA:124,0
DA:125,0
DA:126,0
DA:127,0
DA:128,0
DA:129,0
DA:134,0
DA:135,0
DA:145,0
DA:146,0
DA:147,0
DA:148,0
DA:151,0
DA:158,0
DA:159,0
DA:161,0
DA:162,0
DA:163,0
DA:164,0
DA:166,0
DA:168,0
DA:171,0
DA:173,0
DA:178,0
DA:182,0
DA:183,0
DA:185,0
DA:187,0
DA:188,0
DA:189,0
DA:190,0
DA:191,0
DA:192,0
DA:194,0
DA:196,0
DA:199,0
DA:200,0
DA:207,0
DA:211,0
DA:213,0
DA:215,0
DA:217,0
DA:220,0
DA:222,0
DA:229,0
DA:231,0
DA:232,0
DA:240,0
DA:242,0
DA:243,0
DA:244,0
DA:248,0
DA:249,0
DA:252,0
DA:256,0
DA:257,0
DA:259,0
DA:260,0
DA:261,0
DA:262,0
DA:265,0
DA:269,0
DA:270,0
DA:273,0
DA:278,0
DA:280,0
DA:288,0
DA:289,0
DA:294,0
DA:298,0
DA:299,0
DA:303,0
DA:307,0
DA:308,0
DA:309,0
DA:310,0
DA:311,0
DA:314,0
DA:318,0
DA:319,0
DA:321,0
DA:322,0
DA:323,0
DA:325,0
DA:326,0
DA:329,0
DA:332,0
DA:337,0
DA:338,0
DA:340,0
DA:341,0
DA:344,0
DA:347,0
DA:352,0
DA:355,0
DA:356,0
DA:357,0
DA:358,0
DA:359,0
DA:362,0
DA:364,0
DA:365,0
DA:367,0
DA:371,0
DA:372,0
DA:373,0
DA:375,0
DA:376,0
DA:379,0
DA:382,0
DA:387,0
DA:389,0
DA:392,0
DA:393,0
DA:394,0
DA:396,0
DA:397,0
DA:400,0
DA:403,0
DA:409,0
DA:410,0
DA:413,0
DA:416,0
DA:417,0
DA:418,0
DA:419,0
DA:420,0
DA:421,0
DA:423,0
DA:426,0
DA:430,0
DA:431,0
DA:433,0
DA:434,0
DA:436,0
DA:437,0
DA:440,0
DA:444,0
DA:445,0
DA:446,0
DA:451,0
DA:457,0
DA:461,0
DA:464,0
DA:465,0
DA:466,0
DA:468,0
DA:470,0
DA:472,0
DA:473,0
DA:474,0
DA:476,0
DA:479,0
DA:480,0
DA:482,0
DA:483,0
DA:486,0
DA:487,0
DA:490,0
DA:493,0
DA:494,0
DA:497,0
DA:501,0
DA:502,0
DA:505,0
DA:506,0
DA:507,0
DA:508,0
DA:513,0
DA:519,0
DA:520,0
DA:521,0
DA:522,0
DA:523,0
DA:524,0
DA:526,0
DA:528,0
DA:585,0
LF:244
LH:0
BRDA:13,0,0,0
BRDA:13,0,1,0
BRDA:30,1,0,0
BRDA:30,1,1,0
BRDA:30,2,0,0
BRDA:30,2,1,0
BRDA:39,3,0,0
BRDA:39,3,1,0
BRDA:42,4,0,0
BRDA:42,4,1,0
BRDA:51,5,0,0
BRDA:51,5,1,0
BRDA:51,6,0,0
BRDA:51,6,1,0
BRDA:52,7,0,0
BRDA:52,7,1,0
BRDA:53,8,0,0
BRDA:53,8,1,0
BRDA:54,9,0,0
BRDA:54,9,1,0
BRDA:58,10,0,0
BRDA:58,10,1,0
BRDA:61,11,0,0
BRDA:61,11,1,0
BRDA:62,12,0,0
BRDA:62,12,1,0
BRDA:83,13,0,0
BRDA:83,13,1,0
BRDA:100,14,0,0
BRDA:100,14,1,0
BRDA:106,15,0,0
BRDA:106,15,1,0
BRDA:113,16,0,0
BRDA:113,16,1,0
BRDA:121,17,0,0
BRDA:121,17,1,0
BRDA:124,18,0,0
BRDA:124,18,1,0
BRDA:128,19,0,0
BRDA:128,19,1,0
BRDA:137,20,0,0
BRDA:137,20,1,0
BRDA:158,21,0,0
BRDA:158,21,1,0
BRDA:163,22,0,0
BRDA:163,22,1,0
BRDA:187,23,0,0
BRDA:187,23,1,0
BRDA:191,24,0,0
BRDA:191,24,1,0
BRDA:202,25,0,0
BRDA:202,25,1,0
BRDA:243,26,0,0
BRDA:243,26,1,0
BRDA:248,27,0,0
BRDA:248,27,1,0
BRDA:260,28,0,0
BRDA:260,28,1,0
BRDA:261,29,0,0
BRDA:261,29,1,0
BRDA:269,30,0,0
BRDA:269,30,1,0
BRDA:307,31,0,0
BRDA:307,31,1,0
BRDA:310,32,0,0
BRDA:310,32,1,0
BRDA:321,33,0,0
BRDA:321,33,1,0
BRDA:322,34,0,0
BRDA:322,34,1,0
BRDA:340,35,0,0
BRDA:340,35,1,0
BRDA:356,36,0,0
BRDA:356,36,1,0
BRDA:357,37,0,0
BRDA:357,37,1,0
BRDA:358,38,0,0
BRDA:358,38,1,0
BRDA:365,39,0,0
BRDA:365,39,1,0
BRDA:365,40,0,0
BRDA:365,40,1,0
BRDA:366,41,0,0
BRDA:366,41,1,0
BRDA:367,42,0,0
BRDA:367,42,1,0
BRDA:367,43,0,0
BRDA:367,43,1,0
BRDA:368,44,0,0
BRDA:368,44,1,0
BRDA:371,45,0,0
BRDA:371,45,1,0
BRDA:375,46,0,0
BRDA:375,46,1,0
BRDA:387,47,0,0
BRDA:387,47,1,0
BRDA:387,48,0,0
BRDA:387,48,1,0
BRDA:388,49,0,0
BRDA:388,49,1,0
BRDA:389,50,0,0
BRDA:389,50,1,0
BRDA:389,51,0,0
BRDA:389,51,1,0
BRDA:390,52,0,0
BRDA:390,52,1,0
BRDA:392,53,0,0
BRDA:392,53,1,0
BRDA:396,54,0,0
BRDA:396,54,1,0
BRDA:423,55,0,0
BRDA:423,55,1,0
BRDA:423,56,0,0
BRDA:423,56,1,0
BRDA:424,57,0,0
BRDA:424,57,1,0
BRDA:426,58,0,0
BRDA:426,58,1,0
BRDA:426,59,0,0
BRDA:426,59,1,0
BRDA:427,60,0,0
BRDA:427,60,1,0
BRDA:433,61,0,0
BRDA:433,61,1,0
BRDA:436,62,0,0
BRDA:436,62,1,0
BRDA:445,63,0,0
BRDA:445,63,1,0
BRDA:461,64,0,0
BRDA:461,64,1,0
BRDA:464,65,0,0
BRDA:464,65,1,0
BRDA:482,66,0,0
BRDA:482,66,1,0
BRDA:483,67,0,0
BRDA:483,67,1,0
BRDA:486,68,0,0
BRDA:486,68,1,0
BRDA:487,69,0,0
BRDA:487,69,1,0
BRDA:493,70,0,0
BRDA:493,70,1,0
BRDA:505,71,0,0
BRDA:505,71,1,0
BRDA:506,72,0,0
BRDA:506,72,1,0
BRDA:506,73,0,0
BRDA:506,73,1,0
BRDA:523,74,0,0
BRDA:523,74,1,0
BRDA:524,75,0,0
BRDA:524,75,1,0
BRDA:556,76,0,0
BRDA:556,76,1,0
BRF:154
BRH:0
end_of_record
TN:
SF:/var/www/sites/all/modules/custom/odp_react_forms/spa/app/components/photos/Photos.jsx
FN:26,(anonymous_11)
FNF:1
FNH:0
FNDA:0,(anonymous_11)
DA:1,0
DA:2,0
DA:3,0
DA:4,0
DA:8,0
DA:9,0
DA:12,0
DA:13,0
DA:17,0
DA:18,0
DA:20,0
DA:21,0
DA:24,0
DA:26,0
DA:27,0
DA:28,0
DA:29,0
DA:30,0
DA:32,0
DA:34,0
DA:50,0
DA:58,0
LF:22
LH:0
BRDA:12,0,0,0
BRDA:12,0,1,0
BRDA:20,1,0,0
BRDA:20,1,1,0
BRDA:27,2,0,0
BRDA:27,2,1,0
BRDA:28,3,0,0
BRDA:28,3,1,0
BRDA:29,4,0,0
BRDA:29,4,1,0
BRDA:30,5,0,0
BRDA:30,5,1,0
BRDA:32,6,0,0
BRDA:32,6,1,0
BRDA:32,7,0,0
BRDA:32,7,1,0
BRDA:32,7,2,0
BRF:17
BRH:0
end_of_record
TN:
SF:/var/www/sites/all/modules/custom/odp_react_forms/spa/app/components/photos/PhotosForm.js
FN:13,PhotosForm
FN:23,(anonymous_9)
FN:30,(anonymous_10)
FN:45,(anonymous_11)
FN:45,(anonymous_12)
FN:48,(anonymous_13)
FN:57,(anonymous_14)
FN:66,(anonymous_15)
FN:111,onClick
FN:112,onClick
FN:146,(anonymous_20)
FNF:11
FNH:0
FNDA:0,PhotosForm
FNDA:0,(anonymous_9)
FNDA:0,(anonymous_10)
FNDA:0,(anonymous_11)
FNDA:0,(anonymous_12)
FNDA:0,(anonymous_13)
FNDA:0,(anonymous_14)
FNDA:0,(anonymous_15)
FNDA:0,onClick
FNDA:0,onClick
FNDA:0,(anonymous_20)
DA:1,0
DA:2,0
DA:3,0
DA:4,0
DA:5,0
DA:7,0
DA:10,0
DA:13,0
DA:16,0
DA:20,0
DA:24,0
DA:26,0
DA:27,0
DA:30,0
DA:31,0
DA:32,0
DA:38,0
DA:39,0
DA:40,0
DA:42,0
DA:45,0
DA:46,0
DA:47,0
DA:48,0
DA:49,0
DA:52,0
DA:54,0
DA:59,0
DA:60,0
DA:67,0
DA:68,0
DA:69,0
DA:71,0
DA:72,0
DA:77,0
DA:78,0
DA:80,0
DA:82,0
DA:89,0
DA:93,0
DA:111,0
DA:112,0
DA:131,0
DA:139,0
DA:145,0
DA:147,0
LF:46
LH:0
BRDA:13,0,0,0
BRDA:13,0,1,0
BRDA:26,1,0,0
BRDA:26,1,1,0
BRDA:31,2,0,0
BRDA:31,2,1,0
BRDA:46,3,0,0
BRDA:46,3,1,0
BRDA:59,4,0,0
BRDA:59,4,1,0
BRDA:67,5,0,0
BRDA:67,5,1,0
BRDA:68,6,0,0
BRDA:68,6,1,0
BRDA:69,7,0,0
BRDA:69,7,1,0
BRDA:71,8,0,0
BRDA:71,8,1,0
BRDA:80,9,0,0
BRDA:80,9,1,0
BRDA:94,10,0,0
BRDA:94,10,1,0
BRDA:97,11,0,0
BRDA:97,11,1,0
BRDA:107,12,0,0
BRDA:107,12,1,0
BRDA:125,13,0,0
BRDA:125,13,1,0
BRDA:126,14,0,0
BRDA:126,14,1,0
BRF:30
BRH:0
end_of_record
TN:
SF:/var/www/sites/all/modules/custom/odp_react_forms/spa/app/components/photos/PhotosSubForm.js
FN:11,SubPhotosForm
FN:26,(anonymous_11)
FN:31,(anonymous_12)
FN:50,(anonymous_13)
FNF:4
FNH:0
FNDA:0,SubPhotosForm
FNDA:0,(anonymous_11)
FNDA:0,(anonymous_12)
FNDA:0,(anonymous_13)
DA:1,0
DA:2,0
DA:3,0
DA:4,0
DA:5,0
DA:8,0
DA:11,0
DA:16,0
DA:19,0
DA:20,0
DA:21,0
DA:23,0
DA:25,0
DA:26,0
DA:28,0
DA:31,0
DA:32,0
DA:35,0
DA:43,0
DA:49,0
DA:51,0
LF:21
LH:0
BRDA:11,0,0,0
BRDA:11,0,1,0
BRDA:21,1,0,0
BRDA:21,1,1,0
BRDA:25,2,0,0
BRDA:25,2,1,0
BRDA:26,3,0,0
BRDA:26,3,1,0
BRDA:28,4,0,0
BRDA:28,4,1,0
BRDA:28,5,0,0
BRDA:28,5,1,0
BRDA:31,6,0,0
BRDA:31,6,1,0
BRDA:32,7,0,0
BRDA:32,7,1,0
BRDA:32,8,0,0
BRDA:32,8,1,0
BRF:18
BRH:0
end_of_record
TN:
SF:/var/www/sites/all/modules/custom/odp_react_forms/spa/app/components/sidebar/Button.jsx
FN:5,Button
FN:5,(anonymous_1)
FNF:2
FNH:1
FNDA:5,Button
FNDA:0,(anonymous_1)
DA:6,5
DA:11,1
LF:2
LH:2
BRDA:5,0,0,4
BRDA:5,1,0,3
BRF:2
BRH:2
end_of_record
TN:
SF:/var/www/sites/all/modules/custom/odp_react_forms/spa/app/components/sidebar/Buttons.js
FN:15,Buttons
FN:20,(anonymous_9)
FN:69,(anonymous_10)
FN:88,(anonymous_11)
FN:256,mapStateToProps
FNF:5
FNH:0
FNDA:0,Buttons
FNDA:0,(anonymous_9)
FNDA:0,(anonymous_10)
FNDA:0,(anonymous_11)
FNDA:0,mapStateToProps
DA:1,0
DA:2,0
DA:3,0
DA:4,0
DA:5,0
DA:6,0
DA:7,0
DA:8,0
DA:9,0
DA:11,0
DA:15,0
DA:17,0
DA:20,0
DA:21,0
DA:23,0
DA:24,0
DA:26,0
DA:28,0
DA:29,0
DA:31,0
DA:34,0
DA:35,0
DA:37,0
DA:39,0
DA:40,0
DA:43,0
DA:45,0
DA:47,0
DA:48,0
DA:50,0
DA:51,0
DA:53,0
DA:54,0
DA:56,0
DA:57,0
DA:59,0
DA:60,0
DA:62,0
DA:63,0
DA:65,0
DA:69,0
DA:70,0
DA:71,0
DA:73,0
DA:75,0
DA:76,0
DA:78,0
DA:81,0
DA:83,0
DA:84,0
DA:88,0
DA:89,0
DA:91,0
DA:92,0
DA:94,0
DA:95,0
DA:97,0
DA:100,0
DA:101,0
DA:102,0
DA:107,0
DA:108,0
DA:109,0
DA:110,0
DA:113,0
DA:115,0
DA:116,0
DA:118,0
DA:119,0
DA:121,0
DA:122,0
DA:123,0
DA:125,0
DA:126,0
DA:128,0
DA:129,0
DA:130,0
DA:132,0
DA:133,0
DA:135,0
DA:136,0
DA:138,0
DA:139,0
DA:143,0
DA:144,0
DA:145,0
DA:146,0
DA:147,0
DA:148,0
DA:149,0
DA:150,0
DA:152,0
DA:159,0
DA:165,0
DA:171,0
DA:177,0
DA:183,0
DA:189,0
DA:195,0
DA:202,0
DA:209,0
DA:216,0
DA:218,0
DA:220,0
DA:221,0
DA:224,0
DA:226,0
DA:229,0
DA:230,0
DA:232,0
DA:233,0
DA:236,0
DA:238,0
DA:242,0
DA:243,0
DA:245,0
DA:248,0
DA:257,0
LF:118
LH:0
BRDA:15,0,0,0
BRDA:15,0,1,0
BRDA:28,1,0,0
BRDA:28,1,1,0
BRDA:29,2,0,0
BRDA:29,2,1,0
BRDA:35,3,0,0
BRDA:35,3,1,0
BRDA:35,4,0,0
BRDA:35,4,1,0
BRDA:35,4,2,0
BRDA:35,4,3,0
BRDA:35,4,4,0
BRDA:35,4,5,0
BRDA:38,5,0,0
BRDA:38,5,1,0
BRDA:38,5,2,0
BRDA:38,5,3,0
BRDA:38,5,4,0
BRDA:38,5,5,0
BRDA:38,5,6,0
BRDA:38,5,7,0
BRDA:39,6,0,0
BRDA:39,6,1,0
BRDA:75,7,0,0
BRDA:75,7,1,0
BRDA:76,8,0,0
BRDA:76,8,1,0
BRDA:83,9,0,0
BRDA:83,9,1,0
BRDA:83,10,0,0
BRDA:83,10,1,0
BRDA:83,10,2,0
BRDA:83,10,3,0
BRDA:83,10,4,0
BRDA:83,10,5,0
BRDA:95,11,0,0
BRDA:95,11,1,0
BRDA:97,12,0,0
BRDA:97,12,1,0
BRDA:97,13,0,0
BRDA:97,13,1,0
BRDA:100,14,0,0
BRDA:100,14,1,0
BRDA:102,15,0,0
BRDA:102,15,1,0
BRDA:107,16,0,0
BRDA:107,16,1,0
BRDA:108,17,0,0
BRDA:108,17,1,0
BRDA:108,17,2,0
BRDA:109,18,0,0
BRDA:109,18,1,0
BRDA:117,19,0,0
BRDA:117,19,1,0
BRDA:117,19,2,0
BRDA:117,19,3,0
BRDA:117,19,4,0
BRDA:117,19,5,0
BRDA:117,19,6,0
BRDA:145,20,0,0
BRDA:145,20,1,0
BRDA:148,21,0,0
BRDA:148,21,1,0
BRDA:148,21,2,0
BRDA:150,22,0,0
BRDA:150,22,1,0
BRDA:157,23,0,0
BRDA:157,23,1,0
BRDA:219,24,0,0
BRDA:219,24,1,0
BRDA:219,24,2,0
BRDA:219,24,3,0
BRDA:219,24,4,0
BRDA:219,24,5,0
BRDA:219,24,6,0
BRDA:219,24,7,0
BRDA:220,25,0,0
BRDA:220,25,1,0
BRDA:232,26,0,0
BRDA:232,26,1,0
BRF:81
BRH:0
end_of_record
TN:
SF:/var/www/sites/all/modules/custom/odp_react_forms/spa/app/components/sidebar/Menu.jsx
FN:42,render
FNF:1
FNH:0
FNDA:0,render
DA:1,0
DA:2,0
DA:3,0
DA:4,0
DA:6,0
DA:7,0
DA:11,0
DA:26,0
DA:27,0
DA:28,0
DA:29,0
DA:30,0
DA:31,0
DA:32,0
DA:33,0
DA:34,0
DA:36,0
DA:42,0
DA:100,0
LF:19
LH:0
BRDA:12,0,0,0
BRDA:12,0,1,0
BRDA:12,0,2,0
BRDA:12,0,3,0
BRDA:12,0,4,0
BRDA:12,0,5,0
BRDA:12,0,6,0
BRDA:12,0,7,0
BRDA:12,0,8,0
BRDA:12,0,9,0
BRDA:12,0,10,0
BRDA:12,0,11,0
BRDA:29,1,0,0
BRDA:29,1,1,0
BRDA:30,2,0,0
BRDA:30,2,1,0
BRDA:31,3,0,0
BRDA:31,3,1,0
BRDA:31,4,0,0
BRDA:31,4,1,0
BRDA:32,5,0,0
BRDA:32,5,1,0
BRDA:32,6,0,0
BRDA:32,6,1,0
BRDA:32,6,2,0
BRDA:32,6,3,0
BRDA:32,6,4,0
BRDA:34,7,0,0
BRDA:34,7,1,0
BRDA:39,8,0,0
BRDA:39,8,1,0
BRDA:39,9,0,0
BRDA:39,9,1,0
BRDA:39,9,2,0
BRDA:52,10,0,0
BRDA:52,10,1,0
BRDA:52,11,0,0
BRDA:52,11,1,0
BRDA:52,11,2,0
BRDA:55,12,0,0
BRDA:55,12,1,0
BRDA:58,13,0,0
BRDA:58,13,1,0
BRDA:61,14,0,0
BRDA:61,14,1,0
BRDA:64,15,0,0
BRDA:64,15,1,0
BRDA:67,16,0,0
BRDA:67,16,1,0
BRDA:70,17,0,0
BRDA:70,17,1,0
BRDA:73,18,0,0
BRDA:73,18,1,0
BRDA:75,19,0,0
BRDA:75,19,1,0
BRDA:77,20,0,0
BRDA:77,20,1,0
BRDA:83,21,0,0
BRDA:83,21,1,0
BRDA:89,22,0,0
BRDA:89,22,1,0
BRF:61
BRH:0
end_of_record
TN:
SF:/var/www/sites/all/modules/custom/odp_react_forms/spa/app/components/sidebar/Submenu.jsx
FN:6,Submenu
FN:14,(anonymous_10)
FN:15,(anonymous_11)
FN:22,(anonymous_12)
FN:36,(anonymous_13)
FN:80,(anonymous_15)
FNF:6
FNH:0
FNDA:0,Submenu
FNDA:0,(anonymous_10)
FNDA:0,(anonymous_11)
FNDA:0,(anonymous_12)
FNDA:0,(anonymous_13)
FNDA:0,(anonymous_15)
DA:1,0
DA:2,0
DA:6,0
DA:9,0
DA:15,0
DA:16,0
DA:23,0
DA:24,0
DA:26,0
DA:27,0
DA:29,0
DA:33,0
DA:37,0
DA:38,0
DA:40,0
DA:41,0
DA:45,0
DA:46,0
DA:48,0
DA:80,0
DA:81,0
DA:91,0
DA:101,0
LF:23
LH:0
BRDA:6,0,0,0
BRDA:6,0,1,0
BRDA:26,1,0,0
BRDA:26,1,1,0
BRDA:40,2,0,0
BRDA:40,2,1,0
BRDA:82,3,0,0
BRDA:82,3,1,0
BRDA:82,4,0,0
BRDA:82,4,1,0
BRDA:92,5,0,0
BRDA:92,5,1,0
BRDA:92,6,0,0
BRDA:92,6,1,0
BRDA:97,7,0,0
BRDA:97,7,1,0
BRDA:102,8,0,0
BRDA:102,8,1,0
BRDA:105,9,0,0
BRDA:105,9,1,0
BRF:20
BRH:0
end_of_record
TN:
SF:/var/www/sites/all/modules/custom/odp_react_forms/spa/app/components/video/Video.jsx
FNF:0
FNH:0
DA:1,0
DA:2,0
DA:3,0
DA:7,0
DA:8,0
DA:11,0
DA:12,0
DA:16,0
DA:17,0
DA:18,0
DA:20,0
DA:22,0
LF:12
LH:0
BRDA:11,0,0,0
BRDA:11,0,1,0
BRDA:20,1,0,0
BRDA:20,1,1,0
BRF:4
BRH:0
end_of_record
TN:
SF:/var/www/sites/all/modules/custom/odp_react_forms/spa/app/components/video/VideoForm.js
FN:12,VideoForm
FN:45,(anonymous_11)
FNF:2
FNH:0
FNDA:0,VideoForm
FNDA:0,(anonymous_11)
DA:1,0
DA:2,0
DA:3,0
DA:4,0
DA:5,0
DA:6,0
DA:7,0
DA:9,0
DA:12,0
DA:17,0
DA:18,0
DA:20,0
DA:23,0
DA:24,0
DA:27,0
DA:28,0
DA:38,0
DA:44,0
DA:46,0
LF:19
LH:0
BRDA:12,0,0,0
BRDA:12,0,1,0
BRDA:27,1,0,0
BRDA:27,1,1,0
BRF:4
BRH:0
end_of_record
TN:
SF:/var/www/sites/all/modules/custom/odp_react_forms/spa/app/constants/ActionTypes.js
FNF:0
FNH:0
DA:5,0
DA:6,0
DA:7,0
DA:8,0
DA:9,0
DA:10,0
DA:11,0
DA:12,0
DA:15,0
DA:16,0
DA:18,0
DA:19,0
DA:20,0
DA:21,0
DA:22,0
DA:24,0
DA:25,0
DA:27,0
DA:28,0
DA:29,0
DA:30,0
DA:31,0
DA:32,0
DA:33,0
DA:34,0
DA:35,0
DA:38,0
DA:39,0
DA:40,0
DA:41,0
DA:42,0
DA:43,0
DA:44,0
DA:45,0
DA:48,0
DA:49,0
DA:52,0
DA:53,0
DA:56,0
DA:57,0
DA:60,0
LF:41
LH:0
BRF:0
BRH:0
end_of_record
TN:
SF:/var/www/sites/all/modules/custom/odp_react_forms/spa/app/constants/configuration.js
FNF:0
FNH:0
DA:4,1
DA:6,1
DA:12,1
DA:22,1
DA:23,1
DA:24,1
DA:26,1
DA:28,1
LF:8
LH:8
BRDA:8,0,0,0
BRDA:8,0,1,1
BRF:2
BRH:1
end_of_record
TN:
SF:/var/www/sites/all/modules/custom/odp_react_forms/spa/app/constants/images.js
FNF:0
FNH:0
LF:0
LH:0
BRF:0
BRH:0
end_of_record
TN:
SF:/var/www/sites/all/modules/custom/odp_react_forms/spa/app/reducers/AppReducers.js
FN:6,appState
FN:66,$apply
FN:67,(anonymous_6)
FN:192,$apply
FN:193,(anonymous_8)
FN:226,$apply
FN:227,(anonymous_10)
FNF:7
FNH:0
FNDA:0,appState
FNDA:0,$apply
FNDA:0,(anonymous_6)
FNDA:0,$apply
FNDA:0,(anonymous_8)
FNDA:0,$apply
FNDA:0,(anonymous_10)
DA:1,0
DA:2,0
DA:4,0
DA:6,0
DA:7,0
DA:10,0
DA:18,0
DA:26,0
DA:34,0
DA:45,0
DA:62,0
DA:67,0
DA:68,0
DA:76,0
DA:95,0
DA:107,0
DA:117,0
DA:123,0
DA:129,0
DA:135,0
DA:141,0
DA:147,0
DA:153,0
DA:159,0
DA:165,0
DA:172,0
DA:178,0
DA:184,0
DA:190,0
DA:193,0
DA:194,0
DA:195,0
DA:196,0
DA:198,0
DA:203,0
DA:205,0
DA:211,0
DA:217,0
DA:224,0
DA:227,0
DA:228,0
DA:229,0
DA:230,0
DA:232,0
DA:238,0
DA:244,0
DA:251,0
DA:259,0
DA:267,0
DA:275,0
DA:281,0
DA:287,0
DA:295,0
DA:303,0
DA:359,0
DA:364,0
DA:371,0
DA:379,0
DA:386,0
LF:59
LH:0
BRDA:6,0,0,0
BRDA:6,0,1,0
BRDA:9,1,0,0
BRDA:9,1,1,0
BRDA:9,1,2,0
BRDA:9,1,3,0
BRDA:9,1,4,0
BRDA:9,1,5,0
BRDA:9,1,6,0
BRDA:9,1,7,0
BRDA:9,1,8,0
BRDA:9,1,9,0
BRDA:9,1,10,0
BRDA:9,1,11,0
BRDA:9,1,12,0
BRDA:9,1,13,0
BRDA:9,1,14,0
BRDA:9,1,15,0
BRDA:9,1,16,0
BRDA:9,1,17,0
BRDA:9,1,18,0
BRDA:9,1,19,0
BRDA:9,1,20,0
BRDA:9,1,21,0
BRDA:9,1,22,0
BRDA:9,1,23,0
BRDA:9,1,24,0
BRDA:9,1,25,0
BRDA:9,1,26,0
BRDA:9,1,27,0
BRDA:9,1,28,0
BRDA:9,1,29,0
BRDA:9,1,30,0
BRDA:9,1,31,0
BRDA:9,1,32,0
BRDA:9,1,33,0
BRDA:9,1,34,0
BRDA:9,1,35,0
BRDA:9,1,36,0
BRDA:9,1,37,0
BRDA:9,1,38,0
BRDA:9,1,39,0
BRDA:9,1,40,0
BRDA:21,2,0,0
BRDA:21,2,1,0
BRDA:68,3,0,0
BRDA:68,3,1,0
BRDA:195,4,0,0
BRDA:195,4,1,0
BRDA:229,5,0,0
BRDA:229,5,1,0
BRF:51
BRH:0
end_of_record
TN:
SF:/var/www/sites/all/modules/custom/odp_react_forms/spa/app/store/configureStore.js
FN:33,configureStore
FNF:1
FNH:0
FNDA:0,configureStore
DA:1,0
DA:2,0
DA:3,0
DA:4,0
DA:5,0
DA:6,0
DA:7,0
DA:9,0
DA:10,0
DA:12,0
DA:14,0
DA:22,0
DA:25,0
DA:26,0
DA:31,0
DA:33,0
DA:34,0
DA:45,0
LF:18
LH:0
BRDA:25,0,0,0
BRDA:25,0,1,0
BRDA:25,1,0,0
BRDA:25,1,1,0
BRDA:31,2,0,0
BRDA:31,2,1,0
BRDA:33,3,0,0
BRDA:33,3,1,0
BRDA:33,4,0,0
BRDA:33,4,1,0
BRF:10
BRH:0
end_of_record
TN:
SF:/var/www/sites/all/modules/custom/odp_react_forms/spa/app/utils/alerts.js
FN:10,showAlert
FNF:1
FNH:0
FNDA:0,showAlert
DA:1,0
DA:4,0
DA:11,0
DA:12,0
DA:14,0
LF:5
LH:0
BRDA:11,0,0,0
BRDA:11,0,1,0
BRF:2
BRH:0
end_of_record
TN:
SF:/var/www/sites/all/modules/custom/odp_react_forms/spa/app/utils/getObjectValue.js
FN:3,(anonymous_0)
FN:4,(anonymous_1)
FNF:2
FNH:2
FNDA:1,(anonymous_0)
FNDA:3,(anonymous_1)
DA:3,1
DA:4,3
LF:2
LH:2
BRDA:4,0,0,0
BRDA:4,0,1,3
BRDA:4,1,0,3
BRDA:4,1,1,1
BRF:4
BRH:3
end_of_record
TN:
SF:/var/www/sites/all/modules/custom/odp_react_forms/spa/app/utils/history.js
FNF:0
FNH:0
DA:1,0
LF:1
LH:0
BRF:0
BRH:0
end_of_record
TN:
SF:/var/www/sites/all/modules/custom/odp_react_forms/spa/app/utils/loadAdventure.js
FN:1,loadAdventure
FNF:1
FNH:0
FNDA:0,loadAdventure
DA:1,0
DA:2,0
DA:3,0
DA:4,0
DA:7,0
DA:8,0
LF:6
LH:0
BRDA:1,0,0,0
BRDA:1,0,1,0
BRDA:1,1,0,0
BRDA:1,1,1,0
BRDA:2,2,0,0
BRDA:2,2,1,0
BRF:6
BRH:0
end_of_record
TN:
SF:/var/www/sites/all/modules/custom/odp_react_forms/spa/app/utils/localStorage.js
FN:5,loadLocalState
FN:17,saveLocalState
FN:27,loadUserData
FN:43,getCookie
FN:58,saveUserData
FN:85,setCookie
FNF:6
FNH:0
FNDA:0,loadLocalState
FNDA:0,saveLocalState
FNDA:0,loadUserData
FNDA:0,getCookie
FNDA:0,saveUserData
FNDA:0,setCookie
DA:3,0
DA:5,0
DA:6,0
DA:7,0
DA:8,0
DA:9,0
DA:11,0
DA:13,0
DA:17,0
DA:18,0
DA:19,0
DA:20,0
DA:22,0
DA:27,0
DA:28,0
DA:30,0
DA:31,0
DA:33,0
DA:36,0
DA:37,0
DA:40,0
DA:43,0
DA:44,0
DA:45,0
DA:46,0
DA:47,0
DA:48,0
DA:49,0
DA:51,0
DA:52,0
DA:55,0
DA:58,0
DA:59,0
DA:60,0
DA:63,0
DA:66,0
DA:67,0
DA:69,0
DA:72,0
DA:75,0
DA:77,0
DA:78,0
DA:81,0
DA:85,0
DA:87,0
DA:88,0
DA:89,0
DA:90,0
LF:48
LH:0
BRDA:8,0,0,0
BRDA:8,0,1,0
BRDA:31,1,0,0
BRDA:31,1,1,0
BRDA:33,2,0,0
BRDA:33,2,1,0
BRDA:36,3,0,0
BRDA:36,3,1,0
BRDA:36,4,0,0
BRDA:36,4,1,0
BRDA:51,5,0,0
BRDA:51,5,1,0
BRDA:60,6,0,0
BRDA:60,6,1,0
BRDA:63,7,0,0
BRDA:63,7,1,0
BRDA:67,8,0,0
BRDA:67,8,1,0
BRF:18
BRH:0
end_of_record
TN:
SF:/var/www/sites/all/modules/custom/odp_react_forms/spa/app/utils/mergeDeep.js
FN:6,isObject
FN:15,mergeDeep
FNF:2
FNH:0
FNDA:0,isObject
FNDA:0,mergeDeep
DA:7,0
DA:15,0
DA:16,0
DA:17,0
DA:19,0
DA:20,0
DA:21,0
DA:22,0
DA:23,0
DA:25,0
DA:30,0
LF:11
LH:0
BRDA:7,0,0,0
BRDA:7,0,1,0
BRDA:7,0,2,0
BRDA:7,1,0,0
BRDA:7,1,1,0
BRDA:16,2,0,0
BRDA:16,2,1,0
BRDA:19,3,0,0
BRDA:19,3,1,0
BRDA:19,4,0,0
BRDA:19,4,1,0
BRDA:21,5,0,0
BRDA:21,5,1,0
BRDA:22,6,0,0
BRDA:22,6,1,0
BRF:15
BRH:0
end_of_record
TN:
SF:/var/www/sites/all/modules/custom/odp_react_forms/spa/app/utils/prepareValues.js
FN:1,prepareValues
FNF:1
FNH:0
FNDA:0,prepareValues
DA:2,0
DA:3,0
DA:4,0
DA:5,0
DA:8,0
DA:11,0
LF:6
LH:0
BRDA:4,0,0,0
BRDA:4,0,1,0
BRF:2
BRH:0
end_of_record
TN:
SF:/var/www/sites/all/modules/custom/odp_react_forms/spa/app/utils/unique_id.js
FN:3,uniqId
FNF:1
FNH:0
FNDA:0,uniqId
DA:1,0
DA:3,0
DA:4,0
DA:5,0
LF:4
LH:0
BRDA:3,0,0,0
BRDA:3,0,1,0
BRDA:3,1,0,0
BRDA:3,1,1,0
BRF:4
BRH:0
end_of_record
TN:
SF:/var/www/sites/all/modules/custom/odp_react_forms/spa/app/utils/formBuilder/getFieldsValues.js
FN:3,getFieldsValues
FN:5,(anonymous_2)
FN:22,(anonymous_3)
FN:63,(anonymous_4)
FN:71,(anonymous_5)
FN:96,(anonymous_6)
FNF:6
FNH:0
FNDA:0,getFieldsValues
FNDA:0,(anonymous_2)
FNDA:0,(anonymous_3)
FNDA:0,(anonymous_4)
FNDA:0,(anonymous_5)
FNDA:0,(anonymous_6)
DA:3,0
DA:4,0
DA:5,0
DA:6,0
DA:7,0
DA:8,0
DA:9,0
DA:10,0
DA:13,0
DA:17,0
DA:21,0
DA:22,0
DA:23,0
DA:24,0
DA:26,0
DA:33,0
DA:37,0
DA:40,0
DA:41,0
DA:43,0
DA:45,0
DA:46,0
DA:48,0
DA:51,0
DA:52,0
DA:54,0
DA:56,0
DA:57,0
DA:59,0
DA:63,0
DA:66,0
DA:70,0
DA:71,0
DA:72,0
DA:76,0
DA:78,0
DA:81,0
DA:82,0
DA:83,0
DA:85,0
DA:86,0
DA:88,0
DA:89,0
DA:91,0
DA:92,0
DA:95,0
DA:96,0
DA:101,0
DA:102,0
DA:108,0
LF:50
LH:0
BRDA:3,0,0,0
BRDA:3,0,1,0
BRDA:3,1,0,0
BRDA:3,1,1,0
BRDA:3,2,0,0
BRDA:3,2,1,0
BRDA:3,3,0,0
BRDA:3,3,1,0
BRDA:3,4,0,0
BRDA:3,4,1,0
BRDA:3,5,0,0
BRDA:3,5,1,0
BRDA:6,6,0,0
BRDA:6,6,1,0
BRDA:6,7,0,0
BRDA:6,7,1,0
BRDA:8,8,0,0
BRDA:8,8,1,0
BRDA:9,9,0,0
BRDA:9,9,1,0
BRDA:10,10,0,0
BRDA:10,10,1,0
BRDA:13,11,0,0
BRDA:13,11,1,0
BRDA:18,12,0,0
BRDA:18,12,1,0
BRDA:18,12,2,0
BRDA:18,12,3,0
BRDA:18,12,4,0
BRDA:18,12,5,0
BRDA:18,12,6,0
BRDA:18,12,7,0
BRDA:18,12,8,0
BRDA:18,12,9,0
BRDA:18,12,10,0
BRDA:18,12,11,0
BRDA:18,12,12,0
BRDA:18,12,13,0
BRDA:18,12,14,0
BRDA:18,12,15,0
BRDA:18,12,16,0
BRDA:18,12,17,0
BRDA:21,13,0,0
BRDA:21,13,1,0
BRDA:21,14,0,0
BRDA:21,14,1,0
BRDA:22,15,0,0
BRDA:22,15,1,0
BRDA:35,16,0,0
BRDA:35,16,1,0
BRDA:35,17,0,0
BRDA:35,17,1,0
BRDA:40,18,0,0
BRDA:40,18,1,0
BRDA:40,19,0,0
BRDA:40,19,1,0
BRDA:45,20,0,0
BRDA:45,20,1,0
BRDA:45,21,0,0
BRDA:45,21,1,0
BRDA:51,22,0,0
BRDA:51,22,1,0
BRDA:51,23,0,0
BRDA:51,23,1,0
BRDA:56,24,0,0
BRDA:56,24,1,0
BRDA:56,25,0,0
BRDA:56,25,1,0
BRDA:63,26,0,0
BRDA:63,26,1,0
BRDA:70,27,0,0
BRDA:70,27,1,0
BRDA:71,28,0,0
BRDA:71,28,1,0
BRDA:76,29,0,0
BRDA:76,29,1,0
BRDA:76,30,0,0
BRDA:76,30,1,0
BRDA:95,31,0,0
BRDA:95,31,1,0
BRDA:96,32,0,0
BRDA:96,32,1,0
BRDA:101,33,0,0
BRDA:101,33,1,0
BRDA:101,34,0,0
BRDA:101,34,1,0
BRF:86
BRH:0
end_of_record
TN:
SF:/var/www/sites/all/modules/custom/odp_react_forms/spa/app/utils/formBuilder/normalizePhone.js
FN:1,normalizePhone
FNF:1
FNH:0
FNDA:0,normalizePhone
DA:1,0
DA:2,0
DA:3,0
DA:6,0
DA:7,0
DA:9,0
DA:11,0
DA:12,0
DA:14,0
DA:15,0
DA:16,0
DA:17,0
DA:18,0
DA:19,0
LF:14
LH:0
BRDA:2,0,0,0
BRDA:2,0,1,0
BRDA:9,1,0,0
BRDA:9,1,1,0
BRDA:14,2,0,0
BRDA:14,2,1,0
BRDA:15,3,0,0
BRDA:15,3,1,0
BRDA:16,4,0,0
BRDA:16,4,1,0
BRDA:17,5,0,0
BRDA:17,5,1,0
BRDA:18,6,0,0
BRDA:18,6,1,0
BRF:14
BRH:0
end_of_record
TN:
SF:/var/www/sites/all/modules/custom/odp_react_forms/spa/app/utils/formBuilder/prepareFields.js
FN:5,getFieldValue
FN:6,(anonymous_3)
FN:12,isVisible
FN:20,_loop
FN:42,(anonymous_6)
FN:63,_loop2
FN:77,(anonymous_8)
FN:100,getVisibleFields
FN:103,(anonymous_10)
FN:104,(anonymous_11)
FN:140,filterVisibleFields
FN:146,filterVisibleOptions
FN:148,(anonymous_14)
FN:159,checkRequired
FN:168,_loop3
FN:182,(anonymous_17)
FNF:16
FNH:0
FNDA:0,getFieldValue
FNDA:0,(anonymous_3)
FNDA:0,isVisible
FNDA:0,_loop
FNDA:0,(anonymous_6)
FNDA:0,_loop2
FNDA:0,(anonymous_8)
FNDA:0,getVisibleFields
FNDA:0,(anonymous_10)
FNDA:0,(anonymous_11)
FNDA:0,filterVisibleFields
FNDA:0,filterVisibleOptions
FNDA:0,(anonymous_14)
FNDA:0,checkRequired
FNDA:0,_loop3
FNDA:0,(anonymous_17)
DA:2,0
DA:5,0
DA:6,0
DA:7,0
DA:12,0
DA:13,0
DA:15,0
DA:17,0
DA:18,0
DA:19,0
DA:20,0
DA:21,0
DA:23,0
DA:24,0
DA:26,0
DA:27,0
DA:30,0
DA:34,0
DA:35,0
DA:37,0
DA:41,0
DA:42,0
DA:43,0
DA:46,0
DA:47,0
DA:51,0
DA:52,0
DA:53,0
DA:54,0
DA:60,0
DA:62,0
DA:63,0
DA:64,0
DA:66,0
DA:67,0
DA:69,0
DA:70,0
DA:73,0
DA:76,0
DA:77,0
DA:78,0
DA:81,0
DA:82,0
DA:87,0
DA:89,0
DA:91,0
DA:96,0
DA:100,0
DA:101,0
DA:103,0
DA:104,0
DA:105,0
DA:106,0
DA:108,0
DA:109,0
DA:110,0
DA:111,0
DA:115,0
DA:117,0
DA:121,0
DA:122,0
DA:123,0
DA:125,0
DA:126,0
DA:127,0
DA:128,0
DA:129,0
DA:131,0
DA:134,0
DA:137,0
DA:140,0
DA:141,0
DA:142,0
DA:146,0
DA:147,0
DA:148,0
DA:150,0
DA:151,0
DA:153,0
DA:155,0
DA:159,0
DA:160,0
DA:162,0
DA:165,0
DA:166,0
DA:167,0
DA:168,0
DA:169,0
DA:171,0
DA:172,0
DA:174,0
DA:175,0
DA:178,0
DA:181,0
DA:182,0
DA:183,0
DA:186,0
DA:187,0
DA:192,0
DA:194,0
DA:196,0
DA:201,0
DA:204,0
LF:103
LH:0
BRDA:5,0,0,0
BRDA:5,0,1,0
BRDA:5,1,0,0
BRDA:5,1,1,0
BRDA:7,2,0,0
BRDA:7,2,1,0
BRDA:17,3,0,0
BRDA:17,3,1,0
BRDA:20,4,0,0
BRDA:20,4,1,0
BRDA:20,4,2,0
BRDA:26,5,0,0
BRDA:26,5,1,0
BRDA:26,6,0,0
BRDA:26,6,1,0
BRDA:27,7,0,0
BRDA:27,7,1,0
BRDA:27,8,0,0
BRDA:27,8,1,0
BRDA:27,8,2,0
BRDA:35,9,0,0
BRDA:35,9,1,0
BRDA:35,10,0,0
BRDA:35,10,1,0
BRDA:41,11,0,0
BRDA:41,11,1,0
BRDA:43,12,0,0
BRDA:43,12,1,0
BRDA:43,13,0,0
BRDA:43,13,1,0
BRDA:43,13,2,0
BRDA:52,14,0,0
BRDA:52,14,1,0
BRDA:60,15,0,0
BRDA:60,15,1,0
BRDA:69,16,0,0
BRDA:69,16,1,0
BRDA:69,17,0,0
BRDA:69,17,1,0
BRDA:70,18,0,0
BRDA:70,18,1,0
BRDA:70,19,0,0
BRDA:70,19,1,0
BRDA:70,19,2,0
BRDA:70,19,3,0
BRDA:76,20,0,0
BRDA:76,20,1,0
BRDA:77,21,0,0
BRDA:77,21,1,0
BRDA:78,22,0,0
BRDA:78,22,1,0
BRDA:78,23,0,0
BRDA:78,23,1,0
BRDA:78,23,2,0
BRDA:78,23,3,0
BRDA:87,24,0,0
BRDA:87,24,1,0
BRDA:100,25,0,0
BRDA:100,25,1,0
BRDA:100,26,0,0
BRDA:100,26,1,0
BRDA:100,27,0,0
BRDA:100,27,1,0
BRDA:100,28,0,0
BRDA:100,28,1,0
BRDA:100,29,0,0
BRDA:100,29,1,0
BRDA:100,30,0,0
BRDA:100,30,1,0
BRDA:106,31,0,0
BRDA:106,31,1,0
BRDA:106,32,0,0
BRDA:106,32,1,0
BRDA:108,33,0,0
BRDA:108,33,1,0
BRDA:109,34,0,0
BRDA:109,34,1,0
BRDA:118,35,0,0
BRDA:118,35,1,0
BRDA:118,35,2,0
BRDA:118,35,3,0
BRDA:121,36,0,0
BRDA:121,36,1,0
BRDA:126,37,0,0
BRDA:126,37,1,0
BRDA:127,38,0,0
BRDA:127,38,1,0
BRDA:150,39,0,0
BRDA:150,39,1,0
BRDA:151,40,0,0
BRDA:151,40,1,0
BRDA:165,41,0,0
BRDA:165,41,1,0
BRDA:168,42,0,0
BRDA:168,42,1,0
BRDA:174,43,0,0
BRDA:174,43,1,0
BRDA:174,44,0,0
BRDA:174,44,1,0
BRDA:175,45,0,0
BRDA:175,45,1,0
BRDA:175,46,0,0
BRDA:175,46,1,0
BRDA:175,46,2,0
BRDA:181,47,0,0
BRDA:181,47,1,0
BRDA:183,48,0,0
BRDA:183,48,1,0
BRDA:183,49,0,0
BRDA:183,49,1,0
BRDA:183,49,2,0
BRDA:192,50,0,0
BRDA:192,50,1,0
BRF:113
BRH:0
end_of_record
TN:
SF:/var/www/sites/all/modules/custom/odp_react_forms/spa/app/utils/formBuilder/universalFormBuilder.js
FN:28,getFormMarkup
FN:29,(anonymous_2)
FN:32,(anonymous_3)
FN:41,fieldNormalizer
FN:44,(anonymous_5)
FNF:5
FNH:0
FNDA:0,getFormMarkup
FNDA:0,(anonymous_2)
FNDA:0,(anonymous_3)
FNDA:0,fieldNormalizer
FNDA:0,(anonymous_5)
DA:1,0
DA:2,0
DA:4,0
DA:5,0
DA:6,0
DA:7,0
DA:8,0
DA:9,0
DA:10,0
DA:11,0
DA:12,0
DA:13,0
DA:14,0
DA:15,0
DA:16,0
DA:17,0
DA:18,0
DA:19,0
DA:22,0
DA:23,0
DA:25,0
DA:28,0
DA:29,0
DA:31,0
DA:32,0
DA:33,0
DA:36,0
DA:37,0
DA:38,0
DA:39,0
DA:41,0
DA:44,0
DA:45,0
DA:46,0
DA:50,0
DA:52,0
DA:54,0
DA:56,0
DA:64,0
DA:66,0
DA:74,0
DA:76,0
DA:84,0
DA:87,0
DA:89,0
DA:95,0
DA:97,0
DA:105,0
DA:108,0
DA:109,0
DA:119,0
DA:120,0
DA:129,0
DA:130,0
DA:140,0
DA:149,0
DA:152,0
DA:161,0
DA:164,0
DA:166,0
DA:175,0
DA:178,0
DA:180,0
DA:189,0
DA:192,0
DA:194,0
DA:202,0
DA:206,0
DA:208,0
DA:216,0
DA:219,0
DA:227,0
DA:230,0
DA:232,0
DA:241,0
DA:244,0
DA:252,0
DA:255,0
DA:263,0
DA:266,0
DA:267,0
DA:278,0
DA:279,0
DA:290,0
DA:293,0
DA:304,0
DA:306,0
DA:318,0
LF:88
LH:0
BRDA:28,0,0,0
BRDA:28,0,1,0
BRDA:28,1,0,0
BRDA:28,1,1,0
BRDA:28,2,0,0
BRDA:28,2,1,0
BRDA:28,3,0,0
BRDA:28,3,1,0
BRDA:28,4,0,0
BRDA:28,4,1,0
BRDA:28,5,0,0
BRDA:28,5,1,0
BRDA:28,6,0,0
BRDA:28,6,1,0
BRDA:28,7,0,0
BRDA:28,7,1,0
BRDA:36,8,0,0
BRDA:36,8,1,0
BRDA:37,9,0,0
BRDA:37,9,1,0
BRDA:38,10,0,0
BRDA:38,10,1,0
BRDA:39,11,0,0
BRDA:39,11,1,0
BRDA:39,12,0,0
BRDA:39,12,1,0
BRDA:45,13,0,0
BRDA:45,13,1,0
BRDA:55,14,0,0
BRDA:55,14,1,0
BRDA:55,14,2,0
BRDA:55,14,3,0
BRDA:55,14,4,0
BRDA:55,14,5,0
BRDA:55,14,6,0
BRDA:55,14,7,0
BRDA:55,14,8,0
BRDA:55,14,9,0
BRDA:55,14,10,0
BRDA:55,14,11,0
BRDA:55,14,12,0
BRDA:55,14,13,0
BRDA:55,14,14,0
BRDA:55,14,15,0
BRDA:55,14,16,0
BRDA:55,14,17,0
BRDA:87,15,0,0
BRDA:87,15,1,0
BRDA:89,16,0,0
BRDA:89,16,1,0
BRDA:90,17,0,0
BRDA:90,17,1,0
BRDA:108,18,0,0
BRDA:108,18,1,0
BRDA:119,19,0,0
BRDA:119,19,1,0
BRDA:129,20,0,0
BRDA:129,20,1,0
BRDA:164,21,0,0
BRDA:164,21,1,0
BRDA:178,22,0,0
BRDA:178,22,1,0
BRDA:192,23,0,0
BRDA:192,23,1,0
BRDA:206,24,0,0
BRDA:206,24,1,0
BRDA:230,25,0,0
BRDA:230,25,1,0
BRDA:266,26,0,0
BRDA:266,26,1,0
BRDA:278,27,0,0
BRDA:278,27,1,0
BRDA:282,28,0,0
BRDA:282,28,1,0
BRDA:281,29,0,0
BRDA:281,29,1,0
BRDA:304,30,0,0
BRDA:304,30,1,0
BRDA:309,31,0,0
BRDA:309,31,1,0
BRDA:310,32,0,0
BRDA:310,32,1,0
BRF:82
BRH:0
end_of_record
TN:
SF:/var/www/sites/all/modules/custom/odp_react_forms/spa/app/utils/formBuilder/validateForm.js
FN:4,validateForm
FN:23,(anonymous_2)
FN:37,(anonymous_3)
FN:38,(anonymous_4)
FN:49,(anonymous_5)
FN:51,(anonymous_6)
FN:73,isVisible
FN:80,_loop
FN:101,(anonymous_9)
FN:122,_loop2
FN:136,(anonymous_11)
FN:159,checkAndUpdateField
FN:161,(anonymous_13)
FN:163,(anonymous_14)
FN:206,(anonymous_15)
FNF:15
FNH:0
FNDA:0,validateForm
FNDA:0,(anonymous_2)
FNDA:0,(anonymous_3)
FNDA:0,(anonymous_4)
FNDA:0,(anonymous_5)
FNDA:0,(anonymous_6)
FNDA:0,isVisible
FNDA:0,_loop
FNDA:0,(anonymous_9)
FNDA:0,_loop2
FNDA:0,(anonymous_11)
FNDA:0,checkAndUpdateField
FNDA:0,(anonymous_13)
FNDA:0,(anonymous_14)
FNDA:0,(anonymous_15)
DA:1,0
DA:2,0
DA:4,0
DA:5,0
DA:6,0
DA:12,0
DA:15,0
DA:18,0
DA:19,0
DA:23,0
DA:24,0
DA:26,0
DA:28,0
DA:30,0
DA:31,0
DA:32,0
DA:37,0
DA:38,0
DA:39,0
DA:41,0
DA:43,0
DA:44,0
DA:45,0
DA:49,0
DA:50,0
DA:51,0
DA:53,0
DA:55,0
DA:57,0
DA:58,0
DA:61,0
DA:63,0
DA:64,0
DA:67,0
DA:70,0
DA:73,0
DA:75,0
DA:77,0
DA:78,0
DA:79,0
DA:80,0
DA:81,0
DA:83,0
DA:84,0
DA:86,0
DA:87,0
DA:90,0
DA:94,0
DA:95,0
DA:96,0
DA:100,0
DA:101,0
DA:102,0
DA:105,0
DA:106,0
DA:110,0
DA:111,0
DA:112,0
DA:113,0
DA:119,0
DA:121,0
DA:122,0
DA:123,0
DA:125,0
DA:126,0
DA:128,0
DA:129,0
DA:132,0
DA:135,0
DA:136,0
DA:137,0
DA:140,0
DA:141,0
DA:146,0
DA:148,0
DA:150,0
DA:155,0
DA:159,0
DA:160,0
DA:161,0
DA:163,0
DA:164,0
DA:165,0
DA:166,0
DA:169,0
DA:170,0
DA:171,0
DA:172,0
DA:176,0
DA:178,0
DA:180,0
DA:184,0
DA:185,0
DA:186,0
DA:187,0
DA:191,0
DA:192,0
DA:193,0
DA:195,0
DA:198,0
DA:199,0
DA:200,0
DA:202,0
DA:205,0
DA:206,0
DA:207,0
DA:208,0
DA:209,0
DA:213,0
DA:214,0
DA:215,0
DA:217,0
DA:224,0
DA:225,0
DA:226,0
DA:228,0
DA:230,0
DA:233,0
DA:236,0
LF:119
LH:0
BRDA:23,0,0,0
BRDA:23,0,1,0
BRDA:24,1,0,0
BRDA:24,1,1,0
BRDA:30,2,0,0
BRDA:30,2,1,0
BRDA:43,3,0,0
BRDA:43,3,1,0
BRDA:49,4,0,0
BRDA:49,4,1,0
BRDA:50,5,0,0
BRDA:50,5,1,0
BRDA:57,6,0,0
BRDA:57,6,1,0
BRDA:63,7,0,0
BRDA:63,7,1,0
BRDA:77,8,0,0
BRDA:77,8,1,0
BRDA:80,9,0,0
BRDA:80,9,1,0
BRDA:80,9,2,0
BRDA:86,10,0,0
BRDA:86,10,1,0
BRDA:86,11,0,0
BRDA:86,11,1,0
BRDA:87,12,0,0
BRDA:87,12,1,0
BRDA:87,13,0,0
BRDA:87,13,1,0
BRDA:87,13,2,0
BRDA:95,14,0,0
BRDA:95,14,1,0
BRDA:100,15,0,0
BRDA:100,15,1,0
BRDA:102,16,0,0
BRDA:102,16,1,0
BRDA:102,17,0,0
BRDA:102,17,1,0
BRDA:102,17,2,0
BRDA:111,18,0,0
BRDA:111,18,1,0
BRDA:119,19,0,0
BRDA:119,19,1,0
BRDA:128,20,0,0
BRDA:128,20,1,0
BRDA:128,21,0,0
BRDA:128,21,1,0
BRDA:129,22,0,0
BRDA:129,22,1,0
BRDA:129,23,0,0
BRDA:129,23,1,0
BRDA:129,23,2,0
BRDA:129,23,3,0
BRDA:135,24,0,0
BRDA:135,24,1,0
BRDA:136,25,0,0
BRDA:136,25,1,0
BRDA:137,26,0,0
BRDA:137,26,1,0
BRDA:137,27,0,0
BRDA:137,27,1,0
BRDA:137,27,2,0
BRDA:137,27,3,0
BRDA:146,28,0,0
BRDA:146,28,1,0
BRDA:164,29,0,0
BRDA:164,29,1,0
BRDA:164,30,0,0
BRDA:164,30,1,0
BRDA:166,31,0,0
BRDA:166,31,1,0
BRDA:169,32,0,0
BRDA:169,32,1,0
BRDA:170,33,0,0
BRDA:170,33,1,0
BRDA:178,34,0,0
BRDA:178,34,1,0
BRDA:181,35,0,0
BRDA:181,35,1,0
BRDA:181,35,2,0
BRDA:181,35,3,0
BRDA:181,35,4,0
BRDA:181,35,5,0
BRDA:181,35,6,0
BRDA:181,35,7,0
BRDA:181,35,8,0
BRDA:181,35,9,0
BRDA:181,35,10,0
BRDA:181,35,11,0
BRDA:181,35,12,0
BRDA:181,35,13,0
BRDA:181,35,14,0
BRDA:181,35,15,0
BRDA:184,36,0,0
BRDA:184,36,1,0
BRDA:185,37,0,0
BRDA:185,37,1,0
BRDA:191,38,0,0
BRDA:191,38,1,0
BRDA:198,39,0,0
BRDA:198,39,1,0
BRDA:207,40,0,0
BRDA:207,40,1,0
BRDA:213,41,0,0
BRDA:213,41,1,0
BRDA:224,42,0,0
BRDA:224,42,1,0
BRF:107
BRH:0
end_of_record
TN:
SF:/var/www/sites/all/modules/custom/odp_react_forms/spa/app/utils/formBuilder/formComponents/AutocompleteField.js
FN:12,escapeRegexCharacters
FN:17,AutocompleteField
FN:29,(anonymous_10)
FN:30,(anonymous_11)
FN:44,(anonymous_12)
FN:45,(anonymous_13)
FN:53,(anonymous_14)
FN:69,(anonymous_15)
FN:70,(anonymous_16)
FN:82,(anonymous_17)
FN:87,(anonymous_18)
FN:131,(anonymous_23)
FN:169,mapStateToProps
FN:175,mapDispatchToProps
FNF:14
FNH:0
FNDA:0,escapeRegexCharacters
FNDA:0,AutocompleteField
FNDA:0,(anonymous_10)
FNDA:0,(anonymous_11)
FNDA:0,(anonymous_12)
FNDA:0,(anonymous_13)
FNDA:0,(anonymous_14)
FNDA:0,(anonymous_15)
FNDA:0,(anonymous_16)
FNDA:0,(anonymous_17)
FNDA:0,(anonymous_18)
FNDA:0,(anonymous_23)
FNDA:0,mapStateToProps
FNDA:0,mapDispatchToProps
DA:1,0
DA:3,0
DA:4,0
DA:5,0
DA:6,0
DA:7,0
DA:9,0
DA:10,0
DA:13,0
DA:17,0
DA:20,0
DA:30,0
DA:31,0
DA:33,0
DA:34,0
DA:37,0
DA:39,0
DA:45,0
DA:46,0
DA:47,0
DA:54,0
DA:56,0
DA:57,0
DA:61,0
DA:65,0
DA:69,0
DA:72,0
DA:73,0
DA:74,0
DA:77,0
DA:83,0
DA:88,0
DA:89,0
DA:94,0
DA:95,0
DA:98,0
DA:100,0
DA:101,0
DA:104,0
DA:107,0
DA:108,0
DA:115,0
DA:121,0
DA:122,0
DA:128,0
DA:129,0
DA:130,0
DA:131,0
DA:137,0
DA:162,0
DA:169,0
DA:170,0
DA:175,0
DA:176,0
LF:54
LH:0
BRDA:17,0,0,0
BRDA:17,0,1,0
BRDA:31,1,0,0
BRDA:31,1,1,0
BRDA:31,1,2,0
BRDA:33,2,0,0
BRDA:33,2,1,0
BRDA:56,3,0,0
BRDA:56,3,1,0
BRDA:88,4,0,0
BRDA:88,4,1,0
BRDA:94,5,0,0
BRDA:94,5,1,0
BRDA:94,6,0,0
BRDA:94,6,1,0
BRDA:94,6,2,0
BRDA:94,6,3,0
BRDA:100,7,0,0
BRDA:100,7,1,0
BRDA:100,8,0,0
BRDA:100,8,1,0
BRDA:100,8,2,0
BRDA:107,9,0,0
BRDA:107,9,1,0
BRDA:107,10,0,0
BRDA:107,10,1,0
BRDA:109,11,0,0
BRDA:109,11,1,0
BRDA:116,12,0,0
BRDA:116,12,1,0
BRDA:121,13,0,0
BRDA:121,13,1,0
BRDA:123,14,0,0
BRDA:123,14,1,0
BRDA:141,15,0,0
BRDA:141,15,1,0
BRDA:142,16,0,0
BRDA:142,16,1,0
BRF:38
BRH:0
end_of_record
TN:
SF:/var/www/sites/all/modules/custom/odp_react_forms/spa/app/utils/formBuilder/formComponents/CheckBox.js
FNF:0
FNH:0
DA:1,0
DA:3,0
DA:4,0
DA:7,0
DA:8,0
DA:9,0
DA:10,0
DA:11,0
DA:24,0
LF:9
LH:0
BRF:0
BRH:0
end_of_record
TN:
SF:/var/www/sites/all/modules/custom/odp_react_forms/spa/app/utils/formBuilder/formComponents/CheckBoxes.js
FN:12,(anonymous_10)
FNF:1
FNH:0
FNDA:0,(anonymous_10)
DA:1,0
DA:2,0
DA:3,0
DA:4,0
DA:5,0
DA:8,0
DA:9,0
DA:10,0
DA:12,0
DA:23,0
DA:36,0
LF:11
LH:0
BRDA:10,0,0,0
BRDA:10,0,1,0
BRDA:12,1,0,0
BRDA:12,1,1,0
BRDA:25,2,0,0
BRDA:25,2,1,0
BRDA:25,2,2,0
BRF:7
BRH:0
end_of_record
TN:
SF:/var/www/sites/all/modules/custom/odp_react_forms/spa/app/utils/formBuilder/formComponents/CheckboxesTree.jsx
FN:12,(anonymous_10)
FNF:1
FNH:0
FNDA:0,(anonymous_10)
DA:1,0
DA:2,0
DA:3,0
DA:4,0
DA:5,0
DA:8,0
DA:9,0
DA:10,0
DA:12,0
DA:14,0
DA:25,0
DA:26,0
DA:29,0
DA:32,0
DA:34,0
DA:41,0
LF:16
LH:0
BRDA:12,0,0,0
BRDA:12,0,1,0
BRDA:14,1,0,0
BRDA:14,1,1,0
BRDA:25,2,0,0
BRDA:25,2,1,0
BRDA:25,3,0,0
BRDA:25,3,1,0
BRF:8
BRH:0
end_of_record
TN:
SF:/var/www/sites/all/modules/custom/odp_react_forms/spa/app/utils/formBuilder/formComponents/DatePicker.js
FNF:0
FNH:0
DA:1,0
DA:3,0
DA:4,0
DA:5,0
DA:10,0
DA:13,0
DA:14,0
DA:15,0
DA:16,0
DA:30,0
LF:10
LH:0
BRDA:15,0,0,0
BRDA:15,0,1,0
BRF:2
BRH:0
end_of_record
TN:
SF:/var/www/sites/all/modules/custom/odp_react_forms/spa/app/utils/formBuilder/formComponents/DateRangePicker.js
FNF:0
FNH:0
DA:1,0
DA:2,0
DA:4,0
DA:5,0
DA:11,0
DA:15,0
DA:18,0
DA:19,0
DA:20,0
DA:21,0
DA:22,0
DA:24,0
DA:41,0
LF:13
LH:0
BRDA:20,0,0,0
BRDA:20,0,1,0
BRDA:21,1,0,0
BRDA:21,1,1,0
BRDA:21,2,0,0
BRDA:21,2,1,0
BRDA:22,3,0,0
BRDA:22,3,1,0
BRDA:22,4,0,0
BRDA:22,4,1,0
BRDA:26,5,0,0
BRDA:26,5,1,0
BRF:12
BRH:0
end_of_record
TN:
SF:/var/www/sites/all/modules/custom/odp_react_forms/spa/app/utils/formBuilder/formComponents/HierarchicalSelect.js
FN:7,HierarchicalSelect
FN:15,(anonymous_10)
FN:19,(anonymous_11)
FN:28,(anonymous_12)
FN:29,(anonymous_13)
FN:33,(anonymous_14)
FN:45,(anonymous_15)
FN:52,(anonymous_17)
FN:64,(anonymous_18)
FN:75,(anonymous_20)
FN:87,(anonymous_21)
FNF:11
FNH:0
FNDA:0,HierarchicalSelect
FNDA:0,(anonymous_10)
FNDA:0,(anonymous_11)
FNDA:0,(anonymous_12)
FNDA:0,(anonymous_13)
FNDA:0,(anonymous_14)
FNDA:0,(anonymous_15)
FNDA:0,(anonymous_17)
FNDA:0,(anonymous_18)
FNDA:0,(anonymous_20)
FNDA:0,(anonymous_21)
DA:1,0
DA:3,0
DA:4,0
DA:7,0
DA:10,0
DA:16,0
DA:20,0
DA:21,0
DA:24,0
DA:28,0
DA:30,0
DA:32,0
DA:33,0
DA:41,0
DA:46,0
DA:52,0
DA:53,0
DA:62,0
DA:63,0
DA:64,0
DA:65,0
DA:68,0
DA:74,0
DA:75,0
DA:76,0
DA:85,0
DA:86,0
DA:87,0
DA:88,0
DA:91,0
DA:97,0
DA:98,0
DA:99,0
DA:101,0
DA:120,0
LF:35
LH:0
BRDA:7,0,0,0
BRDA:7,0,1,0
BRDA:32,1,0,0
BRDA:32,1,1,0
BRDA:62,2,0,0
BRDA:62,2,1,0
BRDA:62,3,0,0
BRDA:62,3,1,0
BRDA:74,4,0,0
BRDA:74,4,1,0
BRDA:74,5,0,0
BRDA:74,5,1,0
BRDA:74,5,2,0
BRDA:85,6,0,0
BRDA:85,6,1,0
BRDA:85,7,0,0
BRDA:85,7,1,0
BRDA:98,8,0,0
BRDA:98,8,1,0
BRDA:103,9,0,0
BRDA:103,9,1,0
BRF:21
BRH:0
end_of_record
TN:
SF:/var/www/sites/all/modules/custom/odp_react_forms/spa/app/utils/formBuilder/formComponents/Input.js
FNF:0
FNH:0
DA:1,0
DA:3,0
DA:4,0
DA:7,0
DA:8,0
DA:9,0
DA:10,0
DA:26,0
LF:8
LH:0
BRDA:12,0,0,0
BRDA:12,0,1,0
BRF:2
BRH:0
end_of_record
TN:
SF:/var/www/sites/all/modules/custom/odp_react_forms/spa/app/utils/formBuilder/formComponents/InputNumber.js
FNF:0
FNH:0
DA:1,0
DA:3,0
DA:4,0
DA:7,0
DA:8,0
DA:9,0
DA:10,0
DA:26,0
LF:8
LH:0
BRDA:12,0,0,0
BRDA:12,0,1,0
BRF:2
BRH:0
end_of_record
TN:
SF:/var/www/sites/all/modules/custom/odp_react_forms/spa/app/utils/formBuilder/formComponents/Label.js
FNF:0
FNH:0
DA:1,0
DA:3,0
DA:6,0
DA:7,0
DA:8,0
DA:9,0
DA:10,0
DA:29,0
LF:8
LH:0
BRDA:8,0,0,0
BRDA:8,0,1,0
BRDA:9,1,0,0
BRDA:9,1,1,0
BRDA:13,2,0,0
BRDA:13,2,1,0
BRDA:19,3,0,0
BRDA:19,3,1,0
BRF:8
BRH:0
end_of_record
TN:
SF:/var/www/sites/all/modules/custom/odp_react_forms/spa/app/utils/formBuilder/formComponents/MultiValueField.js
FN:10,MultiValueField
FN:19,(anonymous_10)
FN:27,(anonymous_11)
FN:41,(anonymous_12)
FN:62,(anonymous_13)
FN:63,(anonymous_14)
FN:66,(anonymous_15)
FN:107,(anonymous_18)
FN:151,mapStateToProps
FNF:9
FNH:0
FNDA:0,MultiValueField
FNDA:0,(anonymous_10)
FNDA:0,(anonymous_11)
FNDA:0,(anonymous_12)
FNDA:0,(anonymous_13)
FNDA:0,(anonymous_14)
FNDA:0,(anonymous_15)
FNDA:0,(anonymous_18)
FNDA:0,mapStateToProps
DA:1,0
DA:2,0
DA:3,0
DA:4,0
DA:5,0
DA:6,0
DA:7,0
DA:10,0
DA:13,0
DA:20,0
DA:21,0
DA:23,0
DA:24,0
DA:26,0
DA:27,0
DA:28,0
DA:29,0
DA:30,0
DA:32,0
DA:36,0
DA:38,0
DA:42,0
DA:43,0
DA:46,0
DA:47,0
DA:48,0
DA:49,0
DA:53,0
DA:54,0
DA:57,0
DA:59,0
DA:63,0
DA:64,0
DA:66,0
DA:67,0
DA:68,0
DA:69,0
DA:71,0
DA:73,0
DA:76,0
DA:80,0
DA:85,0
DA:86,0
DA:87,0
DA:89,0
DA:95,0
DA:96,0
DA:98,0
DA:100,0
DA:103,0
DA:104,0
DA:105,0
DA:106,0
DA:107,0
DA:108,0
DA:109,0
DA:110,0
DA:112,0
DA:115,0
DA:119,0
DA:120,0
DA:121,0
DA:122,0
DA:125,0
DA:130,0
DA:131,0
DA:132,0
DA:141,0
DA:152,0
DA:158,0
LF:70
LH:0
BRDA:10,0,0,0
BRDA:10,0,1,0
BRDA:26,1,0,0
BRDA:26,1,1,0
BRDA:29,2,0,0
BRDA:29,2,1,0
BRDA:48,3,0,0
BRDA:48,3,1,0
BRDA:53,4,0,0
BRDA:53,4,1,0
BRDA:63,5,0,0
BRDA:63,5,1,0
BRDA:68,6,0,0
BRDA:68,6,1,0
BRDA:98,7,0,0
BRDA:98,7,1,0
BRDA:104,8,0,0
BRDA:104,8,1,0
BRDA:107,9,0,0
BRDA:107,9,1,0
BRDA:109,10,0,0
BRDA:109,10,1,0
BRDA:119,11,0,0
BRDA:119,11,1,0
BRF:24
BRH:0
end_of_record
TN:
SF:/var/www/sites/all/modules/custom/odp_react_forms/spa/app/utils/formBuilder/formComponents/RadioButtons.js
FN:16,(anonymous_11)
FNF:1
FNH:0
FNDA:0,(anonymous_11)
DA:1,0
DA:3,0
DA:4,0
DA:6,0
DA:9,0
DA:10,0
DA:11,0
DA:12,0
DA:14,0
DA:16,0
DA:20,0
DA:31,0
LF:12
LH:0
BRDA:14,0,0,0
BRDA:14,0,1,0
BRDA:14,1,0,0
BRDA:14,1,1,0
BRF:4
BRH:0
end_of_record
TN:
SF:/var/www/sites/all/modules/custom/odp_react_forms/spa/app/utils/formBuilder/formComponents/RadioSwitcher.js
FN:14,(anonymous_10)
FNF:1
FNH:0
FNDA:0,(anonymous_10)
DA:1,0
DA:3,0
DA:4,0
DA:6,0
DA:7,0
DA:10,0
DA:11,0
DA:12,0
DA:14,0
DA:18,0
DA:30,0
LF:11
LH:0
BRF:0
BRH:0
end_of_record
TN:
SF:/var/www/sites/all/modules/custom/odp_react_forms/spa/app/utils/formBuilder/formComponents/Select.js
FN:11,(anonymous_10)
FNF:1
FNH:0
FNDA:0,(anonymous_10)
DA:1,0
DA:3,0
DA:4,0
DA:11,0
DA:12,0
DA:13,0
DA:14,0
DA:19,0
DA:23,0
DA:28,0
DA:29,0
DA:30,0
DA:31,0
DA:33,0
DA:51,0
LF:15
LH:0
BRDA:11,0,0,0
BRDA:11,0,1,0
BRDA:13,1,0,0
BRDA:13,1,1,0
BRDA:35,2,0,0
BRDA:35,2,1,0
BRF:6
BRH:0
end_of_record
TN:
SF:/var/www/sites/all/modules/custom/odp_react_forms/spa/app/utils/formBuilder/formComponents/SizedInput.js
FNF:0
FNH:0
DA:1,0
DA:3,0
DA:4,0
DA:7,0
DA:8,0
DA:9,0
DA:10,0
DA:11,0
DA:13,0
DA:30,0
LF:10
LH:0
BRDA:11,0,0,0
BRDA:11,0,1,0
BRDA:11,1,0,0
BRDA:11,1,1,0
BRDA:15,2,0,0
BRDA:15,2,1,0
BRF:6
BRH:0
end_of_record
TN:
SF:/var/www/sites/all/modules/custom/odp_react_forms/spa/app/utils/formBuilder/formComponents/SortableMultiField.js
FN:8,(anonymous_7)
FN:28,(anonymous_8)
FN:31,(anonymous_9)
FNF:3
FNH:0
FNDA:0,(anonymous_7)
FNDA:0,(anonymous_8)
FNDA:0,(anonymous_9)
DA:1,0
DA:2,0
DA:3,0
DA:4,0
DA:6,0
DA:8,0
DA:9,0
DA:10,0
DA:11,0
DA:28,0
DA:29,0
DA:31,0
DA:52,0
DA:53,0
DA:56,0
DA:57,0
DA:58,0
DA:73,0
LF:18
LH:0
BRDA:9,0,0,0
BRDA:9,0,1,0
BRF:2
BRH:0
end_of_record
TN:
SF:/var/www/sites/all/modules/custom/odp_react_forms/spa/app/utils/formBuilder/formComponents/TextArea.js
FNF:0
FNH:0
DA:1,0
DA:3,0
DA:4,0
DA:6,0
DA:8,0
DA:9,0
DA:10,0
DA:11,0
DA:28,0
LF:9
LH:0
BRDA:13,0,0,0
BRDA:13,0,1,0
BRF:2
BRH:0
end_of_record
